<testsuites id="" name="" tests="21" failures="6" skipped="3" errors="0" time="780.720324">
<testsuite name="commandPalette.headless.spec.ts" timestamp="2026-01-12T22:23:58.754Z" hostname="desktop-electron" tests="3" failures="1" skipped="1" time="70.647" errors="0">
<testcase name="Command Palette › should open command palette with F1" classname="commandPalette.headless.spec.ts" time="16.9">
<system-out>
<![CDATA[[Electron Console Error] %c  ERR color: #f33 Canceled: Canceled
    at new Dkn (vscode-file://vscode-app/Users/runner/work/salesforcedx-vscode/salesforcedx-vscode/packages/playwright-vscode-ext/.vscode-test/vscode-darwin-arm64-1.108.0/Visual%20Studio%20Code.app/Contents/Resources/app/out/vs/workbench/workbench.desktop.main.js:3912:36350)
    at FPt.U (vscode-file://vscode-app/Users/runner/work/salesforcedx-vscode/salesforcedx-vscode/packages/playwright-vscode-ext/.vscode-test/vscode-darwin-arm64-1.108.0/Visual%20Studio%20Code.app/Contents/Resources/app/out/vs/workbench/workbench.desktop.main.js:3912:41002)
    at n.<computed>.o.charCodeAt.n.<computed> (vscode-file://vscode-app/Users/runner/work/salesforcedx-vscode/salesforcedx-vscode/packages/playwright-vscode-ext/.vscode-test/vscode-darwin-arm64-1.108.0/Visual%20Studio%20Code.app/Contents/Resources/app/out/vs/workbench/workbench.desktop.main.js:3912:38487)
    at Sli.getSessions (vscode-file://vscode-app/Users/runner/work/salesforcedx-vscode/salesforcedx-vscode/packages/playwright-vscode-ext/.vscode-test/vscode-darwin-arm64-1.108.0/Visual%20Studio%20Code.app/Contents/Resources/app/out/vs/workbench/workbench.desktop.main.js:607:74266)
    at oJe.getSessions (vscode-file://vscode-app/Users/runner/work/salesforcedx-vscode/salesforcedx-vscode/packages/playwright-vscode-ext/.vscode-test/vscode-darwin-arm64-1.108.0/Visual%20Studio%20Code.app/Contents/Resources/app/out/vs/workbench/workbench.desktop.main.js:607:71264)
    at oJe.getAccounts (vscode-file://vscode-app/Users/runner/work/salesforcedx-vscode/salesforcedx-vscode/packages/playwright-vscode-ext/.vscode-test/vscode-darwin-arm64-1.108.0/Visual%20Studio%20Code.app/Contents/Resources/app/out/vs/workbench/workbench.desktop.main.js:607:70561)
    at sJe.j (vscode-file://vscode-app/Users/runner/work/salesforcedx-vscode/salesforcedx-vscode/packages/playwright-vscode-ext/.vscode-test/vscode-darwin-arm64-1.108.0/Visual%20Studio%20Code.app/Contents/Resources/app/out/vs/workbench/workbench.desktop.main.js:607:64998)
    at vscode-file://vscode-app/Users/runner/work/salesforcedx-vscode/salesforcedx-vscode/packages/playwright-vscode-ext/.vscode-test/vscode-darwin-arm64-1.108.0/Visual%20Studio%20Code.app/Contents/Resources/app/out/vs/workbench/workbench.desktop.main.js:607:64359
    at Array.map (<anonymous>)
    at Object.factory (vscode-file://vscode-app/Users/runner/work/salesforcedx-vscode/salesforcedx-vscode/packages/playwright-vscode-ext/.vscode-test/vscode-darwin-arm64-1.108.0/Visual%20Studio%20Code.app/Contents/Resources/app/out/vs/workbench/workbench.desktop.main.js:607:64347)
  at vscode-file://vscode-app/Users/runner/work/salesforcedx-vscode/salesforcedx-vscode/packages/playwright-vscode-ext/.vscode-test/vscode-darwin-arm64-1.108.0/Visual%20Studio%20Code.app/Contents/Resources/app/out/vs/workbench/workbench.desktop.main.js:37
[Electron Console Error] %c  ERR color: #f33 Canceled: Canceled
    at new Dkn (vscode-file://vscode-app/Users/runner/work/salesforcedx-vscode/salesforcedx-vscode/packages/playwright-vscode-ext/.vscode-test/vscode-darwin-arm64-1.108.0/Visual%20Studio%20Code.app/Contents/Resources/app/out/vs/workbench/workbench.desktop.main.js:3912:36350)
    at FPt.U (vscode-file://vscode-app/Users/runner/work/salesforcedx-vscode/salesforcedx-vscode/packages/playwright-vscode-ext/.vscode-test/vscode-darwin-arm64-1.108.0/Visual%20Studio%20Code.app/Contents/Resources/app/out/vs/workbench/workbench.desktop.main.js:3912:41002)
    at n.<computed>.o.charCodeAt.n.<computed> (vscode-file://vscode-app/Users/runner/work/salesforcedx-vscode/salesforcedx-vscode/packages/playwright-vscode-ext/.vscode-test/vscode-darwin-arm64-1.108.0/Visual%20Studio%20Code.app/Contents/Resources/app/out/vs/workbench/workbench.desktop.main.js:3912:38487)
    at Sli.getSessions (vscode-file://vscode-app/Users/runner/work/salesforcedx-vscode/salesforcedx-vscode/packages/playwright-vscode-ext/.vscode-test/vscode-darwin-arm64-1.108.0/Visual%20Studio%20Code.app/Contents/Resources/app/out/vs/workbench/workbench.desktop.main.js:607:74266)
    at oJe.getSessions (vscode-file://vscode-app/Users/runner/work/salesforcedx-vscode/salesforcedx-vscode/packages/playwright-vscode-ext/.vscode-test/vscode-darwin-arm64-1.108.0/Visual%20Studio%20Code.app/Contents/Resources/app/out/vs/workbench/workbench.desktop.main.js:607:71264)
    at oJe.getAccounts (vscode-file://vscode-app/Users/runner/work/salesforcedx-vscode/salesforcedx-vscode/packages/playwright-vscode-ext/.vscode-test/vscode-darwin-arm64-1.108.0/Visual%20Studio%20Code.app/Contents/Resources/app/out/vs/workbench/workbench.desktop.main.js:607:70561)
    at sJe.j (vscode-file://vscode-app/Users/runner/work/salesforcedx-vscode/salesforcedx-vscode/packages/playwright-vscode-ext/.vscode-test/vscode-darwin-arm64-1.108.0/Visual%20Studio%20Code.app/Contents/Resources/app/out/vs/workbench/workbench.desktop.main.js:607:64998)
    at vscode-file://vscode-app/Users/runner/work/salesforcedx-vscode/salesforcedx-vscode/packages/playwright-vscode-ext/.vscode-test/vscode-darwin-arm64-1.108.0/Visual%20Studio%20Code.app/Contents/Resources/app/out/vs/workbench/workbench.desktop.main.js:607:64359
    at Array.map (<anonymous>)
    at Object.factory (vscode-file://vscode-app/Users/runner/work/salesforcedx-vscode/salesforcedx-vscode/packages/playwright-vscode-ext/.vscode-test/vscode-darwin-arm64-1.108.0/Visual%20Studio%20Code.app/Contents/Resources/app/out/vs/workbench/workbench.desktop.main.js:607:64347)
  at vscode-file://vscode-app/Users/runner/work/salesforcedx-vscode/salesforcedx-vscode/packages/playwright-vscode-ext/.vscode-test/vscode-darwin-arm64-1.108.0/Visual%20Studio%20Code.app/Contents/Resources/app/out/vs/workbench/workbench.desktop.main.js:37
[Electron Console Error] %c  ERR color: #f33 Throttler is disposed: Error: Throttler is disposed
    at wm.queue (vscode-file://vscode-app/Users/runner/work/salesforcedx-vscode/salesforcedx-vscode/packages/playwright-vscode-ext/.vscode-test/vscode-darwin-arm64-1.108.0/Visual%20Studio%20Code.app/Contents/Resources/app/out/vs/workbench/workbench.desktop.main.js:30:72772)
    at vscode-file://vscode-app/Users/runner/work/salesforcedx-vscode/salesforcedx-vscode/packages/playwright-vscode-ext/.vscode-test/vscode-darwin-arm64-1.108.0/Visual%20Studio%20Code.app/Contents/Resources/app/out/vs/workbench/workbench.desktop.main.js:30:74420
    at vscode-file://vscode-app/Users/runner/work/salesforcedx-vscode/salesforcedx-vscode/packages/playwright-vscode-ext/.vscode-test/vscode-darwin-arm64-1.108.0/Visual%20Studio%20Code.app/Contents/Resources/app/out/vs/workbench/workbench.desktop.main.js:30:74065
  at vscode-file://vscode-app/Users/runner/work/salesforcedx-vscode/salesforcedx-vscode/packages/playwright-vscode-ext/.vscode-test/vscode-darwin-arm64-1.108.0/Visual%20Studio%20Code.app/Contents/Resources/app/out/vs/workbench/workbench.desktop.main.js:37

[[ATTACHMENT|commandPalette.headless-Co-0aa59-pen-command-palette-with-F1-desktop-electron/test-finished-1.png]]

[[ATTACHMENT|commandPalette.headless-Co-0aa59-pen-command-palette-with-F1-desktop-electron/trace.zip]]
]]>
</system-out>
<system-err>
<![CDATA[- Resolving version...
[32m✔[39m Validated version: 1.108.0
- Found at https://update.code.visualstudio.com/1.108.0/darwin-arm64/stable?released=true
[32m✔[39m Found at https://update.code.visualstudio.com/1.108.0/darwin-arm64/stable?released=true
- Downloading (149.91 MB)
[32m✔[39m Downloaded VS Code into /Users/runner/work/salesforcedx-vscode/salesforcedx-vscode/packages/playwright-vscode-ext/.vscode-test/vscode-darwin-arm64-1.108.0
]]>
</system-err>
</testcase>
<testcase name="Command Palette › should execute command via command palette" classname="commandPalette.headless.spec.ts" time="47.915">
<failure message="commandPalette.headless.spec.ts:32:7 should execute command via command palette" type="FAILURE">
<![CDATA[  [desktop-electron] › commandPalette.headless.spec.ts:32:7 › Command Palette › should execute command via command palette › Execute "View: Close All Editors" command 

    Error: expect(locator).toHaveCount(expected) failed

    Locator:  locator('.tabs-container .tab')
    Expected: 0
    Received: 1
    Timeout:  10000ms

    Call log:
      - Expect "toHaveCount" with timeout 10000ms
      - waiting for locator('.tabs-container .tab')
        14 × locator resolved to 1 element
           - unexpected value "1"


      35 |       // Wait for tabs to close - command execution may take a moment
      36 |       const tabs = page.locator('.tabs-container .tab');
    > 37 |       await expect(tabs).toHaveCount(0, { timeout: 10_000 });
         |                          ^
      38 |     });
      39 |   });
      40 |
        at /Users/runner/work/salesforcedx-vscode/salesforcedx-vscode/packages/playwright-vscode-ext/test/playwright/specs/commandPalette.headless.spec.ts:37:26
        at /Users/runner/work/salesforcedx-vscode/salesforcedx-vscode/packages/playwright-vscode-ext/test/playwright/specs/commandPalette.headless.spec.ts:33:5

    attachment #1: screenshot (image/png) ──────────────────────────────────────────────────────────
    ../../../test-results/commandPalette.headless-Co-16549-command-via-command-palette-desktop-electron/test-failed-1.png
    ────────────────────────────────────────────────────────────────────────────────────────────────

    Error Context: ../../../test-results/commandPalette.headless-Co-16549-command-via-command-palette-desktop-electron/error-context.md

    attachment #3: trace (application/zip) ─────────────────────────────────────────────────────────
    ../../../test-results/commandPalette.headless-Co-16549-command-via-command-palette-desktop-electron/trace.zip
    Usage:

        npx playwright show-trace ../../../test-results/commandPalette.headless-Co-16549-command-via-command-palette-desktop-electron/trace.zip

    ────────────────────────────────────────────────────────────────────────────────────────────────

    Retry #1 ───────────────────────────────────────────────────────────────────────────────────────

    Error: expect(locator).toBeVisible() failed

    Locator:  locator('.quick-input-widget').locator('input.input')
    Expected: visible
    Received: hidden
    Timeout:  5000ms

    Call log:
      - Expect "toBeVisible" with timeout 5000ms
      - waiting for locator('.quick-input-widget').locator('input.input')
        9 × locator resolved to <input wrap="off" type="text" class="input" role="textbox" autocorrect="off" spellcheck="false" autocapitalize="off" aria-haspopup="menu" aria-autocomplete="list" aria-controls="quickInput_list" aria-activedescendant="list_id_5_0" aria-describedby="quickInput_message" aria-label="Type the name of a command to run." placeholder="Type the name of a command to run."/>
          - unexpected value "hidden"


       at ../../../src/pages/commands.ts:42

      40 |   await widget.waitFor({ state: 'visible', timeout: 5000 });
      41 |   await input.waitFor({ state: 'attached', timeout: 5000 });
    > 42 |   await expect(input).toBeVisible({ timeout: 5000 });
         |                       ^
      43 |   await input.pressSequentially(command, { delay: 5 });
      44 |
      45 |   // Wait for the command list to populate after typing - wait for at least one row to exist in DOM
        at executeCommand (/Users/runner/work/salesforcedx-vscode/salesforcedx-vscode/packages/playwright-vscode-ext/src/pages/commands.ts:42:23)
        at executeCommandWithCommandPalette (/Users/runner/work/salesforcedx-vscode/salesforcedx-vscode/packages/playwright-vscode-ext/src/pages/commands.ts:93:3)
        at /Users/runner/work/salesforcedx-vscode/salesforcedx-vscode/packages/playwright-vscode-ext/test/playwright/specs/commandPalette.headless.spec.ts:34:7
        at /Users/runner/work/salesforcedx-vscode/salesforcedx-vscode/packages/playwright-vscode-ext/test/playwright/specs/commandPalette.headless.spec.ts:33:5

    attachment #1: screenshot (image/png) ──────────────────────────────────────────────────────────
    ../../../test-results/commandPalette.headless-Co-16549-command-via-command-palette-desktop-electron-retry1/test-failed-1.png
    ────────────────────────────────────────────────────────────────────────────────────────────────

    Error Context: ../../../test-results/commandPalette.headless-Co-16549-command-via-command-palette-desktop-electron-retry1/error-context.md

    attachment #3: trace (application/zip) ─────────────────────────────────────────────────────────
    ../../../test-results/commandPalette.headless-Co-16549-command-via-command-palette-desktop-electron-retry1/trace.zip
    Usage:

        npx playwright show-trace ../../../test-results/commandPalette.headless-Co-16549-command-via-command-palette-desktop-electron-retry1/trace.zip

    ────────────────────────────────────────────────────────────────────────────────────────────────

    Retry #2 ───────────────────────────────────────────────────────────────────────────────────────

    Error: expect(locator).toHaveCount(expected) failed

    Locator:  locator('.tabs-container .tab')
    Expected: 0
    Received: 1
    Timeout:  10000ms

    Call log:
      - Expect "toHaveCount" with timeout 10000ms
      - waiting for locator('.tabs-container .tab')
        14 × locator resolved to 1 element
           - unexpected value "1"


      35 |       // Wait for tabs to close - command execution may take a moment
      36 |       const tabs = page.locator('.tabs-container .tab');
    > 37 |       await expect(tabs).toHaveCount(0, { timeout: 10_000 });
         |                          ^
      38 |     });
      39 |   });
      40 |
        at /Users/runner/work/salesforcedx-vscode/salesforcedx-vscode/packages/playwright-vscode-ext/test/playwright/specs/commandPalette.headless.spec.ts:37:26
        at /Users/runner/work/salesforcedx-vscode/salesforcedx-vscode/packages/playwright-vscode-ext/test/playwright/specs/commandPalette.headless.spec.ts:33:5

    attachment #1: screenshot (image/png) ──────────────────────────────────────────────────────────
    ../../../test-results/commandPalette.headless-Co-16549-command-via-command-palette-desktop-electron-retry2/test-failed-1.png
    ────────────────────────────────────────────────────────────────────────────────────────────────

    Error Context: ../../../test-results/commandPalette.headless-Co-16549-command-via-command-palette-desktop-electron-retry2/error-context.md

    attachment #3: trace (application/zip) ─────────────────────────────────────────────────────────
    ../../../test-results/commandPalette.headless-Co-16549-command-via-command-palette-desktop-electron-retry2/trace.zip
    Usage:

        npx playwright show-trace ../../../test-results/commandPalette.headless-Co-16549-command-via-command-palette-desktop-electron-retry2/trace.zip

    ────────────────────────────────────────────────────────────────────────────────────────────────
]]>
</failure>
<system-out>
<![CDATA[
[[ATTACHMENT|commandPalette.headless-Co-16549-command-via-command-palette-desktop-electron/test-failed-1.png]]

[[ATTACHMENT|commandPalette.headless-Co-16549-command-via-command-palette-desktop-electron/error-context.md]]

[[ATTACHMENT|commandPalette.headless-Co-16549-command-via-command-palette-desktop-electron/trace.zip]]

[[ATTACHMENT|commandPalette.headless-Co-16549-command-via-command-palette-desktop-electron-retry1/test-failed-1.png]]

[[ATTACHMENT|commandPalette.headless-Co-16549-command-via-command-palette-desktop-electron-retry1/error-context.md]]

[[ATTACHMENT|commandPalette.headless-Co-16549-command-via-command-palette-desktop-electron-retry1/trace.zip]]

[[ATTACHMENT|commandPalette.headless-Co-16549-command-via-command-palette-desktop-electron-retry2/test-failed-1.png]]

[[ATTACHMENT|commandPalette.headless-Co-16549-command-via-command-palette-desktop-electron-retry2/error-context.md]]

[[ATTACHMENT|commandPalette.headless-Co-16549-command-via-command-palette-desktop-electron-retry2/trace.zip]]
]]>
</system-out>
<system-err>
<![CDATA[- Resolving version...
[32m✔[39m Validated version: 1.108.0
[32m✔[39m Found existing install in /Users/runner/work/salesforcedx-vscode/salesforcedx-vscode/packages/playwright-vscode-ext/.vscode-test/vscode-darwin-arm64-1.108.0
- Resolving version...
[32m✔[39m Validated version: 1.108.0
[32m✔[39m Found existing install in /Users/runner/work/salesforcedx-vscode/salesforcedx-vscode/packages/playwright-vscode-ext/.vscode-test/vscode-darwin-arm64-1.108.0
]]>
</system-err>
</testcase>
<testcase name="Command Palette › should support command palette with Ctrl+Shift+P" classname="commandPalette.headless.spec.ts" time="5.832">
<properties>
<property name="skip" value="Ctrl+Shift+P keyboard shortcut unreliable on Mac desktop Electron">
</property>
</properties>
<skipped>
</skipped>
</testcase>
</testsuite>
<testsuite name="contextMenu.headless.spec.ts" timestamp="2026-01-12T22:23:58.754Z" hostname="desktop-electron" tests="2" failures="0" skipped="2" time="7.857" errors="0">
<testcase name="Context Menu › should execute editor context menu command" classname="contextMenu.headless.spec.ts" time="3.881">
<properties>
<property name="skip" value="Context menus not supported on Mac desktop">
</property>
</properties>
<skipped>
</skipped>
</testcase>
<testcase name="Context Menu › should execute explorer context menu command" classname="contextMenu.headless.spec.ts" time="3.976">
<properties>
<property name="skip" value="Context menus not supported on Mac desktop">
</property>
</properties>
<skipped>
</skipped>
</testcase>
</testsuite>
<testsuite name="fileOperations.headless.spec.ts" timestamp="2026-01-12T22:23:58.754Z" hostname="desktop-electron" tests="4" failures="2" skipped="0" time="386.143" errors="0">
<testcase name="File Operations › should create file with contents" classname="fileOperations.headless.spec.ts" time="88.648">
<failure message="fileOperations.headless.spec.ts:20:7 should create file with contents" type="FAILURE">
<![CDATA[  [desktop-electron] › fileOperations.headless.spec.ts:20:7 › File Operations › should create file with contents › Create new untitled file test-file.txt with content 

    Error: expect(locator).toBeVisible() failed

    Locator:  locator('.quick-input-widget').locator('input.input')
    Expected: visible
    Received: hidden
    Timeout:  5000ms

    Call log:
      - Expect "toBeVisible" with timeout 5000ms
      - waiting for locator('.quick-input-widget').locator('input.input')
        9 × locator resolved to <input wrap="off" type="text" class="input" role="textbox" autocorrect="off" spellcheck="false" autocapitalize="off" aria-haspopup="menu" aria-autocomplete="list" aria-controls="quickInput_list" aria-activedescendant="list_id_5_0" aria-describedby="quickInput_message" aria-label="Type the name of a command to run." placeholder="Type the name of a command to run."/>
          - unexpected value "hidden"


       at ../../../src/pages/commands.ts:42

      40 |   await widget.waitFor({ state: 'visible', timeout: 5000 });
      41 |   await input.waitFor({ state: 'attached', timeout: 5000 });
    > 42 |   await expect(input).toBeVisible({ timeout: 5000 });
         |                       ^
      43 |   await input.pressSequentially(command, { delay: 5 });
      44 |
      45 |   // Wait for the command list to populate after typing - wait for at least one row to exist in DOM
        at executeCommand (/Users/runner/work/salesforcedx-vscode/salesforcedx-vscode/packages/playwright-vscode-ext/src/pages/commands.ts:42:23)
        at executeCommandWithCommandPalette (/Users/runner/work/salesforcedx-vscode/salesforcedx-vscode/packages/playwright-vscode-ext/src/pages/commands.ts:93:3)
        at createFileWithContents (/Users/runner/work/salesforcedx-vscode/salesforcedx-vscode/packages/playwright-vscode-ext/src/utils/fileHelpers.ts:18:3)
        at /Users/runner/work/salesforcedx-vscode/salesforcedx-vscode/packages/playwright-vscode-ext/test/playwright/specs/fileOperations.headless.spec.ts:25:7
        at /Users/runner/work/salesforcedx-vscode/salesforcedx-vscode/packages/playwright-vscode-ext/test/playwright/specs/fileOperations.headless.spec.ts:24:5

    attachment #1: screenshot (image/png) ──────────────────────────────────────────────────────────
    ../../../test-results/fileOperations.headless-Fi-c1f34-d-create-file-with-contents-desktop-electron/test-failed-1.png
    ────────────────────────────────────────────────────────────────────────────────────────────────

    Error Context: ../../../test-results/fileOperations.headless-Fi-c1f34-d-create-file-with-contents-desktop-electron/error-context.md

    attachment #3: trace (application/zip) ─────────────────────────────────────────────────────────
    ../../../test-results/fileOperations.headless-Fi-c1f34-d-create-file-with-contents-desktop-electron/trace.zip
    Usage:

        npx playwright show-trace ../../../test-results/fileOperations.headless-Fi-c1f34-d-create-file-with-contents-desktop-electron/trace.zip

    ────────────────────────────────────────────────────────────────────────────────────────────────

    Retry #1 ───────────────────────────────────────────────────────────────────────────────────────

    TimeoutError: locator.click: Timeout 30000ms exceeded.
    Call log:
      - waiting for locator('.monaco-editor[data-uri]').first()
        - locator resolved to <div role="code" data-uri="chatSessionInput:input-0" class="monaco-editor no-user-select mac  showUnused showDeprecated vs-dark">…</div>
      - attempting click action
        2 × waiting for element to be visible, enabled and stable
          - element is visible, enabled and stable
          - scrolling into view if needed
          - done scrolling
          - <div custom-hover="true" class="notification-list-item-message">…</div> from <div class="notifications-toasts visible">…</div> subtree intercepts pointer events
        - retrying click action
        - waiting 20ms
        2 × waiting for element to be visible, enabled and stable
          - element is visible, enabled and stable
          - scrolling into view if needed
          - done scrolling
          - <div custom-hover="true" class="notification-list-item-message">…</div> from <div class="notifications-toasts visible">…</div> subtree intercepts pointer events
        - retrying click action
          - waiting 100ms
        49 × waiting for element to be visible, enabled and stable
           - element is visible, enabled and stable
           - scrolling into view if needed
           - done scrolling
           - <div custom-hover="true" class="notification-list-item-message">…</div> from <div class="notifications-toasts visible">…</div> subtree intercepts pointer events
         - retrying click action
           - waiting 500ms


       at ../../../src/utils/fileHelpers.ts:23

      21 |   const editor = page.locator(EDITOR_WITH_URI).first();
      22 |   await editor.waitFor({ state: 'visible', timeout: 10_000 });
    > 23 |   await editor.click();
         |                ^
      24 |
      25 |   // Type the file contents
      26 |   await page.keyboard.type(contents);
        at createFileWithContents (/Users/runner/work/salesforcedx-vscode/salesforcedx-vscode/packages/playwright-vscode-ext/src/utils/fileHelpers.ts:23:16)
        at /Users/runner/work/salesforcedx-vscode/salesforcedx-vscode/packages/playwright-vscode-ext/test/playwright/specs/fileOperations.headless.spec.ts:25:7
        at /Users/runner/work/salesforcedx-vscode/salesforcedx-vscode/packages/playwright-vscode-ext/test/playwright/specs/fileOperations.headless.spec.ts:24:5

    attachment #1: screenshot (image/png) ──────────────────────────────────────────────────────────
    ../../../test-results/fileOperations.headless-Fi-c1f34-d-create-file-with-contents-desktop-electron-retry1/test-failed-1.png
    ────────────────────────────────────────────────────────────────────────────────────────────────

    Error Context: ../../../test-results/fileOperations.headless-Fi-c1f34-d-create-file-with-contents-desktop-electron-retry1/error-context.md

    attachment #3: trace (application/zip) ─────────────────────────────────────────────────────────
    ../../../test-results/fileOperations.headless-Fi-c1f34-d-create-file-with-contents-desktop-electron-retry1/trace.zip
    Usage:

        npx playwright show-trace ../../../test-results/fileOperations.headless-Fi-c1f34-d-create-file-with-contents-desktop-electron-retry1/trace.zip

    ────────────────────────────────────────────────────────────────────────────────────────────────

    Retry #2 ───────────────────────────────────────────────────────────────────────────────────────

    TimeoutError: locator.click: Timeout 30000ms exceeded.
    Call log:
      - waiting for locator('.monaco-editor[data-uri]').first()
        - locator resolved to <div role="code" data-uri="chatSessionInput:input-0" class="monaco-editor no-user-select mac  showUnused showDeprecated vs-dark">…</div>
      - attempting click action
        2 × waiting for element to be visible, enabled and stable
          - element is visible, enabled and stable
          - scrolling into view if needed
          - done scrolling
          - <div custom-hover="true" class="notification-list-item-message">…</div> from <div class="notifications-toasts visible">…</div> subtree intercepts pointer events
        - retrying click action
        - waiting 20ms
        2 × waiting for element to be visible, enabled and stable
          - element is visible, enabled and stable
          - scrolling into view if needed
          - done scrolling
          - <div custom-hover="true" class="notification-list-item-message">…</div> from <div class="notifications-toasts visible">…</div> subtree intercepts pointer events
        - retrying click action
          - waiting 100ms
        50 × waiting for element to be visible, enabled and stable
           - element is visible, enabled and stable
           - scrolling into view if needed
           - done scrolling
           - <div custom-hover="true" class="notification-list-item-message">…</div> from <div class="notifications-toasts visible">…</div> subtree intercepts pointer events
         - retrying click action
           - waiting 500ms


       at ../../../src/utils/fileHelpers.ts:23

      21 |   const editor = page.locator(EDITOR_WITH_URI).first();
      22 |   await editor.waitFor({ state: 'visible', timeout: 10_000 });
    > 23 |   await editor.click();
         |                ^
      24 |
      25 |   // Type the file contents
      26 |   await page.keyboard.type(contents);
        at createFileWithContents (/Users/runner/work/salesforcedx-vscode/salesforcedx-vscode/packages/playwright-vscode-ext/src/utils/fileHelpers.ts:23:16)
        at /Users/runner/work/salesforcedx-vscode/salesforcedx-vscode/packages/playwright-vscode-ext/test/playwright/specs/fileOperations.headless.spec.ts:25:7
        at /Users/runner/work/salesforcedx-vscode/salesforcedx-vscode/packages/playwright-vscode-ext/test/playwright/specs/fileOperations.headless.spec.ts:24:5

    attachment #1: screenshot (image/png) ──────────────────────────────────────────────────────────
    ../../../test-results/fileOperations.headless-Fi-c1f34-d-create-file-with-contents-desktop-electron-retry2/test-failed-1.png
    ────────────────────────────────────────────────────────────────────────────────────────────────

    Error Context: ../../../test-results/fileOperations.headless-Fi-c1f34-d-create-file-with-contents-desktop-electron-retry2/error-context.md

    attachment #3: trace (application/zip) ─────────────────────────────────────────────────────────
    ../../../test-results/fileOperations.headless-Fi-c1f34-d-create-file-with-contents-desktop-electron-retry2/trace.zip
    Usage:

        npx playwright show-trace ../../../test-results/fileOperations.headless-Fi-c1f34-d-create-file-with-contents-desktop-electron-retry2/trace.zip

    ────────────────────────────────────────────────────────────────────────────────────────────────
]]>
</failure>
<system-out>
<![CDATA[
[[ATTACHMENT|fileOperations.headless-Fi-c1f34-d-create-file-with-contents-desktop-electron/test-failed-1.png]]

[[ATTACHMENT|fileOperations.headless-Fi-c1f34-d-create-file-with-contents-desktop-electron/error-context.md]]

[[ATTACHMENT|fileOperations.headless-Fi-c1f34-d-create-file-with-contents-desktop-electron/trace.zip]]

[[ATTACHMENT|fileOperations.headless-Fi-c1f34-d-create-file-with-contents-desktop-electron-retry1/test-failed-1.png]]

[[ATTACHMENT|fileOperations.headless-Fi-c1f34-d-create-file-with-contents-desktop-electron-retry1/error-context.md]]

[[ATTACHMENT|fileOperations.headless-Fi-c1f34-d-create-file-with-contents-desktop-electron-retry1/trace.zip]]

[[ATTACHMENT|fileOperations.headless-Fi-c1f34-d-create-file-with-contents-desktop-electron-retry2/test-failed-1.png]]

[[ATTACHMENT|fileOperations.headless-Fi-c1f34-d-create-file-with-contents-desktop-electron-retry2/error-context.md]]

[[ATTACHMENT|fileOperations.headless-Fi-c1f34-d-create-file-with-contents-desktop-electron-retry2/trace.zip]]
]]>
</system-out>
<system-err>
<![CDATA[- Resolving version...
[32m✔[39m Validated version: 1.108.0
[32m✔[39m Found existing install in /Users/runner/work/salesforcedx-vscode/salesforcedx-vscode/packages/playwright-vscode-ext/.vscode-test/vscode-darwin-arm64-1.108.0
- Resolving version...
[32m✔[39m Validated version: 1.108.0
[32m✔[39m Found existing install in /Users/runner/work/salesforcedx-vscode/salesforcedx-vscode/packages/playwright-vscode-ext/.vscode-test/vscode-darwin-arm64-1.108.0
]]>
</system-err>
</testcase>
<testcase name="File Operations › should switch between multiple files" classname="fileOperations.headless.spec.ts" time="105.672">
<system-out>
<![CDATA[
[[ATTACHMENT|fileOperations.headless-Fi-85b37-itch-between-multiple-files-desktop-electron/test-failed-1.png]]

[[ATTACHMENT|fileOperations.headless-Fi-85b37-itch-between-multiple-files-desktop-electron/error-context.md]]

[[ATTACHMENT|fileOperations.headless-Fi-85b37-itch-between-multiple-files-desktop-electron/trace.zip]]

[[ATTACHMENT|fileOperations.headless-Fi-85b37-itch-between-multiple-files-desktop-electron-retry1/test-failed-1.png]]

[[ATTACHMENT|fileOperations.headless-Fi-85b37-itch-between-multiple-files-desktop-electron-retry1/error-context.md]]

[[ATTACHMENT|fileOperations.headless-Fi-85b37-itch-between-multiple-files-desktop-electron-retry1/trace.zip]]

[[ATTACHMENT|fileOperations.headless-Fi-85b37-itch-between-multiple-files-desktop-electron-retry2/test-finished-1.png]]

[[ATTACHMENT|fileOperations.headless-Fi-85b37-itch-between-multiple-files-desktop-electron-retry2/trace.zip]]
]]>
</system-out>
<system-err>
<![CDATA[- Resolving version...
[32m✔[39m Validated version: 1.108.0
[32m✔[39m Found existing install in /Users/runner/work/salesforcedx-vscode/salesforcedx-vscode/packages/playwright-vscode-ext/.vscode-test/vscode-darwin-arm64-1.108.0
- Resolving version...
[32m✔[39m Validated version: 1.108.0
[32m✔[39m Found existing install in /Users/runner/work/salesforcedx-vscode/salesforcedx-vscode/packages/playwright-vscode-ext/.vscode-test/vscode-darwin-arm64-1.108.0
- Resolving version...
[32m✔[39m Validated version: 1.108.0
[32m✔[39m Found existing install in /Users/runner/work/salesforcedx-vscode/salesforcedx-vscode/packages/playwright-vscode-ext/.vscode-test/vscode-darwin-arm64-1.108.0
]]>
</system-err>
</testcase>
<testcase name="File Operations › should edit open file" classname="fileOperations.headless.spec.ts" time="128.936">
<failure message="fileOperations.headless.spec.ts:71:7 should edit open file" type="FAILURE">
<![CDATA[  [desktop-electron] › fileOperations.headless.spec.ts:71:7 › File Operations › should edit open file › Create and open file editable-file.txt 

    TimeoutError: locator.click: Timeout 30000ms exceeded.
    Call log:
      - waiting for locator('.monaco-editor[data-uri]').first()
        - locator resolved to <div role="code" data-uri="chatSessionInput:input-0" class="monaco-editor no-user-select mac  showUnused showDeprecated vs-dark">…</div>
      - attempting click action
        2 × waiting for element to be visible, enabled and stable
          - element is visible, enabled and stable
          - scrolling into view if needed
          - done scrolling
          - <div custom-hover="true" class="notification-list-item-message">…</div> from <div class="notifications-toasts visible">…</div> subtree intercepts pointer events
        - retrying click action
        - waiting 20ms
        2 × waiting for element to be visible, enabled and stable
          - element is visible, enabled and stable
          - scrolling into view if needed
          - done scrolling
          - <div custom-hover="true" class="notification-list-item-message">…</div> from <div class="notifications-toasts visible">…</div> subtree intercepts pointer events
        - retrying click action
          - waiting 100ms
        49 × waiting for element to be visible, enabled and stable
           - element is visible, enabled and stable
           - scrolling into view if needed
           - done scrolling
           - <div custom-hover="true" class="notification-list-item-message">…</div> from <div class="notifications-toasts visible">…</div> subtree intercepts pointer events
         - retrying click action
           - waiting 500ms


       at ../../../src/utils/fileHelpers.ts:23

      21 |   const editor = page.locator(EDITOR_WITH_URI).first();
      22 |   await editor.waitFor({ state: 'visible', timeout: 10_000 });
    > 23 |   await editor.click();
         |                ^
      24 |
      25 |   // Type the file contents
      26 |   await page.keyboard.type(contents);
        at createFileWithContents (/Users/runner/work/salesforcedx-vscode/salesforcedx-vscode/packages/playwright-vscode-ext/src/utils/fileHelpers.ts:23:16)
        at /Users/runner/work/salesforcedx-vscode/salesforcedx-vscode/packages/playwright-vscode-ext/test/playwright/specs/fileOperations.headless.spec.ts:76:7
        at /Users/runner/work/salesforcedx-vscode/salesforcedx-vscode/packages/playwright-vscode-ext/test/playwright/specs/fileOperations.headless.spec.ts:75:5

    attachment #1: screenshot (image/png) ──────────────────────────────────────────────────────────
    ../../../test-results/fileOperations.headless-Fi-d5982-tions-should-edit-open-file-desktop-electron/test-failed-1.png
    ────────────────────────────────────────────────────────────────────────────────────────────────

    Error Context: ../../../test-results/fileOperations.headless-Fi-d5982-tions-should-edit-open-file-desktop-electron/error-context.md

    attachment #3: trace (application/zip) ─────────────────────────────────────────────────────────
    ../../../test-results/fileOperations.headless-Fi-d5982-tions-should-edit-open-file-desktop-electron/trace.zip
    Usage:

        npx playwright show-trace ../../../test-results/fileOperations.headless-Fi-d5982-tions-should-edit-open-file-desktop-electron/trace.zip

    ────────────────────────────────────────────────────────────────────────────────────────────────

    Retry #1 ───────────────────────────────────────────────────────────────────────────────────────

    TimeoutError: locator.click: Timeout 30000ms exceeded.
    Call log:
      - waiting for locator('.monaco-editor[data-uri]').first()
        - locator resolved to <div role="code" data-uri="chatSessionInput:input-0" class="monaco-editor no-user-select mac  showUnused showDeprecated vs-dark">…</div>
      - attempting click action
        2 × waiting for element to be visible, enabled and stable
          - element is visible, enabled and stable
          - scrolling into view if needed
          - done scrolling
          - <div custom-hover="true" class="notification-list-item-message">…</div> from <div class="notifications-toasts visible">…</div> subtree intercepts pointer events
        - retrying click action
        - waiting 20ms
        2 × waiting for element to be visible, enabled and stable
          - element is visible, enabled and stable
          - scrolling into view if needed
          - done scrolling
          - <div custom-hover="true" class="notification-list-item-message">…</div> from <div class="notifications-toasts visible">…</div> subtree intercepts pointer events
        - retrying click action
          - waiting 100ms
        49 × waiting for element to be visible, enabled and stable
           - element is visible, enabled and stable
           - scrolling into view if needed
           - done scrolling
           - <div custom-hover="true" class="notification-list-item-message">…</div> from <div class="notifications-toasts visible">…</div> subtree intercepts pointer events
         - retrying click action
           - waiting 500ms


       at ../../../src/utils/fileHelpers.ts:23

      21 |   const editor = page.locator(EDITOR_WITH_URI).first();
      22 |   await editor.waitFor({ state: 'visible', timeout: 10_000 });
    > 23 |   await editor.click();
         |                ^
      24 |
      25 |   // Type the file contents
      26 |   await page.keyboard.type(contents);
        at createFileWithContents (/Users/runner/work/salesforcedx-vscode/salesforcedx-vscode/packages/playwright-vscode-ext/src/utils/fileHelpers.ts:23:16)
        at /Users/runner/work/salesforcedx-vscode/salesforcedx-vscode/packages/playwright-vscode-ext/test/playwright/specs/fileOperations.headless.spec.ts:76:7
        at /Users/runner/work/salesforcedx-vscode/salesforcedx-vscode/packages/playwright-vscode-ext/test/playwright/specs/fileOperations.headless.spec.ts:75:5

    attachment #1: screenshot (image/png) ──────────────────────────────────────────────────────────
    ../../../test-results/fileOperations.headless-Fi-d5982-tions-should-edit-open-file-desktop-electron-retry1/test-failed-1.png
    ────────────────────────────────────────────────────────────────────────────────────────────────

    Error Context: ../../../test-results/fileOperations.headless-Fi-d5982-tions-should-edit-open-file-desktop-electron-retry1/error-context.md

    attachment #3: trace (application/zip) ─────────────────────────────────────────────────────────
    ../../../test-results/fileOperations.headless-Fi-d5982-tions-should-edit-open-file-desktop-electron-retry1/trace.zip
    Usage:

        npx playwright show-trace ../../../test-results/fileOperations.headless-Fi-d5982-tions-should-edit-open-file-desktop-electron-retry1/trace.zip

    ────────────────────────────────────────────────────────────────────────────────────────────────

    Retry #2 ───────────────────────────────────────────────────────────────────────────────────────

    TimeoutError: locator.click: Timeout 30000ms exceeded.
    Call log:
      - waiting for locator('.monaco-editor[data-uri]').first()
        - locator resolved to <div role="code" data-uri="chatSessionInput:input-0" class="monaco-editor no-user-select mac  showUnused showDeprecated vs-dark">…</div>
      - attempting click action
        2 × waiting for element to be visible, enabled and stable
          - element is visible, enabled and stable
          - scrolling into view if needed
          - done scrolling
          - <div custom-hover="true" class="notification-list-item-message">…</div> from <div class="notifications-toasts visible">…</div> subtree intercepts pointer events
        - retrying click action
        - waiting 20ms
        2 × waiting for element to be visible, enabled and stable
          - element is visible, enabled and stable
          - scrolling into view if needed
          - done scrolling
          - <div custom-hover="true" class="notification-list-item-message">…</div> from <div class="notifications-toasts visible">…</div> subtree intercepts pointer events
        - retrying click action
          - waiting 100ms
        49 × waiting for element to be visible, enabled and stable
           - element is visible, enabled and stable
           - scrolling into view if needed
           - done scrolling
           - <div custom-hover="true" class="notification-list-item-message">…</div> from <div class="notifications-toasts visible">…</div> subtree intercepts pointer events
         - retrying click action
           - waiting 500ms


       at ../../../src/utils/fileHelpers.ts:23

      21 |   const editor = page.locator(EDITOR_WITH_URI).first();
      22 |   await editor.waitFor({ state: 'visible', timeout: 10_000 });
    > 23 |   await editor.click();
         |                ^
      24 |
      25 |   // Type the file contents
      26 |   await page.keyboard.type(contents);
        at createFileWithContents (/Users/runner/work/salesforcedx-vscode/salesforcedx-vscode/packages/playwright-vscode-ext/src/utils/fileHelpers.ts:23:16)
        at /Users/runner/work/salesforcedx-vscode/salesforcedx-vscode/packages/playwright-vscode-ext/test/playwright/specs/fileOperations.headless.spec.ts:76:7
        at /Users/runner/work/salesforcedx-vscode/salesforcedx-vscode/packages/playwright-vscode-ext/test/playwright/specs/fileOperations.headless.spec.ts:75:5

    attachment #1: screenshot (image/png) ──────────────────────────────────────────────────────────
    ../../../test-results/fileOperations.headless-Fi-d5982-tions-should-edit-open-file-desktop-electron-retry2/test-failed-1.png
    ────────────────────────────────────────────────────────────────────────────────────────────────

    Error Context: ../../../test-results/fileOperations.headless-Fi-d5982-tions-should-edit-open-file-desktop-electron-retry2/error-context.md

    attachment #3: trace (application/zip) ─────────────────────────────────────────────────────────
    ../../../test-results/fileOperations.headless-Fi-d5982-tions-should-edit-open-file-desktop-electron-retry2/trace.zip
    Usage:

        npx playwright show-trace ../../../test-results/fileOperations.headless-Fi-d5982-tions-should-edit-open-file-desktop-electron-retry2/trace.zip

    ────────────────────────────────────────────────────────────────────────────────────────────────
]]>
</failure>
<system-out>
<![CDATA[
[[ATTACHMENT|fileOperations.headless-Fi-d5982-tions-should-edit-open-file-desktop-electron/test-failed-1.png]]

[[ATTACHMENT|fileOperations.headless-Fi-d5982-tions-should-edit-open-file-desktop-electron/error-context.md]]

[[ATTACHMENT|fileOperations.headless-Fi-d5982-tions-should-edit-open-file-desktop-electron/trace.zip]]

[[ATTACHMENT|fileOperations.headless-Fi-d5982-tions-should-edit-open-file-desktop-electron-retry1/test-failed-1.png]]

[[ATTACHMENT|fileOperations.headless-Fi-d5982-tions-should-edit-open-file-desktop-electron-retry1/error-context.md]]

[[ATTACHMENT|fileOperations.headless-Fi-d5982-tions-should-edit-open-file-desktop-electron-retry1/trace.zip]]

[[ATTACHMENT|fileOperations.headless-Fi-d5982-tions-should-edit-open-file-desktop-electron-retry2/test-failed-1.png]]

[[ATTACHMENT|fileOperations.headless-Fi-d5982-tions-should-edit-open-file-desktop-electron-retry2/error-context.md]]

[[ATTACHMENT|fileOperations.headless-Fi-d5982-tions-should-edit-open-file-desktop-electron-retry2/trace.zip]]
]]>
</system-out>
<system-err>
<![CDATA[- Resolving version...
[32m✔[39m Validated version: 1.108.0
[32m✔[39m Found existing install in /Users/runner/work/salesforcedx-vscode/salesforcedx-vscode/packages/playwright-vscode-ext/.vscode-test/vscode-darwin-arm64-1.108.0
- Resolving version...
[32m✔[39m Validated version: 1.108.0
[32m✔[39m Found existing install in /Users/runner/work/salesforcedx-vscode/salesforcedx-vscode/packages/playwright-vscode-ext/.vscode-test/vscode-darwin-arm64-1.108.0
]]>
</system-err>
</testcase>
<testcase name="File Operations › should show dirty indicator when file has unsaved changes" classname="fileOperations.headless.spec.ts" time="62.887">
<system-out>
<![CDATA[
[[ATTACHMENT|fileOperations.headless-Fi-4eb77-en-file-has-unsaved-changes-desktop-electron/error-context.md]]

[[ATTACHMENT|fileOperations.headless-Fi-4eb77-en-file-has-unsaved-changes-desktop-electron/trace.zip]]

[[ATTACHMENT|fileOperations.headless-Fi-4eb77-en-file-has-unsaved-changes-desktop-electron-retry1/test-finished-1.png]]

[[ATTACHMENT|fileOperations.headless-Fi-4eb77-en-file-has-unsaved-changes-desktop-electron-retry1/trace.zip]]
]]>
</system-out>
<system-err>
<![CDATA[- Resolving version...
[32m✔[39m Validated version: 1.108.0
[32m✔[39m Found existing install in /Users/runner/work/salesforcedx-vscode/salesforcedx-vscode/packages/playwright-vscode-ext/.vscode-test/vscode-darwin-arm64-1.108.0
- Resolving version...
[32m✔[39m Validated version: 1.108.0
[32m✔[39m Found existing install in /Users/runner/work/salesforcedx-vscode/salesforcedx-vscode/packages/playwright-vscode-ext/.vscode-test/vscode-darwin-arm64-1.108.0
]]>
</system-err>
</testcase>
</testsuite>
<testsuite name="helpers.headless.spec.ts" timestamp="2026-01-12T22:23:58.754Z" hostname="desktop-electron" tests="3" failures="0" skipped="0" time="17.342" errors="0">
<testcase name="Helper Functions › waitForVSCodeWorkbench should wait for workbench to load" classname="helpers.headless.spec.ts" time="6.434">
<system-out>
<![CDATA[[Electron Console Error] %c  ERR color: #f33 Canceled: Canceled
    at I1 (vscode-file://vscode-app/Users/runner/work/salesforcedx-vscode/salesforcedx-vscode/packages/playwright-vscode-ext/.vscode-test/vscode-darwin-arm64-1.108.0/Visual%20Studio%20Code.app/Contents/Resources/app/out/vs/workbench/workbench.desktop.main.js:7:1281)
    at vscode-file://vscode-app/Users/runner/work/salesforcedx-vscode/salesforcedx-vscode/packages/playwright-vscode-ext/.vscode-test/vscode-darwin-arm64-1.108.0/Visual%20Studio%20Code.app/Contents/Resources/app/out/vs/workbench/workbench.desktop.main.js:3912:37831
    at Array.forEach (<anonymous>)
    at FPt.dispose (vscode-file://vscode-app/Users/runner/work/salesforcedx-vscode/salesforcedx-vscode/packages/playwright-vscode-ext/.vscode-test/vscode-darwin-arm64-1.108.0/Visual%20Studio%20Code.app/Contents/Resources/app/out/vs/workbench/workbench.desktop.main.js:3912:37771)
    at m$e.dispose (vscode-file://vscode-app/Users/runner/work/salesforcedx-vscode/salesforcedx-vscode/packages/playwright-vscode-ext/.vscode-test/vscode-darwin-arm64-1.108.0/Visual%20Studio%20Code.app/Contents/Resources/app/out/vs/workbench/workbench.desktop.main.js:3912:49448)
    at _kn.dispose (vscode-file://vscode-app/Users/runner/work/salesforcedx-vscode/salesforcedx-vscode/packages/playwright-vscode-ext/.vscode-test/vscode-darwin-arm64-1.108.0/Visual%20Studio%20Code.app/Contents/Resources/app/out/vs/workbench/workbench.desktop.main.js:3919:7743)
    at Ukn.stopAllInReverse (vscode-file://vscode-app/Users/runner/work/salesforcedx-vscode/salesforcedx-vscode/packages/playwright-vscode-ext/.vscode-test/vscode-darwin-arm64-1.108.0/Visual%20Studio%20Code.app/Contents/Resources/app/out/vs/workbench/workbench.desktop.main.js:3919:7045)
    at async nTt.vb (vscode-file://vscode-app/Users/runner/work/salesforcedx-vscode/salesforcedx-vscode/packages/playwright-vscode-ext/.vscode-test/vscode-darwin-arm64-1.108.0/Visual%20Studio%20Code.app/Contents/Resources/app/out/vs/workbench/workbench.desktop.main.js:3918:16049)
  at vscode-file://vscode-app/Users/runner/work/salesforcedx-vscode/salesforcedx-vscode/packages/playwright-vscode-ext/.vscode-test/vscode-darwin-arm64-1.108.0/Visual%20Studio%20Code.app/Contents/Resources/app/out/vs/workbench/workbench.desktop.main.js:37
[Electron Console Error] %c  ERR color: #f33 Canceled: Canceled
    at I1 (vscode-file://vscode-app/Users/runner/work/salesforcedx-vscode/salesforcedx-vscode/packages/playwright-vscode-ext/.vscode-test/vscode-darwin-arm64-1.108.0/Visual%20Studio%20Code.app/Contents/Resources/app/out/vs/workbench/workbench.desktop.main.js:7:1281)
    at vscode-file://vscode-app/Users/runner/work/salesforcedx-vscode/salesforcedx-vscode/packages/playwright-vscode-ext/.vscode-test/vscode-darwin-arm64-1.108.0/Visual%20Studio%20Code.app/Contents/Resources/app/out/vs/workbench/workbench.desktop.main.js:3912:37831
    at Array.forEach (<anonymous>)
    at FPt.dispose (vscode-file://vscode-app/Users/runner/work/salesforcedx-vscode/salesforcedx-vscode/packages/playwright-vscode-ext/.vscode-test/vscode-darwin-arm64-1.108.0/Visual%20Studio%20Code.app/Contents/Resources/app/out/vs/workbench/workbench.desktop.main.js:3912:37771)
    at m$e.dispose (vscode-file://vscode-app/Users/runner/work/salesforcedx-vscode/salesforcedx-vscode/packages/playwright-vscode-ext/.vscode-test/vscode-darwin-arm64-1.108.0/Visual%20Studio%20Code.app/Contents/Resources/app/out/vs/workbench/workbench.desktop.main.js:3912:49448)
    at _kn.dispose (vscode-file://vscode-app/Users/runner/work/salesforcedx-vscode/salesforcedx-vscode/packages/playwright-vscode-ext/.vscode-test/vscode-darwin-arm64-1.108.0/Visual%20Studio%20Code.app/Contents/Resources/app/out/vs/workbench/workbench.desktop.main.js:3919:7743)
    at Ukn.stopAllInReverse (vscode-file://vscode-app/Users/runner/work/salesforcedx-vscode/salesforcedx-vscode/packages/playwright-vscode-ext/.vscode-test/vscode-darwin-arm64-1.108.0/Visual%20Studio%20Code.app/Contents/Resources/app/out/vs/workbench/workbench.desktop.main.js:3919:7045)
    at async nTt.vb (vscode-file://vscode-app/Users/runner/work/salesforcedx-vscode/salesforcedx-vscode/packages/playwright-vscode-ext/.vscode-test/vscode-darwin-arm64-1.108.0/Visual%20Studio%20Code.app/Contents/Resources/app/out/vs/workbench/workbench.desktop.main.js:3918:16049)
  at vscode-file://vscode-app/Users/runner/work/salesforcedx-vscode/salesforcedx-vscode/packages/playwright-vscode-ext/.vscode-test/vscode-darwin-arm64-1.108.0/Visual%20Studio%20Code.app/Contents/Resources/app/out/vs/workbench/workbench.desktop.main.js:37
[Electron Console Error] %c  ERR color: #f33 Canceled: Canceled
    at I1 (vscode-file://vscode-app/Users/runner/work/salesforcedx-vscode/salesforcedx-vscode/packages/playwright-vscode-ext/.vscode-test/vscode-darwin-arm64-1.108.0/Visual%20Studio%20Code.app/Contents/Resources/app/out/vs/workbench/workbench.desktop.main.js:7:1281)
    at vscode-file://vscode-app/Users/runner/work/salesforcedx-vscode/salesforcedx-vscode/packages/playwright-vscode-ext/.vscode-test/vscode-darwin-arm64-1.108.0/Visual%20Studio%20Code.app/Contents/Resources/app/out/vs/workbench/workbench.desktop.main.js:3912:37831
    at Array.forEach (<anonymous>)
    at FPt.dispose (vscode-file://vscode-app/Users/runner/work/salesforcedx-vscode/salesforcedx-vscode/packages/playwright-vscode-ext/.vscode-test/vscode-darwin-arm64-1.108.0/Visual%20Studio%20Code.app/Contents/Resources/app/out/vs/workbench/workbench.desktop.main.js:3912:37771)
    at m$e.dispose (vscode-file://vscode-app/Users/runner/work/salesforcedx-vscode/salesforcedx-vscode/packages/playwright-vscode-ext/.vscode-test/vscode-darwin-arm64-1.108.0/Visual%20Studio%20Code.app/Contents/Resources/app/out/vs/workbench/workbench.desktop.main.js:3912:49448)
    at _kn.dispose (vscode-file://vscode-app/Users/runner/work/salesforcedx-vscode/salesforcedx-vscode/packages/playwright-vscode-ext/.vscode-test/vscode-darwin-arm64-1.108.0/Visual%20Studio%20Code.app/Contents/Resources/app/out/vs/workbench/workbench.desktop.main.js:3919:7743)
    at Ukn.stopAllInReverse (vscode-file://vscode-app/Users/runner/work/salesforcedx-vscode/salesforcedx-vscode/packages/playwright-vscode-ext/.vscode-test/vscode-darwin-arm64-1.108.0/Visual%20Studio%20Code.app/Contents/Resources/app/out/vs/workbench/workbench.desktop.main.js:3919:7045)
    at async nTt.vb (vscode-file://vscode-app/Users/runner/work/salesforcedx-vscode/salesforcedx-vscode/packages/playwright-vscode-ext/.vscode-test/vscode-darwin-arm64-1.108.0/Visual%20Studio%20Code.app/Contents/Resources/app/out/vs/workbench/workbench.desktop.main.js:3918:16049)
  at vscode-file://vscode-app/Users/runner/work/salesforcedx-vscode/salesforcedx-vscode/packages/playwright-vscode-ext/.vscode-test/vscode-darwin-arm64-1.108.0/Visual%20Studio%20Code.app/Contents/Resources/app/out/vs/workbench/workbench.desktop.main.js:37
[Electron Console Error] %c  ERR color: #f33 Canceled: Canceled
    at new Dkn (vscode-file://vscode-app/Users/runner/work/salesforcedx-vscode/salesforcedx-vscode/packages/playwright-vscode-ext/.vscode-test/vscode-darwin-arm64-1.108.0/Visual%20Studio%20Code.app/Contents/Resources/app/out/vs/workbench/workbench.desktop.main.js:3912:36350)
    at FPt.U (vscode-file://vscode-app/Users/runner/work/salesforcedx-vscode/salesforcedx-vscode/packages/playwright-vscode-ext/.vscode-test/vscode-darwin-arm64-1.108.0/Visual%20Studio%20Code.app/Contents/Resources/app/out/vs/workbench/workbench.desktop.main.js:3912:41002)
    at n.<computed>.o.charCodeAt.n.<computed> (vscode-file://vscode-app/Users/runner/work/salesforcedx-vscode/salesforcedx-vscode/packages/playwright-vscode-ext/.vscode-test/vscode-darwin-arm64-1.108.0/Visual%20Studio%20Code.app/Contents/Resources/app/out/vs/workbench/workbench.desktop.main.js:3912:38487)
    at Sli.getSessions (vscode-file://vscode-app/Users/runner/work/salesforcedx-vscode/salesforcedx-vscode/packages/playwright-vscode-ext/.vscode-test/vscode-darwin-arm64-1.108.0/Visual%20Studio%20Code.app/Contents/Resources/app/out/vs/workbench/workbench.desktop.main.js:607:74266)
    at oJe.getSessions (vscode-file://vscode-app/Users/runner/work/salesforcedx-vscode/salesforcedx-vscode/packages/playwright-vscode-ext/.vscode-test/vscode-darwin-arm64-1.108.0/Visual%20Studio%20Code.app/Contents/Resources/app/out/vs/workbench/workbench.desktop.main.js:607:71264)
    at oJe.getAccounts (vscode-file://vscode-app/Users/runner/work/salesforcedx-vscode/salesforcedx-vscode/packages/playwright-vscode-ext/.vscode-test/vscode-darwin-arm64-1.108.0/Visual%20Studio%20Code.app/Contents/Resources/app/out/vs/workbench/workbench.desktop.main.js:607:70561)
    at sJe.j (vscode-file://vscode-app/Users/runner/work/salesforcedx-vscode/salesforcedx-vscode/packages/playwright-vscode-ext/.vscode-test/vscode-darwin-arm64-1.108.0/Visual%20Studio%20Code.app/Contents/Resources/app/out/vs/workbench/workbench.desktop.main.js:607:64998)
    at Object.factory (vscode-file://vscode-app/Users/runner/work/salesforcedx-vscode/salesforcedx-vscode/packages/playwright-vscode-ext/.vscode-test/vscode-darwin-arm64-1.108.0/Visual%20Studio%20Code.app/Contents/Resources/app/out/vs/workbench/workbench.desktop.main.js:607:64239)
    at hw.j (vscode-file://vscode-app/Users/runner/work/salesforcedx-vscode/salesforcedx-vscode/packages/playwright-vscode-ext/.vscode-test/vscode-darwin-arm64-1.108.0/Visual%20Studio%20Code.app/Contents/Resources/app/out/vs/workbench/workbench.desktop.main.js:30:75972)
    at hw.k (vscode-file://vscode-app/Users/runner/work/salesforcedx-vscode/salesforcedx-vscode/packages/playwright-vscode-ext/.vscode-test/vscode-darwin-arm64-1.108.0/Visual%20Studio%20Code.app/Contents/Resources/app/out/vs/workbench/workbench.desktop.main.js:30:76105)
  at vscode-file://vscode-app/Users/runner/work/salesforcedx-vscode/salesforcedx-vscode/packages/playwright-vscode-ext/.vscode-test/vscode-darwin-arm64-1.108.0/Visual%20Studio%20Code.app/Contents/Resources/app/out/vs/workbench/workbench.desktop.main.js:37
[Electron Console Error] %c  ERR color: #f33 Canceled: Canceled
    at new Dkn (vscode-file://vscode-app/Users/runner/work/salesforcedx-vscode/salesforcedx-vscode/packages/playwright-vscode-ext/.vscode-test/vscode-darwin-arm64-1.108.0/Visual%20Studio%20Code.app/Contents/Resources/app/out/vs/workbench/workbench.desktop.main.js:3912:36350)
    at FPt.U (vscode-file://vscode-app/Users/runner/work/salesforcedx-vscode/salesforcedx-vscode/packages/playwright-vscode-ext/.vscode-test/vscode-darwin-arm64-1.108.0/Visual%20Studio%20Code.app/Contents/Resources/app/out/vs/workbench/workbench.desktop.main.js:3912:41002)
    at n.<computed>.o.charCodeAt.n.<computed> (vscode-file://vscode-app/Users/runner/work/salesforcedx-vscode/salesforcedx-vscode/packages/playwright-vscode-ext/.vscode-test/vscode-darwin-arm64-1.108.0/Visual%20Studio%20Code.app/Contents/Resources/app/out/vs/workbench/workbench.desktop.main.js:3912:38487)
    at Sli.getSessions (vscode-file://vscode-app/Users/runner/work/salesforcedx-vscode/salesforcedx-vscode/packages/playwright-vscode-ext/.vscode-test/vscode-darwin-arm64-1.108.0/Visual%20Studio%20Code.app/Contents/Resources/app/out/vs/workbench/workbench.desktop.main.js:607:74266)
    at oJe.getSessions (vscode-file://vscode-app/Users/runner/work/salesforcedx-vscode/salesforcedx-vscode/packages/playwright-vscode-ext/.vscode-test/vscode-darwin-arm64-1.108.0/Visual%20Studio%20Code.app/Contents/Resources/app/out/vs/workbench/workbench.desktop.main.js:607:71264)
    at oJe.getAccounts (vscode-file://vscode-app/Users/runner/work/salesforcedx-vscode/salesforcedx-vscode/packages/playwright-vscode-ext/.vscode-test/vscode-darwin-arm64-1.108.0/Visual%20Studio%20Code.app/Contents/Resources/app/out/vs/workbench/workbench.desktop.main.js:607:70561)
    at IJe.h (vscode-file://vscode-app/Users/runner/work/salesforcedx-vscode/salesforcedx-vscode/packages/playwright-vscode-ext/.vscode-test/vscode-darwin-arm64-1.108.0/Visual%20Studio%20Code.app/Contents/Resources/app/out/vs/workbench/workbench.desktop.main.js:608:42701)
    at Object.factory (vscode-file://vscode-app/Users/runner/work/salesforcedx-vscode/salesforcedx-vscode/packages/playwright-vscode-ext/.vscode-test/vscode-darwin-arm64-1.108.0/Visual%20Studio%20Code.app/Contents/Resources/app/out/vs/workbench/workbench.desktop.main.js:608:41938)
    at hw.j (vscode-file://vscode-app/Users/runner/work/salesforcedx-vscode/salesforcedx-vscode/packages/playwright-vscode-ext/.vscode-test/vscode-darwin-arm64-1.108.0/Visual%20Studio%20Code.app/Contents/Resources/app/out/vs/workbench/workbench.desktop.main.js:30:75972)
    at hw.k (vscode-file://vscode-app/Users/runner/work/salesforcedx-vscode/salesforcedx-vscode/packages/playwright-vscode-ext/.vscode-test/vscode-darwin-arm64-1.108.0/Visual%20Studio%20Code.app/Contents/Resources/app/out/vs/workbench/workbench.desktop.main.js:30:76105)
  at vscode-file://vscode-app/Users/runner/work/salesforcedx-vscode/salesforcedx-vscode/packages/playwright-vscode-ext/.vscode-test/vscode-darwin-arm64-1.108.0/Visual%20Studio%20Code.app/Contents/Resources/app/out/vs/workbench/workbench.desktop.main.js:37
[Electron Console Error] %c  ERR color: #f33 Canceled: Canceled
    at new Dkn (vscode-file://vscode-app/Users/runner/work/salesforcedx-vscode/salesforcedx-vscode/packages/playwright-vscode-ext/.vscode-test/vscode-darwin-arm64-1.108.0/Visual%20Studio%20Code.app/Contents/Resources/app/out/vs/workbench/workbench.desktop.main.js:3912:36350)
    at FPt.U (vscode-file://vscode-app/Users/runner/work/salesforcedx-vscode/salesforcedx-vscode/packages/playwright-vscode-ext/.vscode-test/vscode-darwin-arm64-1.108.0/Visual%20Studio%20Code.app/Contents/Resources/app/out/vs/workbench/workbench.desktop.main.js:3912:41002)
    at n.<computed>.o.charCodeAt.n.<computed> (vscode-file://vscode-app/Users/runner/work/salesforcedx-vscode/salesforcedx-vscode/packages/playwright-vscode-ext/.vscode-test/vscode-darwin-arm64-1.108.0/Visual%20Studio%20Code.app/Contents/Resources/app/out/vs/workbench/workbench.desktop.main.js:3912:38487)
    at Sli.getSessions (vscode-file://vscode-app/Users/runner/work/salesforcedx-vscode/salesforcedx-vscode/packages/playwright-vscode-ext/.vscode-test/vscode-darwin-arm64-1.108.0/Visual%20Studio%20Code.app/Contents/Resources/app/out/vs/workbench/workbench.desktop.main.js:607:74266)
    at oJe.getSessions (vscode-file://vscode-app/Users/runner/work/salesforcedx-vscode/salesforcedx-vscode/packages/playwright-vscode-ext/.vscode-test/vscode-darwin-arm64-1.108.0/Visual%20Studio%20Code.app/Contents/Resources/app/out/vs/workbench/workbench.desktop.main.js:607:71264)
    at oJe.getAccounts (vscode-file://vscode-app/Users/runner/work/salesforcedx-vscode/salesforcedx-vscode/packages/playwright-vscode-ext/.vscode-test/vscode-darwin-arm64-1.108.0/Visual%20Studio%20Code.app/Contents/Resources/app/out/vs/workbench/workbench.desktop.main.js:607:70561)
    at sJe.j (vscode-file://vscode-app/Users/runner/work/salesforcedx-vscode/salesforcedx-vscode/packages/playwright-vscode-ext/.vscode-test/vscode-darwin-arm64-1.108.0/Visual%20Studio%20Code.app/Contents/Resources/app/out/vs/workbench/workbench.desktop.main.js:607:64998)
    at vscode-file://vscode-app/Users/runner/work/salesforcedx-vscode/salesforcedx-vscode/packages/playwright-vscode-ext/.vscode-test/vscode-darwin-arm64-1.108.0/Visual%20Studio%20Code.app/Contents/Resources/app/out/vs/workbench/workbench.desktop.main.js:607:64359
    at Array.map (<anonymous>)
    at Object.factory (vscode-file://vscode-app/Users/runner/work/salesforcedx-vscode/salesforcedx-vscode/packages/playwright-vscode-ext/.vscode-test/vscode-darwin-arm64-1.108.0/Visual%20Studio%20Code.app/Contents/Resources/app/out/vs/workbench/workbench.desktop.main.js:607:64347)
  at vscode-file://vscode-app/Users/runner/work/salesforcedx-vscode/salesforcedx-vscode/packages/playwright-vscode-ext/.vscode-test/vscode-darwin-arm64-1.108.0/Visual%20Studio%20Code.app/Contents/Resources/app/out/vs/workbench/workbench.desktop.main.js:37
[Electron Console Error] %c  ERR color: #f33 Canceled: Canceled
    at new Dkn (vscode-file://vscode-app/Users/runner/work/salesforcedx-vscode/salesforcedx-vscode/packages/playwright-vscode-ext/.vscode-test/vscode-darwin-arm64-1.108.0/Visual%20Studio%20Code.app/Contents/Resources/app/out/vs/workbench/workbench.desktop.main.js:3912:36350)
    at FPt.U (vscode-file://vscode-app/Users/runner/work/salesforcedx-vscode/salesforcedx-vscode/packages/playwright-vscode-ext/.vscode-test/vscode-darwin-arm64-1.108.0/Visual%20Studio%20Code.app/Contents/Resources/app/out/vs/workbench/workbench.desktop.main.js:3912:41002)
    at n.<computed>.o.charCodeAt.n.<computed> (vscode-file://vscode-app/Users/runner/work/salesforcedx-vscode/salesforcedx-vscode/packages/playwright-vscode-ext/.vscode-test/vscode-darwin-arm64-1.108.0/Visual%20Studio%20Code.app/Contents/Resources/app/out/vs/workbench/workbench.desktop.main.js:3912:38487)
    at Sli.getSessions (vscode-file://vscode-app/Users/runner/work/salesforcedx-vscode/salesforcedx-vscode/packages/playwright-vscode-ext/.vscode-test/vscode-darwin-arm64-1.108.0/Visual%20Studio%20Code.app/Contents/Resources/app/out/vs/workbench/workbench.desktop.main.js:607:74266)
    at oJe.getSessions (vscode-file://vscode-app/Users/runner/work/salesforcedx-vscode/salesforcedx-vscode/packages/playwright-vscode-ext/.vscode-test/vscode-darwin-arm64-1.108.0/Visual%20Studio%20Code.app/Contents/Resources/app/out/vs/workbench/workbench.desktop.main.js:607:71264)
    at oJe.getAccounts (vscode-file://vscode-app/Users/runner/work/salesforcedx-vscode/salesforcedx-vscode/packages/playwright-vscode-ext/.vscode-test/vscode-darwin-arm64-1.108.0/Visual%20Studio%20Code.app/Contents/Resources/app/out/vs/workbench/workbench.desktop.main.js:607:70561)
    at sJe.j (vscode-file://vscode-app/Users/runner/work/salesforcedx-vscode/salesforcedx-vscode/packages/playwright-vscode-ext/.vscode-test/vscode-darwin-arm64-1.108.0/Visual%20Studio%20Code.app/Contents/Resources/app/out/vs/workbench/workbench.desktop.main.js:607:64998)
    at vscode-file://vscode-app/Users/runner/work/salesforcedx-vscode/salesforcedx-vscode/packages/playwright-vscode-ext/.vscode-test/vscode-darwin-arm64-1.108.0/Visual%20Studio%20Code.app/Contents/Resources/app/out/vs/workbench/workbench.desktop.main.js:607:64359
    at Array.map (<anonymous>)
    at Object.factory (vscode-file://vscode-app/Users/runner/work/salesforcedx-vscode/salesforcedx-vscode/packages/playwright-vscode-ext/.vscode-test/vscode-darwin-arm64-1.108.0/Visual%20Studio%20Code.app/Contents/Resources/app/out/vs/workbench/workbench.desktop.main.js:607:64347)
  at vscode-file://vscode-app/Users/runner/work/salesforcedx-vscode/salesforcedx-vscode/packages/playwright-vscode-ext/.vscode-test/vscode-darwin-arm64-1.108.0/Visual%20Studio%20Code.app/Contents/Resources/app/out/vs/workbench/workbench.desktop.main.js:37
[Electron Console Error] %c  ERR color: #f33 Throttler is disposed: Error: Throttler is disposed
    at wm.queue (vscode-file://vscode-app/Users/runner/work/salesforcedx-vscode/salesforcedx-vscode/packages/playwright-vscode-ext/.vscode-test/vscode-darwin-arm64-1.108.0/Visual%20Studio%20Code.app/Contents/Resources/app/out/vs/workbench/workbench.desktop.main.js:30:72772)
    at vscode-file://vscode-app/Users/runner/work/salesforcedx-vscode/salesforcedx-vscode/packages/playwright-vscode-ext/.vscode-test/vscode-darwin-arm64-1.108.0/Visual%20Studio%20Code.app/Contents/Resources/app/out/vs/workbench/workbench.desktop.main.js:30:74420
    at vscode-file://vscode-app/Users/runner/work/salesforcedx-vscode/salesforcedx-vscode/packages/playwright-vscode-ext/.vscode-test/vscode-darwin-arm64-1.108.0/Visual%20Studio%20Code.app/Contents/Resources/app/out/vs/workbench/workbench.desktop.main.js:30:74065
  at vscode-file://vscode-app/Users/runner/work/salesforcedx-vscode/salesforcedx-vscode/packages/playwright-vscode-ext/.vscode-test/vscode-darwin-arm64-1.108.0/Visual%20Studio%20Code.app/Contents/Resources/app/out/vs/workbench/workbench.desktop.main.js:37

[[ATTACHMENT|helpers.headless-Helper-Fu-eb15f--wait-for-workbench-to-load-desktop-electron/test-finished-1.png]]

[[ATTACHMENT|helpers.headless-Helper-Fu-eb15f--wait-for-workbench-to-load-desktop-electron/trace.zip]]
]]>
</system-out>
</testcase>
<testcase name="Helper Functions › closeWelcomeTabs should close welcome tabs" classname="helpers.headless.spec.ts" time="5.508">
<system-out>
<![CDATA[[Electron Console Error] %c  ERR color: #f33 Canceled: Canceled
    at I1 (vscode-file://vscode-app/Users/runner/work/salesforcedx-vscode/salesforcedx-vscode/packages/playwright-vscode-ext/.vscode-test/vscode-darwin-arm64-1.108.0/Visual%20Studio%20Code.app/Contents/Resources/app/out/vs/workbench/workbench.desktop.main.js:7:1281)
    at vscode-file://vscode-app/Users/runner/work/salesforcedx-vscode/salesforcedx-vscode/packages/playwright-vscode-ext/.vscode-test/vscode-darwin-arm64-1.108.0/Visual%20Studio%20Code.app/Contents/Resources/app/out/vs/workbench/workbench.desktop.main.js:3912:37831
    at Array.forEach (<anonymous>)
    at FPt.dispose (vscode-file://vscode-app/Users/runner/work/salesforcedx-vscode/salesforcedx-vscode/packages/playwright-vscode-ext/.vscode-test/vscode-darwin-arm64-1.108.0/Visual%20Studio%20Code.app/Contents/Resources/app/out/vs/workbench/workbench.desktop.main.js:3912:37771)
    at m$e.dispose (vscode-file://vscode-app/Users/runner/work/salesforcedx-vscode/salesforcedx-vscode/packages/playwright-vscode-ext/.vscode-test/vscode-darwin-arm64-1.108.0/Visual%20Studio%20Code.app/Contents/Resources/app/out/vs/workbench/workbench.desktop.main.js:3912:49448)
    at _kn.dispose (vscode-file://vscode-app/Users/runner/work/salesforcedx-vscode/salesforcedx-vscode/packages/playwright-vscode-ext/.vscode-test/vscode-darwin-arm64-1.108.0/Visual%20Studio%20Code.app/Contents/Resources/app/out/vs/workbench/workbench.desktop.main.js:3919:7743)
    at Ukn.stopAllInReverse (vscode-file://vscode-app/Users/runner/work/salesforcedx-vscode/salesforcedx-vscode/packages/playwright-vscode-ext/.vscode-test/vscode-darwin-arm64-1.108.0/Visual%20Studio%20Code.app/Contents/Resources/app/out/vs/workbench/workbench.desktop.main.js:3919:7045)
    at async nTt.vb (vscode-file://vscode-app/Users/runner/work/salesforcedx-vscode/salesforcedx-vscode/packages/playwright-vscode-ext/.vscode-test/vscode-darwin-arm64-1.108.0/Visual%20Studio%20Code.app/Contents/Resources/app/out/vs/workbench/workbench.desktop.main.js:3918:16049)
  at vscode-file://vscode-app/Users/runner/work/salesforcedx-vscode/salesforcedx-vscode/packages/playwright-vscode-ext/.vscode-test/vscode-darwin-arm64-1.108.0/Visual%20Studio%20Code.app/Contents/Resources/app/out/vs/workbench/workbench.desktop.main.js:37
[Electron Console Error] %c  ERR color: #f33 Canceled: Canceled
    at I1 (vscode-file://vscode-app/Users/runner/work/salesforcedx-vscode/salesforcedx-vscode/packages/playwright-vscode-ext/.vscode-test/vscode-darwin-arm64-1.108.0/Visual%20Studio%20Code.app/Contents/Resources/app/out/vs/workbench/workbench.desktop.main.js:7:1281)
    at vscode-file://vscode-app/Users/runner/work/salesforcedx-vscode/salesforcedx-vscode/packages/playwright-vscode-ext/.vscode-test/vscode-darwin-arm64-1.108.0/Visual%20Studio%20Code.app/Contents/Resources/app/out/vs/workbench/workbench.desktop.main.js:3912:37831
    at Array.forEach (<anonymous>)
    at FPt.dispose (vscode-file://vscode-app/Users/runner/work/salesforcedx-vscode/salesforcedx-vscode/packages/playwright-vscode-ext/.vscode-test/vscode-darwin-arm64-1.108.0/Visual%20Studio%20Code.app/Contents/Resources/app/out/vs/workbench/workbench.desktop.main.js:3912:37771)
    at m$e.dispose (vscode-file://vscode-app/Users/runner/work/salesforcedx-vscode/salesforcedx-vscode/packages/playwright-vscode-ext/.vscode-test/vscode-darwin-arm64-1.108.0/Visual%20Studio%20Code.app/Contents/Resources/app/out/vs/workbench/workbench.desktop.main.js:3912:49448)
    at _kn.dispose (vscode-file://vscode-app/Users/runner/work/salesforcedx-vscode/salesforcedx-vscode/packages/playwright-vscode-ext/.vscode-test/vscode-darwin-arm64-1.108.0/Visual%20Studio%20Code.app/Contents/Resources/app/out/vs/workbench/workbench.desktop.main.js:3919:7743)
    at Ukn.stopAllInReverse (vscode-file://vscode-app/Users/runner/work/salesforcedx-vscode/salesforcedx-vscode/packages/playwright-vscode-ext/.vscode-test/vscode-darwin-arm64-1.108.0/Visual%20Studio%20Code.app/Contents/Resources/app/out/vs/workbench/workbench.desktop.main.js:3919:7045)
    at async nTt.vb (vscode-file://vscode-app/Users/runner/work/salesforcedx-vscode/salesforcedx-vscode/packages/playwright-vscode-ext/.vscode-test/vscode-darwin-arm64-1.108.0/Visual%20Studio%20Code.app/Contents/Resources/app/out/vs/workbench/workbench.desktop.main.js:3918:16049)
  at vscode-file://vscode-app/Users/runner/work/salesforcedx-vscode/salesforcedx-vscode/packages/playwright-vscode-ext/.vscode-test/vscode-darwin-arm64-1.108.0/Visual%20Studio%20Code.app/Contents/Resources/app/out/vs/workbench/workbench.desktop.main.js:37
[Electron Console Error] %c  ERR color: #f33 Canceled: Canceled
    at new Dkn (vscode-file://vscode-app/Users/runner/work/salesforcedx-vscode/salesforcedx-vscode/packages/playwright-vscode-ext/.vscode-test/vscode-darwin-arm64-1.108.0/Visual%20Studio%20Code.app/Contents/Resources/app/out/vs/workbench/workbench.desktop.main.js:3912:36350)
    at FPt.U (vscode-file://vscode-app/Users/runner/work/salesforcedx-vscode/salesforcedx-vscode/packages/playwright-vscode-ext/.vscode-test/vscode-darwin-arm64-1.108.0/Visual%20Studio%20Code.app/Contents/Resources/app/out/vs/workbench/workbench.desktop.main.js:3912:41002)
    at n.<computed>.o.charCodeAt.n.<computed> (vscode-file://vscode-app/Users/runner/work/salesforcedx-vscode/salesforcedx-vscode/packages/playwright-vscode-ext/.vscode-test/vscode-darwin-arm64-1.108.0/Visual%20Studio%20Code.app/Contents/Resources/app/out/vs/workbench/workbench.desktop.main.js:3912:38487)
    at Sli.getSessions (vscode-file://vscode-app/Users/runner/work/salesforcedx-vscode/salesforcedx-vscode/packages/playwright-vscode-ext/.vscode-test/vscode-darwin-arm64-1.108.0/Visual%20Studio%20Code.app/Contents/Resources/app/out/vs/workbench/workbench.desktop.main.js:607:74266)
    at oJe.getSessions (vscode-file://vscode-app/Users/runner/work/salesforcedx-vscode/salesforcedx-vscode/packages/playwright-vscode-ext/.vscode-test/vscode-darwin-arm64-1.108.0/Visual%20Studio%20Code.app/Contents/Resources/app/out/vs/workbench/workbench.desktop.main.js:607:71264)
    at oJe.getAccounts (vscode-file://vscode-app/Users/runner/work/salesforcedx-vscode/salesforcedx-vscode/packages/playwright-vscode-ext/.vscode-test/vscode-darwin-arm64-1.108.0/Visual%20Studio%20Code.app/Contents/Resources/app/out/vs/workbench/workbench.desktop.main.js:607:70561)
    at sJe.j (vscode-file://vscode-app/Users/runner/work/salesforcedx-vscode/salesforcedx-vscode/packages/playwright-vscode-ext/.vscode-test/vscode-darwin-arm64-1.108.0/Visual%20Studio%20Code.app/Contents/Resources/app/out/vs/workbench/workbench.desktop.main.js:607:64998)
    at vscode-file://vscode-app/Users/runner/work/salesforcedx-vscode/salesforcedx-vscode/packages/playwright-vscode-ext/.vscode-test/vscode-darwin-arm64-1.108.0/Visual%20Studio%20Code.app/Contents/Resources/app/out/vs/workbench/workbench.desktop.main.js:607:64359
    at Array.map (<anonymous>)
    at Object.factory (vscode-file://vscode-app/Users/runner/work/salesforcedx-vscode/salesforcedx-vscode/packages/playwright-vscode-ext/.vscode-test/vscode-darwin-arm64-1.108.0/Visual%20Studio%20Code.app/Contents/Resources/app/out/vs/workbench/workbench.desktop.main.js:607:64347)
  at vscode-file://vscode-app/Users/runner/work/salesforcedx-vscode/salesforcedx-vscode/packages/playwright-vscode-ext/.vscode-test/vscode-darwin-arm64-1.108.0/Visual%20Studio%20Code.app/Contents/Resources/app/out/vs/workbench/workbench.desktop.main.js:37
[Electron Console Error] %c  ERR color: #f33 Canceled: Canceled
    at new Dkn (vscode-file://vscode-app/Users/runner/work/salesforcedx-vscode/salesforcedx-vscode/packages/playwright-vscode-ext/.vscode-test/vscode-darwin-arm64-1.108.0/Visual%20Studio%20Code.app/Contents/Resources/app/out/vs/workbench/workbench.desktop.main.js:3912:36350)
    at FPt.U (vscode-file://vscode-app/Users/runner/work/salesforcedx-vscode/salesforcedx-vscode/packages/playwright-vscode-ext/.vscode-test/vscode-darwin-arm64-1.108.0/Visual%20Studio%20Code.app/Contents/Resources/app/out/vs/workbench/workbench.desktop.main.js:3912:41002)
    at n.<computed>.o.charCodeAt.n.<computed> (vscode-file://vscode-app/Users/runner/work/salesforcedx-vscode/salesforcedx-vscode/packages/playwright-vscode-ext/.vscode-test/vscode-darwin-arm64-1.108.0/Visual%20Studio%20Code.app/Contents/Resources/app/out/vs/workbench/workbench.desktop.main.js:3912:38487)
    at Sli.getSessions (vscode-file://vscode-app/Users/runner/work/salesforcedx-vscode/salesforcedx-vscode/packages/playwright-vscode-ext/.vscode-test/vscode-darwin-arm64-1.108.0/Visual%20Studio%20Code.app/Contents/Resources/app/out/vs/workbench/workbench.desktop.main.js:607:74266)
    at oJe.getSessions (vscode-file://vscode-app/Users/runner/work/salesforcedx-vscode/salesforcedx-vscode/packages/playwright-vscode-ext/.vscode-test/vscode-darwin-arm64-1.108.0/Visual%20Studio%20Code.app/Contents/Resources/app/out/vs/workbench/workbench.desktop.main.js:607:71264)
    at oJe.getAccounts (vscode-file://vscode-app/Users/runner/work/salesforcedx-vscode/salesforcedx-vscode/packages/playwright-vscode-ext/.vscode-test/vscode-darwin-arm64-1.108.0/Visual%20Studio%20Code.app/Contents/Resources/app/out/vs/workbench/workbench.desktop.main.js:607:70561)
    at sJe.j (vscode-file://vscode-app/Users/runner/work/salesforcedx-vscode/salesforcedx-vscode/packages/playwright-vscode-ext/.vscode-test/vscode-darwin-arm64-1.108.0/Visual%20Studio%20Code.app/Contents/Resources/app/out/vs/workbench/workbench.desktop.main.js:607:64998)
    at vscode-file://vscode-app/Users/runner/work/salesforcedx-vscode/salesforcedx-vscode/packages/playwright-vscode-ext/.vscode-test/vscode-darwin-arm64-1.108.0/Visual%20Studio%20Code.app/Contents/Resources/app/out/vs/workbench/workbench.desktop.main.js:607:64359
    at Array.map (<anonymous>)
    at Object.factory (vscode-file://vscode-app/Users/runner/work/salesforcedx-vscode/salesforcedx-vscode/packages/playwright-vscode-ext/.vscode-test/vscode-darwin-arm64-1.108.0/Visual%20Studio%20Code.app/Contents/Resources/app/out/vs/workbench/workbench.desktop.main.js:607:64347)
  at vscode-file://vscode-app/Users/runner/work/salesforcedx-vscode/salesforcedx-vscode/packages/playwright-vscode-ext/.vscode-test/vscode-darwin-arm64-1.108.0/Visual%20Studio%20Code.app/Contents/Resources/app/out/vs/workbench/workbench.desktop.main.js:37

[[ATTACHMENT|helpers.headless-Helper-Fu-ff03a-s-should-close-welcome-tabs-desktop-electron/test-finished-1.png]]

[[ATTACHMENT|helpers.headless-Helper-Fu-ff03a-s-should-close-welcome-tabs-desktop-electron/trace.zip]]
]]>
</system-out>
</testcase>
<testcase name="Helper Functions › waitForWorkspaceReady should wait for workspace to be ready" classname="helpers.headless.spec.ts" time="5.4">
<system-out>
<![CDATA[[Electron Console Error] %c  ERR color: #f33 Canceled: Canceled
    at I1 (vscode-file://vscode-app/Users/runner/work/salesforcedx-vscode/salesforcedx-vscode/packages/playwright-vscode-ext/.vscode-test/vscode-darwin-arm64-1.108.0/Visual%20Studio%20Code.app/Contents/Resources/app/out/vs/workbench/workbench.desktop.main.js:7:1281)
    at vscode-file://vscode-app/Users/runner/work/salesforcedx-vscode/salesforcedx-vscode/packages/playwright-vscode-ext/.vscode-test/vscode-darwin-arm64-1.108.0/Visual%20Studio%20Code.app/Contents/Resources/app/out/vs/workbench/workbench.desktop.main.js:3912:37831
    at Array.forEach (<anonymous>)
    at FPt.dispose (vscode-file://vscode-app/Users/runner/work/salesforcedx-vscode/salesforcedx-vscode/packages/playwright-vscode-ext/.vscode-test/vscode-darwin-arm64-1.108.0/Visual%20Studio%20Code.app/Contents/Resources/app/out/vs/workbench/workbench.desktop.main.js:3912:37771)
    at m$e.dispose (vscode-file://vscode-app/Users/runner/work/salesforcedx-vscode/salesforcedx-vscode/packages/playwright-vscode-ext/.vscode-test/vscode-darwin-arm64-1.108.0/Visual%20Studio%20Code.app/Contents/Resources/app/out/vs/workbench/workbench.desktop.main.js:3912:49448)
    at _kn.dispose (vscode-file://vscode-app/Users/runner/work/salesforcedx-vscode/salesforcedx-vscode/packages/playwright-vscode-ext/.vscode-test/vscode-darwin-arm64-1.108.0/Visual%20Studio%20Code.app/Contents/Resources/app/out/vs/workbench/workbench.desktop.main.js:3919:7743)
    at Ukn.stopAllInReverse (vscode-file://vscode-app/Users/runner/work/salesforcedx-vscode/salesforcedx-vscode/packages/playwright-vscode-ext/.vscode-test/vscode-darwin-arm64-1.108.0/Visual%20Studio%20Code.app/Contents/Resources/app/out/vs/workbench/workbench.desktop.main.js:3919:7045)
    at async nTt.vb (vscode-file://vscode-app/Users/runner/work/salesforcedx-vscode/salesforcedx-vscode/packages/playwright-vscode-ext/.vscode-test/vscode-darwin-arm64-1.108.0/Visual%20Studio%20Code.app/Contents/Resources/app/out/vs/workbench/workbench.desktop.main.js:3918:16049)
  at vscode-file://vscode-app/Users/runner/work/salesforcedx-vscode/salesforcedx-vscode/packages/playwright-vscode-ext/.vscode-test/vscode-darwin-arm64-1.108.0/Visual%20Studio%20Code.app/Contents/Resources/app/out/vs/workbench/workbench.desktop.main.js:37
[Electron Console Error] %c  ERR color: #f33 Canceled: Canceled
    at I1 (vscode-file://vscode-app/Users/runner/work/salesforcedx-vscode/salesforcedx-vscode/packages/playwright-vscode-ext/.vscode-test/vscode-darwin-arm64-1.108.0/Visual%20Studio%20Code.app/Contents/Resources/app/out/vs/workbench/workbench.desktop.main.js:7:1281)
    at vscode-file://vscode-app/Users/runner/work/salesforcedx-vscode/salesforcedx-vscode/packages/playwright-vscode-ext/.vscode-test/vscode-darwin-arm64-1.108.0/Visual%20Studio%20Code.app/Contents/Resources/app/out/vs/workbench/workbench.desktop.main.js:3912:37831
    at Array.forEach (<anonymous>)
    at FPt.dispose (vscode-file://vscode-app/Users/runner/work/salesforcedx-vscode/salesforcedx-vscode/packages/playwright-vscode-ext/.vscode-test/vscode-darwin-arm64-1.108.0/Visual%20Studio%20Code.app/Contents/Resources/app/out/vs/workbench/workbench.desktop.main.js:3912:37771)
    at m$e.dispose (vscode-file://vscode-app/Users/runner/work/salesforcedx-vscode/salesforcedx-vscode/packages/playwright-vscode-ext/.vscode-test/vscode-darwin-arm64-1.108.0/Visual%20Studio%20Code.app/Contents/Resources/app/out/vs/workbench/workbench.desktop.main.js:3912:49448)
    at _kn.dispose (vscode-file://vscode-app/Users/runner/work/salesforcedx-vscode/salesforcedx-vscode/packages/playwright-vscode-ext/.vscode-test/vscode-darwin-arm64-1.108.0/Visual%20Studio%20Code.app/Contents/Resources/app/out/vs/workbench/workbench.desktop.main.js:3919:7743)
    at Ukn.stopAllInReverse (vscode-file://vscode-app/Users/runner/work/salesforcedx-vscode/salesforcedx-vscode/packages/playwright-vscode-ext/.vscode-test/vscode-darwin-arm64-1.108.0/Visual%20Studio%20Code.app/Contents/Resources/app/out/vs/workbench/workbench.desktop.main.js:3919:7045)
    at async nTt.vb (vscode-file://vscode-app/Users/runner/work/salesforcedx-vscode/salesforcedx-vscode/packages/playwright-vscode-ext/.vscode-test/vscode-darwin-arm64-1.108.0/Visual%20Studio%20Code.app/Contents/Resources/app/out/vs/workbench/workbench.desktop.main.js:3918:16049)
  at vscode-file://vscode-app/Users/runner/work/salesforcedx-vscode/salesforcedx-vscode/packages/playwright-vscode-ext/.vscode-test/vscode-darwin-arm64-1.108.0/Visual%20Studio%20Code.app/Contents/Resources/app/out/vs/workbench/workbench.desktop.main.js:37
[Electron Console Error] %c  ERR color: #f33 Canceled: Canceled
    at I1 (vscode-file://vscode-app/Users/runner/work/salesforcedx-vscode/salesforcedx-vscode/packages/playwright-vscode-ext/.vscode-test/vscode-darwin-arm64-1.108.0/Visual%20Studio%20Code.app/Contents/Resources/app/out/vs/workbench/workbench.desktop.main.js:7:1281)
    at vscode-file://vscode-app/Users/runner/work/salesforcedx-vscode/salesforcedx-vscode/packages/playwright-vscode-ext/.vscode-test/vscode-darwin-arm64-1.108.0/Visual%20Studio%20Code.app/Contents/Resources/app/out/vs/workbench/workbench.desktop.main.js:3912:37831
    at Array.forEach (<anonymous>)
    at FPt.dispose (vscode-file://vscode-app/Users/runner/work/salesforcedx-vscode/salesforcedx-vscode/packages/playwright-vscode-ext/.vscode-test/vscode-darwin-arm64-1.108.0/Visual%20Studio%20Code.app/Contents/Resources/app/out/vs/workbench/workbench.desktop.main.js:3912:37771)
    at m$e.dispose (vscode-file://vscode-app/Users/runner/work/salesforcedx-vscode/salesforcedx-vscode/packages/playwright-vscode-ext/.vscode-test/vscode-darwin-arm64-1.108.0/Visual%20Studio%20Code.app/Contents/Resources/app/out/vs/workbench/workbench.desktop.main.js:3912:49448)
    at _kn.dispose (vscode-file://vscode-app/Users/runner/work/salesforcedx-vscode/salesforcedx-vscode/packages/playwright-vscode-ext/.vscode-test/vscode-darwin-arm64-1.108.0/Visual%20Studio%20Code.app/Contents/Resources/app/out/vs/workbench/workbench.desktop.main.js:3919:7743)
    at Ukn.stopAllInReverse (vscode-file://vscode-app/Users/runner/work/salesforcedx-vscode/salesforcedx-vscode/packages/playwright-vscode-ext/.vscode-test/vscode-darwin-arm64-1.108.0/Visual%20Studio%20Code.app/Contents/Resources/app/out/vs/workbench/workbench.desktop.main.js:3919:7045)
    at async nTt.vb (vscode-file://vscode-app/Users/runner/work/salesforcedx-vscode/salesforcedx-vscode/packages/playwright-vscode-ext/.vscode-test/vscode-darwin-arm64-1.108.0/Visual%20Studio%20Code.app/Contents/Resources/app/out/vs/workbench/workbench.desktop.main.js:3918:16049)
  at vscode-file://vscode-app/Users/runner/work/salesforcedx-vscode/salesforcedx-vscode/packages/playwright-vscode-ext/.vscode-test/vscode-darwin-arm64-1.108.0/Visual%20Studio%20Code.app/Contents/Resources/app/out/vs/workbench/workbench.desktop.main.js:37
[Electron Console Error] %c  ERR color: #f33 Canceled: Canceled
    at I1 (vscode-file://vscode-app/Users/runner/work/salesforcedx-vscode/salesforcedx-vscode/packages/playwright-vscode-ext/.vscode-test/vscode-darwin-arm64-1.108.0/Visual%20Studio%20Code.app/Contents/Resources/app/out/vs/workbench/workbench.desktop.main.js:7:1281)
    at vscode-file://vscode-app/Users/runner/work/salesforcedx-vscode/salesforcedx-vscode/packages/playwright-vscode-ext/.vscode-test/vscode-darwin-arm64-1.108.0/Visual%20Studio%20Code.app/Contents/Resources/app/out/vs/workbench/workbench.desktop.main.js:3912:37831
    at Array.forEach (<anonymous>)
    at FPt.dispose (vscode-file://vscode-app/Users/runner/work/salesforcedx-vscode/salesforcedx-vscode/packages/playwright-vscode-ext/.vscode-test/vscode-darwin-arm64-1.108.0/Visual%20Studio%20Code.app/Contents/Resources/app/out/vs/workbench/workbench.desktop.main.js:3912:37771)
    at m$e.dispose (vscode-file://vscode-app/Users/runner/work/salesforcedx-vscode/salesforcedx-vscode/packages/playwright-vscode-ext/.vscode-test/vscode-darwin-arm64-1.108.0/Visual%20Studio%20Code.app/Contents/Resources/app/out/vs/workbench/workbench.desktop.main.js:3912:49448)
    at _kn.dispose (vscode-file://vscode-app/Users/runner/work/salesforcedx-vscode/salesforcedx-vscode/packages/playwright-vscode-ext/.vscode-test/vscode-darwin-arm64-1.108.0/Visual%20Studio%20Code.app/Contents/Resources/app/out/vs/workbench/workbench.desktop.main.js:3919:7743)
    at Ukn.stopAllInReverse (vscode-file://vscode-app/Users/runner/work/salesforcedx-vscode/salesforcedx-vscode/packages/playwright-vscode-ext/.vscode-test/vscode-darwin-arm64-1.108.0/Visual%20Studio%20Code.app/Contents/Resources/app/out/vs/workbench/workbench.desktop.main.js:3919:7045)
    at async nTt.vb (vscode-file://vscode-app/Users/runner/work/salesforcedx-vscode/salesforcedx-vscode/packages/playwright-vscode-ext/.vscode-test/vscode-darwin-arm64-1.108.0/Visual%20Studio%20Code.app/Contents/Resources/app/out/vs/workbench/workbench.desktop.main.js:3918:16049)
  at vscode-file://vscode-app/Users/runner/work/salesforcedx-vscode/salesforcedx-vscode/packages/playwright-vscode-ext/.vscode-test/vscode-darwin-arm64-1.108.0/Visual%20Studio%20Code.app/Contents/Resources/app/out/vs/workbench/workbench.desktop.main.js:37
[Electron Console Error] %c  ERR color: #f33 Canceled: Canceled
    at new Dkn (vscode-file://vscode-app/Users/runner/work/salesforcedx-vscode/salesforcedx-vscode/packages/playwright-vscode-ext/.vscode-test/vscode-darwin-arm64-1.108.0/Visual%20Studio%20Code.app/Contents/Resources/app/out/vs/workbench/workbench.desktop.main.js:3912:36350)
    at FPt.U (vscode-file://vscode-app/Users/runner/work/salesforcedx-vscode/salesforcedx-vscode/packages/playwright-vscode-ext/.vscode-test/vscode-darwin-arm64-1.108.0/Visual%20Studio%20Code.app/Contents/Resources/app/out/vs/workbench/workbench.desktop.main.js:3912:41002)
    at n.<computed>.o.charCodeAt.n.<computed> (vscode-file://vscode-app/Users/runner/work/salesforcedx-vscode/salesforcedx-vscode/packages/playwright-vscode-ext/.vscode-test/vscode-darwin-arm64-1.108.0/Visual%20Studio%20Code.app/Contents/Resources/app/out/vs/workbench/workbench.desktop.main.js:3912:38487)
    at Sli.getSessions (vscode-file://vscode-app/Users/runner/work/salesforcedx-vscode/salesforcedx-vscode/packages/playwright-vscode-ext/.vscode-test/vscode-darwin-arm64-1.108.0/Visual%20Studio%20Code.app/Contents/Resources/app/out/vs/workbench/workbench.desktop.main.js:607:74266)
    at oJe.getSessions (vscode-file://vscode-app/Users/runner/work/salesforcedx-vscode/salesforcedx-vscode/packages/playwright-vscode-ext/.vscode-test/vscode-darwin-arm64-1.108.0/Visual%20Studio%20Code.app/Contents/Resources/app/out/vs/workbench/workbench.desktop.main.js:607:71264)
    at oJe.getAccounts (vscode-file://vscode-app/Users/runner/work/salesforcedx-vscode/salesforcedx-vscode/packages/playwright-vscode-ext/.vscode-test/vscode-darwin-arm64-1.108.0/Visual%20Studio%20Code.app/Contents/Resources/app/out/vs/workbench/workbench.desktop.main.js:607:70561)
    at sJe.j (vscode-file://vscode-app/Users/runner/work/salesforcedx-vscode/salesforcedx-vscode/packages/playwright-vscode-ext/.vscode-test/vscode-darwin-arm64-1.108.0/Visual%20Studio%20Code.app/Contents/Resources/app/out/vs/workbench/workbench.desktop.main.js:607:64998)
    at Object.factory (vscode-file://vscode-app/Users/runner/work/salesforcedx-vscode/salesforcedx-vscode/packages/playwright-vscode-ext/.vscode-test/vscode-darwin-arm64-1.108.0/Visual%20Studio%20Code.app/Contents/Resources/app/out/vs/workbench/workbench.desktop.main.js:607:64239)
    at hw.j (vscode-file://vscode-app/Users/runner/work/salesforcedx-vscode/salesforcedx-vscode/packages/playwright-vscode-ext/.vscode-test/vscode-darwin-arm64-1.108.0/Visual%20Studio%20Code.app/Contents/Resources/app/out/vs/workbench/workbench.desktop.main.js:30:75972)
    at hw.k (vscode-file://vscode-app/Users/runner/work/salesforcedx-vscode/salesforcedx-vscode/packages/playwright-vscode-ext/.vscode-test/vscode-darwin-arm64-1.108.0/Visual%20Studio%20Code.app/Contents/Resources/app/out/vs/workbench/workbench.desktop.main.js:30:76105)
  at vscode-file://vscode-app/Users/runner/work/salesforcedx-vscode/salesforcedx-vscode/packages/playwright-vscode-ext/.vscode-test/vscode-darwin-arm64-1.108.0/Visual%20Studio%20Code.app/Contents/Resources/app/out/vs/workbench/workbench.desktop.main.js:37

[[ATTACHMENT|helpers.headless-Helper-Fu-dbcfa-t-for-workspace-to-be-ready-desktop-electron/test-finished-1.png]]

[[ATTACHMENT|helpers.headless-Helper-Fu-dbcfa-t-for-workspace-to-be-ready-desktop-electron/trace.zip]]
]]>
</system-out>
</testcase>
</testsuite>
<testsuite name="outputChannel.headless.spec.ts" timestamp="2026-01-12T22:23:58.754Z" hostname="desktop-electron" tests="5" failures="3" skipped="0" time="226.274" errors="0">
<testcase name="Output Channel › should open output panel" classname="outputChannel.headless.spec.ts" time="53.795">
<failure message="outputChannel.headless.spec.ts:30:7 should open output panel" type="FAILURE">
<![CDATA[  [desktop-electron] › outputChannel.headless.spec.ts:30:7 › Output Channel › should open output panel › Open output panel 

    Error: expect(locator).toBeAttached() failed

    Locator: locator('.quick-input-widget').locator('.quick-input-list .monaco-list-row').filter({ hasText: 'Output: Focus on Output View' }).first()
    Expected: attached
    Timeout: 5000ms
    Error: element(s) not found

    Call log:
      - Expect "toBeAttached" with timeout 5000ms
      - waiting for locator('.quick-input-widget').locator('.quick-input-list .monaco-list-row').filter({ hasText: 'Output: Focus on Output View' }).first()


       at ../../../src/pages/commands.ts:72

      70 |   // Wait for the command row to be attached (exists in DOM)
      71 |   // For virtualized lists, the element may exist but not be visible until scrolled into view
    > 72 |   await expect(commandRow).toBeAttached({ timeout: 5000 });
         |                            ^
      73 |   
      74 |   // For virtualized DOM, click directly via evaluate to bypass Playwright's visibility checks
      75 |   // This is more reliable than using click() with force: true, which still checks visibility
        at executeCommand (/Users/runner/work/salesforcedx-vscode/salesforcedx-vscode/packages/playwright-vscode-ext/src/pages/commands.ts:72:28)
        at executeCommandWithCommandPalette (/Users/runner/work/salesforcedx-vscode/salesforcedx-vscode/packages/playwright-vscode-ext/src/pages/commands.ts:93:3)
        at ensureOutputPanelOpen (/Users/runner/work/salesforcedx-vscode/salesforcedx-vscode/packages/playwright-vscode-ext/src/pages/outputChannel.ts:48:5)
        at /Users/runner/work/salesforcedx-vscode/salesforcedx-vscode/packages/playwright-vscode-ext/test/playwright/specs/outputChannel.headless.spec.ts:32:7
        at /Users/runner/work/salesforcedx-vscode/salesforcedx-vscode/packages/playwright-vscode-ext/test/playwright/specs/outputChannel.headless.spec.ts:31:5

    attachment #1: screenshot (image/png) ──────────────────────────────────────────────────────────
    ../../../test-results/outputChannel.headless-Out-d50ab-el-should-open-output-panel-desktop-electron/test-failed-1.png
    ────────────────────────────────────────────────────────────────────────────────────────────────

    Error Context: ../../../test-results/outputChannel.headless-Out-d50ab-el-should-open-output-panel-desktop-electron/error-context.md

    attachment #3: trace (application/zip) ─────────────────────────────────────────────────────────
    ../../../test-results/outputChannel.headless-Out-d50ab-el-should-open-output-panel-desktop-electron/trace.zip
    Usage:

        npx playwright show-trace ../../../test-results/outputChannel.headless-Out-d50ab-el-should-open-output-panel-desktop-electron/trace.zip

    ────────────────────────────────────────────────────────────────────────────────────────────────

    Retry #1 ───────────────────────────────────────────────────────────────────────────────────────

    Error: expect(locator).toBeVisible() failed

    Locator: locator('[id="workbench.panel.output"]')
    Expected: visible
    Timeout: 10000ms
    Error: element(s) not found

    Call log:
      - Expect "toBeVisible" with timeout 10000ms
      - waiting for locator('[id="workbench.panel.output"]')


       at ../../../src/pages/outputChannel.ts:50

      48 |     await executeCommandWithCommandPalette(page, outputFocusCommand);
      49 |     // Wait for panel to become visible - command execution may take a moment
    > 50 |     await expect(panel).toBeVisible({ timeout: 10_000 });
         |                         ^
      51 |   }
      52 | };
      53 |
        at ensureOutputPanelOpen (/Users/runner/work/salesforcedx-vscode/salesforcedx-vscode/packages/playwright-vscode-ext/src/pages/outputChannel.ts:50:25)
        at /Users/runner/work/salesforcedx-vscode/salesforcedx-vscode/packages/playwright-vscode-ext/test/playwright/specs/outputChannel.headless.spec.ts:32:7
        at /Users/runner/work/salesforcedx-vscode/salesforcedx-vscode/packages/playwright-vscode-ext/test/playwright/specs/outputChannel.headless.spec.ts:31:5

    attachment #1: screenshot (image/png) ──────────────────────────────────────────────────────────
    ../../../test-results/outputChannel.headless-Out-d50ab-el-should-open-output-panel-desktop-electron-retry1/test-failed-1.png
    ────────────────────────────────────────────────────────────────────────────────────────────────

    Error Context: ../../../test-results/outputChannel.headless-Out-d50ab-el-should-open-output-panel-desktop-electron-retry1/error-context.md

    attachment #3: trace (application/zip) ─────────────────────────────────────────────────────────
    ../../../test-results/outputChannel.headless-Out-d50ab-el-should-open-output-panel-desktop-electron-retry1/trace.zip
    Usage:

        npx playwright show-trace ../../../test-results/outputChannel.headless-Out-d50ab-el-should-open-output-panel-desktop-electron-retry1/trace.zip

    ────────────────────────────────────────────────────────────────────────────────────────────────

    Retry #2 ───────────────────────────────────────────────────────────────────────────────────────

    Error: expect(locator).toBeVisible() failed

    Locator: locator('[id="workbench.panel.output"]')
    Expected: visible
    Timeout: 10000ms
    Error: element(s) not found

    Call log:
      - Expect "toBeVisible" with timeout 10000ms
      - waiting for locator('[id="workbench.panel.output"]')


       at ../../../src/pages/outputChannel.ts:50

      48 |     await executeCommandWithCommandPalette(page, outputFocusCommand);
      49 |     // Wait for panel to become visible - command execution may take a moment
    > 50 |     await expect(panel).toBeVisible({ timeout: 10_000 });
         |                         ^
      51 |   }
      52 | };
      53 |
        at ensureOutputPanelOpen (/Users/runner/work/salesforcedx-vscode/salesforcedx-vscode/packages/playwright-vscode-ext/src/pages/outputChannel.ts:50:25)
        at /Users/runner/work/salesforcedx-vscode/salesforcedx-vscode/packages/playwright-vscode-ext/test/playwright/specs/outputChannel.headless.spec.ts:32:7
        at /Users/runner/work/salesforcedx-vscode/salesforcedx-vscode/packages/playwright-vscode-ext/test/playwright/specs/outputChannel.headless.spec.ts:31:5

    attachment #1: screenshot (image/png) ──────────────────────────────────────────────────────────
    ../../../test-results/outputChannel.headless-Out-d50ab-el-should-open-output-panel-desktop-electron-retry2/test-failed-1.png
    ────────────────────────────────────────────────────────────────────────────────────────────────

    Error Context: ../../../test-results/outputChannel.headless-Out-d50ab-el-should-open-output-panel-desktop-electron-retry2/error-context.md

    attachment #3: trace (application/zip) ─────────────────────────────────────────────────────────
    ../../../test-results/outputChannel.headless-Out-d50ab-el-should-open-output-panel-desktop-electron-retry2/trace.zip
    Usage:

        npx playwright show-trace ../../../test-results/outputChannel.headless-Out-d50ab-el-should-open-output-panel-desktop-electron-retry2/trace.zip

    ────────────────────────────────────────────────────────────────────────────────────────────────
]]>
</failure>
<system-out>
<![CDATA[
[[ATTACHMENT|outputChannel.headless-Out-d50ab-el-should-open-output-panel-desktop-electron/test-failed-1.png]]

[[ATTACHMENT|outputChannel.headless-Out-d50ab-el-should-open-output-panel-desktop-electron/error-context.md]]

[[ATTACHMENT|outputChannel.headless-Out-d50ab-el-should-open-output-panel-desktop-electron/trace.zip]]

[[ATTACHMENT|outputChannel.headless-Out-d50ab-el-should-open-output-panel-desktop-electron-retry1/test-failed-1.png]]

[[ATTACHMENT|outputChannel.headless-Out-d50ab-el-should-open-output-panel-desktop-electron-retry1/error-context.md]]

[[ATTACHMENT|outputChannel.headless-Out-d50ab-el-should-open-output-panel-desktop-electron-retry1/trace.zip]]

[[ATTACHMENT|outputChannel.headless-Out-d50ab-el-should-open-output-panel-desktop-electron-retry2/test-failed-1.png]]

[[ATTACHMENT|outputChannel.headless-Out-d50ab-el-should-open-output-panel-desktop-electron-retry2/error-context.md]]

[[ATTACHMENT|outputChannel.headless-Out-d50ab-el-should-open-output-panel-desktop-electron-retry2/trace.zip]]
]]>
</system-out>
<system-err>
<![CDATA[- Resolving version...
[32m✔[39m Validated version: 1.108.0
[32m✔[39m Found existing install in /Users/runner/work/salesforcedx-vscode/salesforcedx-vscode/packages/playwright-vscode-ext/.vscode-test/vscode-darwin-arm64-1.108.0
- Resolving version...
[32m✔[39m Validated version: 1.108.0
[32m✔[39m Found existing install in /Users/runner/work/salesforcedx-vscode/salesforcedx-vscode/packages/playwright-vscode-ext/.vscode-test/vscode-darwin-arm64-1.108.0
]]>
</system-err>
</testcase>
<testcase name="Output Channel › should select output channel" classname="outputChannel.headless.spec.ts" time="12.11">
<system-out>
<![CDATA[
[[ATTACHMENT|outputChannel.headless-Out-376a0-hould-select-output-channel-desktop-electron/test-finished-1.png]]

[[ATTACHMENT|outputChannel.headless-Out-376a0-hould-select-output-channel-desktop-electron/trace.zip]]
]]>
</system-out>
<system-err>
<![CDATA[- Resolving version...
[32m✔[39m Validated version: 1.108.0
[32m✔[39m Found existing install in /Users/runner/work/salesforcedx-vscode/salesforcedx-vscode/packages/playwright-vscode-ext/.vscode-test/vscode-darwin-arm64-1.108.0
]]>
</system-err>
</testcase>
<testcase name="Output Channel › should wait for output text" classname="outputChannel.headless.spec.ts" time="55.586">
<failure message="outputChannel.headless.spec.ts:57:7 should wait for output text" type="FAILURE">
<![CDATA[  [desktop-electron] › outputChannel.headless.spec.ts:57:7 › Output Channel › should wait for output text › Open output panel 

    Error: expect(locator).toBeVisible() failed

    Locator: locator('[id="workbench.panel.output"]')
    Expected: visible
    Timeout: 10000ms
    Error: element(s) not found

    Call log:
      - Expect "toBeVisible" with timeout 10000ms
      - waiting for locator('[id="workbench.panel.output"]')


       at ../../../src/pages/outputChannel.ts:50

      48 |     await executeCommandWithCommandPalette(page, outputFocusCommand);
      49 |     // Wait for panel to become visible - command execution may take a moment
    > 50 |     await expect(panel).toBeVisible({ timeout: 10_000 });
         |                         ^
      51 |   }
      52 | };
      53 |
        at ensureOutputPanelOpen (/Users/runner/work/salesforcedx-vscode/salesforcedx-vscode/packages/playwright-vscode-ext/src/pages/outputChannel.ts:50:25)
        at /Users/runner/work/salesforcedx-vscode/salesforcedx-vscode/packages/playwright-vscode-ext/test/playwright/specs/outputChannel.headless.spec.ts:59:7
        at /Users/runner/work/salesforcedx-vscode/salesforcedx-vscode/packages/playwright-vscode-ext/test/playwright/specs/outputChannel.headless.spec.ts:58:5

    attachment #1: screenshot (image/png) ──────────────────────────────────────────────────────────
    ../../../test-results/outputChannel.headless-Out-9a2cf-should-wait-for-output-text-desktop-electron/test-failed-1.png
    ────────────────────────────────────────────────────────────────────────────────────────────────

    Error Context: ../../../test-results/outputChannel.headless-Out-9a2cf-should-wait-for-output-text-desktop-electron/error-context.md

    attachment #3: trace (application/zip) ─────────────────────────────────────────────────────────
    ../../../test-results/outputChannel.headless-Out-9a2cf-should-wait-for-output-text-desktop-electron/trace.zip
    Usage:

        npx playwright show-trace ../../../test-results/outputChannel.headless-Out-9a2cf-should-wait-for-output-text-desktop-electron/trace.zip

    ────────────────────────────────────────────────────────────────────────────────────────────────

    Retry #1 ───────────────────────────────────────────────────────────────────────────────────────

    Error: expect(locator).toBeVisible() failed

    Locator: locator('[id="workbench.panel.output"]')
    Expected: visible
    Timeout: 10000ms
    Error: element(s) not found

    Call log:
      - Expect "toBeVisible" with timeout 10000ms
      - waiting for locator('[id="workbench.panel.output"]')


       at ../../../src/pages/outputChannel.ts:50

      48 |     await executeCommandWithCommandPalette(page, outputFocusCommand);
      49 |     // Wait for panel to become visible - command execution may take a moment
    > 50 |     await expect(panel).toBeVisible({ timeout: 10_000 });
         |                         ^
      51 |   }
      52 | };
      53 |
        at ensureOutputPanelOpen (/Users/runner/work/salesforcedx-vscode/salesforcedx-vscode/packages/playwright-vscode-ext/src/pages/outputChannel.ts:50:25)
        at /Users/runner/work/salesforcedx-vscode/salesforcedx-vscode/packages/playwright-vscode-ext/test/playwright/specs/outputChannel.headless.spec.ts:59:7
        at /Users/runner/work/salesforcedx-vscode/salesforcedx-vscode/packages/playwright-vscode-ext/test/playwright/specs/outputChannel.headless.spec.ts:58:5

    attachment #1: screenshot (image/png) ──────────────────────────────────────────────────────────
    ../../../test-results/outputChannel.headless-Out-9a2cf-should-wait-for-output-text-desktop-electron-retry1/test-failed-1.png
    ────────────────────────────────────────────────────────────────────────────────────────────────

    Error Context: ../../../test-results/outputChannel.headless-Out-9a2cf-should-wait-for-output-text-desktop-electron-retry1/error-context.md

    attachment #3: trace (application/zip) ─────────────────────────────────────────────────────────
    ../../../test-results/outputChannel.headless-Out-9a2cf-should-wait-for-output-text-desktop-electron-retry1/trace.zip
    Usage:

        npx playwright show-trace ../../../test-results/outputChannel.headless-Out-9a2cf-should-wait-for-output-text-desktop-electron-retry1/trace.zip

    ────────────────────────────────────────────────────────────────────────────────────────────────

    Retry #2 ───────────────────────────────────────────────────────────────────────────────────────

    Error: expect(locator).toBeAttached() failed

    Locator: locator('.quick-input-widget').locator('.quick-input-list .monaco-list-row').filter({ hasText: 'Output: Focus on Output View' }).first()
    Expected: attached
    Timeout: 5000ms
    Error: element(s) not found

    Call log:
      - Expect "toBeAttached" with timeout 5000ms
      - waiting for locator('.quick-input-widget').locator('.quick-input-list .monaco-list-row').filter({ hasText: 'Output: Focus on Output View' }).first()


       at ../../../src/pages/commands.ts:72

      70 |   // Wait for the command row to be attached (exists in DOM)
      71 |   // For virtualized lists, the element may exist but not be visible until scrolled into view
    > 72 |   await expect(commandRow).toBeAttached({ timeout: 5000 });
         |                            ^
      73 |   
      74 |   // For virtualized DOM, click directly via evaluate to bypass Playwright's visibility checks
      75 |   // This is more reliable than using click() with force: true, which still checks visibility
        at executeCommand (/Users/runner/work/salesforcedx-vscode/salesforcedx-vscode/packages/playwright-vscode-ext/src/pages/commands.ts:72:28)
        at executeCommandWithCommandPalette (/Users/runner/work/salesforcedx-vscode/salesforcedx-vscode/packages/playwright-vscode-ext/src/pages/commands.ts:93:3)
        at ensureOutputPanelOpen (/Users/runner/work/salesforcedx-vscode/salesforcedx-vscode/packages/playwright-vscode-ext/src/pages/outputChannel.ts:48:5)
        at /Users/runner/work/salesforcedx-vscode/salesforcedx-vscode/packages/playwright-vscode-ext/test/playwright/specs/outputChannel.headless.spec.ts:59:7
        at /Users/runner/work/salesforcedx-vscode/salesforcedx-vscode/packages/playwright-vscode-ext/test/playwright/specs/outputChannel.headless.spec.ts:58:5

    attachment #1: screenshot (image/png) ──────────────────────────────────────────────────────────
    ../../../test-results/outputChannel.headless-Out-9a2cf-should-wait-for-output-text-desktop-electron-retry2/test-failed-1.png
    ────────────────────────────────────────────────────────────────────────────────────────────────

    Error Context: ../../../test-results/outputChannel.headless-Out-9a2cf-should-wait-for-output-text-desktop-electron-retry2/error-context.md

    attachment #3: trace (application/zip) ─────────────────────────────────────────────────────────
    ../../../test-results/outputChannel.headless-Out-9a2cf-should-wait-for-output-text-desktop-electron-retry2/trace.zip
    Usage:

        npx playwright show-trace ../../../test-results/outputChannel.headless-Out-9a2cf-should-wait-for-output-text-desktop-electron-retry2/trace.zip

    ────────────────────────────────────────────────────────────────────────────────────────────────
]]>
</failure>
<system-out>
<![CDATA[
[[ATTACHMENT|outputChannel.headless-Out-9a2cf-should-wait-for-output-text-desktop-electron/test-failed-1.png]]

[[ATTACHMENT|outputChannel.headless-Out-9a2cf-should-wait-for-output-text-desktop-electron/error-context.md]]

[[ATTACHMENT|outputChannel.headless-Out-9a2cf-should-wait-for-output-text-desktop-electron/trace.zip]]

[[ATTACHMENT|outputChannel.headless-Out-9a2cf-should-wait-for-output-text-desktop-electron-retry1/test-failed-1.png]]

[[ATTACHMENT|outputChannel.headless-Out-9a2cf-should-wait-for-output-text-desktop-electron-retry1/error-context.md]]

[[ATTACHMENT|outputChannel.headless-Out-9a2cf-should-wait-for-output-text-desktop-electron-retry1/trace.zip]]

[[ATTACHMENT|outputChannel.headless-Out-9a2cf-should-wait-for-output-text-desktop-electron-retry2/test-failed-1.png]]

[[ATTACHMENT|outputChannel.headless-Out-9a2cf-should-wait-for-output-text-desktop-electron-retry2/error-context.md]]

[[ATTACHMENT|outputChannel.headless-Out-9a2cf-should-wait-for-output-text-desktop-electron-retry2/trace.zip]]
]]>
</system-out>
<system-err>
<![CDATA[- Resolving version...
[32m✔[39m Validated version: 1.108.0
[32m✔[39m Found existing install in /Users/runner/work/salesforcedx-vscode/salesforcedx-vscode/packages/playwright-vscode-ext/.vscode-test/vscode-darwin-arm64-1.108.0
- Resolving version...
[32m✔[39m Validated version: 1.108.0
[32m✔[39m Found existing install in /Users/runner/work/salesforcedx-vscode/salesforcedx-vscode/packages/playwright-vscode-ext/.vscode-test/vscode-darwin-arm64-1.108.0
]]>
</system-err>
</testcase>
<testcase name="Output Channel › should check if output contains text" classname="outputChannel.headless.spec.ts" time="52.881">
<failure message="outputChannel.headless.spec.ts:72:7 should check if output contains text" type="FAILURE">
<![CDATA[  [desktop-electron] › outputChannel.headless.spec.ts:72:7 › Output Channel › should check if output contains text › Open output panel 

    Error: expect(locator).toBeVisible() failed

    Locator: locator('[id="workbench.panel.output"]')
    Expected: visible
    Timeout: 10000ms
    Error: element(s) not found

    Call log:
      - Expect "toBeVisible" with timeout 10000ms
      - waiting for locator('[id="workbench.panel.output"]')


       at ../../../src/pages/outputChannel.ts:50

      48 |     await executeCommandWithCommandPalette(page, outputFocusCommand);
      49 |     // Wait for panel to become visible - command execution may take a moment
    > 50 |     await expect(panel).toBeVisible({ timeout: 10_000 });
         |                         ^
      51 |   }
      52 | };
      53 |
        at ensureOutputPanelOpen (/Users/runner/work/salesforcedx-vscode/salesforcedx-vscode/packages/playwright-vscode-ext/src/pages/outputChannel.ts:50:25)
        at /Users/runner/work/salesforcedx-vscode/salesforcedx-vscode/packages/playwright-vscode-ext/test/playwright/specs/outputChannel.headless.spec.ts:74:7
        at /Users/runner/work/salesforcedx-vscode/salesforcedx-vscode/packages/playwright-vscode-ext/test/playwright/specs/outputChannel.headless.spec.ts:73:5

    attachment #1: screenshot (image/png) ──────────────────────────────────────────────────────────
    ../../../test-results/outputChannel.headless-Out-4b6d9-eck-if-output-contains-text-desktop-electron/test-failed-1.png
    ────────────────────────────────────────────────────────────────────────────────────────────────

    Error Context: ../../../test-results/outputChannel.headless-Out-4b6d9-eck-if-output-contains-text-desktop-electron/error-context.md

    attachment #3: trace (application/zip) ─────────────────────────────────────────────────────────
    ../../../test-results/outputChannel.headless-Out-4b6d9-eck-if-output-contains-text-desktop-electron/trace.zip
    Usage:

        npx playwright show-trace ../../../test-results/outputChannel.headless-Out-4b6d9-eck-if-output-contains-text-desktop-electron/trace.zip

    ────────────────────────────────────────────────────────────────────────────────────────────────

    Retry #1 ───────────────────────────────────────────────────────────────────────────────────────

    TimeoutError: locator.waitFor: Timeout 5000ms exceeded.
    Call log:
      - waiting for locator('.quick-input-widget') to be visible
        14 × locator resolved to hidden <div tabindex="-1" class="quick-input-widget show-file-icons">…</div>


       at ../../../src/pages/commands.ts:40

      38 |   const input = widget.locator('input.input');
      39 |   // Wait for widget to be visible first, then wait for input to be attached and visible
    > 40 |   await widget.waitFor({ state: 'visible', timeout: 5000 });
         |                ^
      41 |   await input.waitFor({ state: 'attached', timeout: 5000 });
      42 |   await expect(input).toBeVisible({ timeout: 5000 });
      43 |   await input.pressSequentially(command, { delay: 5 });
        at executeCommand (/Users/runner/work/salesforcedx-vscode/salesforcedx-vscode/packages/playwright-vscode-ext/src/pages/commands.ts:40:16)
        at executeCommandWithCommandPalette (/Users/runner/work/salesforcedx-vscode/salesforcedx-vscode/packages/playwright-vscode-ext/src/pages/commands.ts:93:9)
        at ensureOutputPanelOpen (/Users/runner/work/salesforcedx-vscode/salesforcedx-vscode/packages/playwright-vscode-ext/src/pages/outputChannel.ts:48:5)
        at /Users/runner/work/salesforcedx-vscode/salesforcedx-vscode/packages/playwright-vscode-ext/test/playwright/specs/outputChannel.headless.spec.ts:74:7
        at /Users/runner/work/salesforcedx-vscode/salesforcedx-vscode/packages/playwright-vscode-ext/test/playwright/specs/outputChannel.headless.spec.ts:73:5

    attachment #1: screenshot (image/png) ──────────────────────────────────────────────────────────
    ../../../test-results/outputChannel.headless-Out-4b6d9-eck-if-output-contains-text-desktop-electron-retry1/test-failed-1.png
    ────────────────────────────────────────────────────────────────────────────────────────────────

    Error Context: ../../../test-results/outputChannel.headless-Out-4b6d9-eck-if-output-contains-text-desktop-electron-retry1/error-context.md

    attachment #3: trace (application/zip) ─────────────────────────────────────────────────────────
    ../../../test-results/outputChannel.headless-Out-4b6d9-eck-if-output-contains-text-desktop-electron-retry1/trace.zip
    Usage:

        npx playwright show-trace ../../../test-results/outputChannel.headless-Out-4b6d9-eck-if-output-contains-text-desktop-electron-retry1/trace.zip

    ────────────────────────────────────────────────────────────────────────────────────────────────

    Retry #2 ───────────────────────────────────────────────────────────────────────────────────────

    Error: expect(locator).toBeAttached() failed

    Locator: locator('.quick-input-widget').locator('.quick-input-list .monaco-list-row').filter({ hasText: 'Output: Focus on Output View' }).first()
    Expected: attached
    Timeout: 5000ms
    Error: element(s) not found

    Call log:
      - Expect "toBeAttached" with timeout 5000ms
      - waiting for locator('.quick-input-widget').locator('.quick-input-list .monaco-list-row').filter({ hasText: 'Output: Focus on Output View' }).first()


       at ../../../src/pages/commands.ts:72

      70 |   // Wait for the command row to be attached (exists in DOM)
      71 |   // For virtualized lists, the element may exist but not be visible until scrolled into view
    > 72 |   await expect(commandRow).toBeAttached({ timeout: 5000 });
         |                            ^
      73 |   
      74 |   // For virtualized DOM, click directly via evaluate to bypass Playwright's visibility checks
      75 |   // This is more reliable than using click() with force: true, which still checks visibility
        at executeCommand (/Users/runner/work/salesforcedx-vscode/salesforcedx-vscode/packages/playwright-vscode-ext/src/pages/commands.ts:72:28)
        at executeCommandWithCommandPalette (/Users/runner/work/salesforcedx-vscode/salesforcedx-vscode/packages/playwright-vscode-ext/src/pages/commands.ts:93:3)
        at ensureOutputPanelOpen (/Users/runner/work/salesforcedx-vscode/salesforcedx-vscode/packages/playwright-vscode-ext/src/pages/outputChannel.ts:48:5)
        at /Users/runner/work/salesforcedx-vscode/salesforcedx-vscode/packages/playwright-vscode-ext/test/playwright/specs/outputChannel.headless.spec.ts:74:7
        at /Users/runner/work/salesforcedx-vscode/salesforcedx-vscode/packages/playwright-vscode-ext/test/playwright/specs/outputChannel.headless.spec.ts:73:5

    attachment #1: screenshot (image/png) ──────────────────────────────────────────────────────────
    ../../../test-results/outputChannel.headless-Out-4b6d9-eck-if-output-contains-text-desktop-electron-retry2/test-failed-1.png
    ────────────────────────────────────────────────────────────────────────────────────────────────

    Error Context: ../../../test-results/outputChannel.headless-Out-4b6d9-eck-if-output-contains-text-desktop-electron-retry2/error-context.md

    attachment #3: trace (application/zip) ─────────────────────────────────────────────────────────
    ../../../test-results/outputChannel.headless-Out-4b6d9-eck-if-output-contains-text-desktop-electron-retry2/trace.zip
    Usage:

        npx playwright show-trace ../../../test-results/outputChannel.headless-Out-4b6d9-eck-if-output-contains-text-desktop-electron-retry2/trace.zip

    ────────────────────────────────────────────────────────────────────────────────────────────────
]]>
</failure>
<system-out>
<![CDATA[
[[ATTACHMENT|outputChannel.headless-Out-4b6d9-eck-if-output-contains-text-desktop-electron/test-failed-1.png]]

[[ATTACHMENT|outputChannel.headless-Out-4b6d9-eck-if-output-contains-text-desktop-electron/error-context.md]]

[[ATTACHMENT|outputChannel.headless-Out-4b6d9-eck-if-output-contains-text-desktop-electron/trace.zip]]

[[ATTACHMENT|outputChannel.headless-Out-4b6d9-eck-if-output-contains-text-desktop-electron-retry1/test-failed-1.png]]

[[ATTACHMENT|outputChannel.headless-Out-4b6d9-eck-if-output-contains-text-desktop-electron-retry1/error-context.md]]

[[ATTACHMENT|outputChannel.headless-Out-4b6d9-eck-if-output-contains-text-desktop-electron-retry1/trace.zip]]

[[ATTACHMENT|outputChannel.headless-Out-4b6d9-eck-if-output-contains-text-desktop-electron-retry2/test-failed-1.png]]

[[ATTACHMENT|outputChannel.headless-Out-4b6d9-eck-if-output-contains-text-desktop-electron-retry2/error-context.md]]

[[ATTACHMENT|outputChannel.headless-Out-4b6d9-eck-if-output-contains-text-desktop-electron-retry2/trace.zip]]
]]>
</system-out>
<system-err>
<![CDATA[- Resolving version...
[32m✔[39m Validated version: 1.108.0
[32m✔[39m Found existing install in /Users/runner/work/salesforcedx-vscode/salesforcedx-vscode/packages/playwright-vscode-ext/.vscode-test/vscode-darwin-arm64-1.108.0
- Resolving version...
[32m✔[39m Validated version: 1.108.0
[32m✔[39m Found existing install in /Users/runner/work/salesforcedx-vscode/salesforcedx-vscode/packages/playwright-vscode-ext/.vscode-test/vscode-darwin-arm64-1.108.0
- Resolving version...
[32m✔[39m Validated version: 1.108.0
[32m✔[39m Found existing install in /Users/runner/work/salesforcedx-vscode/salesforcedx-vscode/packages/playwright-vscode-ext/.vscode-test/vscode-darwin-arm64-1.108.0
]]>
</system-err>
</testcase>
<testcase name="Output Channel › should clear output channel" classname="outputChannel.headless.spec.ts" time="51.902">
<system-out>
<![CDATA[
[[ATTACHMENT|outputChannel.headless-Out-c563a-should-clear-output-channel-desktop-electron/test-failed-1.png]]

[[ATTACHMENT|outputChannel.headless-Out-c563a-should-clear-output-channel-desktop-electron/error-context.md]]

[[ATTACHMENT|outputChannel.headless-Out-c563a-should-clear-output-channel-desktop-electron/trace.zip]]

[[ATTACHMENT|outputChannel.headless-Out-c563a-should-clear-output-channel-desktop-electron-retry1/test-failed-1.png]]

[[ATTACHMENT|outputChannel.headless-Out-c563a-should-clear-output-channel-desktop-electron-retry1/error-context.md]]

[[ATTACHMENT|outputChannel.headless-Out-c563a-should-clear-output-channel-desktop-electron-retry1/trace.zip]]
[Electron Console Error] %c  ERR color: #f33 Unable to resolve resource output:tasks: Error: Unable to resolve resource output:tasks
    at zXe.r (vscode-file://vscode-app/Users/runner/work/salesforcedx-vscode/salesforcedx-vscode/packages/playwright-vscode-ext/.vscode-test/vscode-darwin-arm64-1.108.0/Visual%20Studio%20Code.app/Contents/Resources/app/out/vs/workbench/workbench.desktop.main.js:1323:21693)
    at zXe.r (vscode-file://vscode-app/Users/runner/work/salesforcedx-vscode/salesforcedx-vscode/packages/playwright-vscode-ext/.vscode-test/vscode-darwin-arm64-1.108.0/Visual%20Studio%20Code.app/Contents/Resources/app/out/vs/workbench/workbench.desktop.main.js:1323:21679)
    at async wNt.acquire (vscode-file://vscode-app/Users/runner/work/salesforcedx-vscode/salesforcedx-vscode/packages/playwright-vscode-ext/.vscode-test/vscode-darwin-arm64-1.108.0/Visual%20Studio%20Code.app/Contents/Resources/app/out/vs/workbench/workbench.desktop.main.js:27:3374)
    at async GXe.createModelReference (vscode-file://vscode-app/Users/runner/work/salesforcedx-vscode/salesforcedx-vscode/packages/playwright-vscode-ext/.vscode-test/vscode-darwin-arm64-1.108.0/Visual%20Studio%20Code.app/Contents/Resources/app/out/vs/workbench/workbench.desktop.main.js:1323:23012)
    at async Z$.resolve (vscode-file://vscode-app/Users/runner/work/salesforcedx-vscode/salesforcedx-vscode/packages/playwright-vscode-ext/.vscode-test/vscode-darwin-arm64-1.108.0/Visual%20Studio%20Code.app/Contents/Resources/app/out/vs/workbench/workbench.desktop.main.js:548:15389)
    at async WCt.setInput (vscode-file://vscode-app/Users/runner/work/salesforcedx-vscode/salesforcedx-vscode/packages/playwright-vscode-ext/.vscode-test/vscode-darwin-arm64-1.108.0/Visual%20Studio%20Code.app/Contents/Resources/app/out/vs/workbench/workbench.desktop.main.js:702:81047)
    at async WCt.setInput (vscode-file://vscode-app/Users/runner/work/salesforcedx-vscode/salesforcedx-vscode/packages/playwright-vscode-ext/.vscode-test/vscode-darwin-arm64-1.108.0/Visual%20Studio%20Code.app/Contents/Resources/app/out/vs/workbench/workbench.desktop.main.js:2850:15866)
  at vscode-file://vscode-app/Users/runner/work/salesforcedx-vscode/salesforcedx-vscode/packages/playwright-vscode-ext/.vscode-test/vscode-darwin-arm64-1.108.0/Visual%20Studio%20Code.app/Contents/Resources/app/out/vs/workbench/workbench.desktop.main.js:37

[[ATTACHMENT|outputChannel.headless-Out-c563a-should-clear-output-channel-desktop-electron-retry2/test-finished-1.png]]

[[ATTACHMENT|outputChannel.headless-Out-c563a-should-clear-output-channel-desktop-electron-retry2/trace.zip]]
]]>
</system-out>
<system-err>
<![CDATA[- Resolving version...
[32m✔[39m Validated version: 1.108.0
[32m✔[39m Found existing install in /Users/runner/work/salesforcedx-vscode/salesforcedx-vscode/packages/playwright-vscode-ext/.vscode-test/vscode-darwin-arm64-1.108.0
- Resolving version...
[32m✔[39m Validated version: 1.108.0
[32m✔[39m Found existing install in /Users/runner/work/salesforcedx-vscode/salesforcedx-vscode/packages/playwright-vscode-ext/.vscode-test/vscode-darwin-arm64-1.108.0
- Resolving version...
[32m✔[39m Validated version: 1.108.0
[32m✔[39m Found existing install in /Users/runner/work/salesforcedx-vscode/salesforcedx-vscode/packages/playwright-vscode-ext/.vscode-test/vscode-darwin-arm64-1.108.0
]]>
</system-err>
</testcase>
</testsuite>
<testsuite name="settings.headless.spec.ts" timestamp="2026-01-12T22:23:58.754Z" hostname="desktop-electron" tests="4" failures="0" skipped="0" time="45.755" errors="0">
<testcase name="Settings › should open settings UI" classname="settings.headless.spec.ts" time="7.408">
<system-out>
<![CDATA[
[[ATTACHMENT|settings.headless-Settings-should-open-settings-UI-desktop-electron/test-finished-1.png]]

[[ATTACHMENT|settings.headless-Settings-should-open-settings-UI-desktop-electron/trace.zip]]
]]>
</system-out>
</testcase>
<testcase name="Settings › should search for settings" classname="settings.headless.spec.ts" time="16.112">
<system-out>
<![CDATA[
[[ATTACHMENT|settings.headless-Settings-should-search-for-settings-desktop-electron/test-finished-1.png]]

[[ATTACHMENT|settings.headless-Settings-should-search-for-settings-desktop-electron/trace.zip]]
]]>
</system-out>
</testcase>
<testcase name="Settings › should modify textbox setting" classname="settings.headless.spec.ts" time="10.138">
<system-out>
<![CDATA[
[[ATTACHMENT|settings.headless-Settings-should-modify-textbox-setting-desktop-electron/test-finished-1.png]]

[[ATTACHMENT|settings.headless-Settings-should-modify-textbox-setting-desktop-electron/trace.zip]]
]]>
</system-out>
</testcase>
<testcase name="Settings › should modify checkbox setting" classname="settings.headless.spec.ts" time="12.097">
<system-out>
<![CDATA[
[[ATTACHMENT|settings.headless-Settings-should-modify-checkbox-setting-desktop-electron/test-finished-1.png]]

[[ATTACHMENT|settings.headless-Settings-should-modify-checkbox-setting-desktop-electron/trace.zip]]
]]>
</system-out>
</testcase>
</testsuite>
</testsuites>