<testsuites id="" name="" tests="21" failures="4" skipped="3" errors="0" time="593.062127">
<testsuite name="commandPalette.headless.spec.ts" timestamp="2026-01-12T19:07:05.189Z" hostname="desktop-electron" tests="3" failures="1" skipped="1" time="76.846" errors="0">
<testcase name="Command Palette › should open command palette with F1" classname="commandPalette.headless.spec.ts" time="27.738">
<system-out>
<![CDATA[[Electron Console Error] %c  ERR color: #f33 [/Users/runner/work/salesforcedx-vscode/salesforcedx-vscode/packages/playwright-vscode-ext]: property `engines` is mandatory and must be of type `object`
  at vscode-file://vscode-app/Users/runner/work/salesforcedx-vscode/salesforcedx-vscode/packages/playwright-vscode-ext/.vscode-test/vscode-darwin-arm64-1.108.0/Visual%20Studio%20Code.app/Contents/Resources/app/out/vs/workbench/workbench.desktop.main.js:37

[[ATTACHMENT|commandPalette.headless-Co-0aa59-pen-command-palette-with-F1-desktop-electron/test-finished-1.png]]

[[ATTACHMENT|commandPalette.headless-Co-0aa59-pen-command-palette-with-F1-desktop-electron/trace.zip]]
]]>
</system-out>
<system-err>
<![CDATA[- Resolving version...
[32m✔[39m Validated version: 1.108.0
- Found at https://update.code.visualstudio.com/1.108.0/darwin-arm64/stable?released=true
[32m✔[39m Found at https://update.code.visualstudio.com/1.108.0/darwin-arm64/stable?released=true
- Downloading (149.91 MB)
[32m✔[39m Downloaded VS Code into /Users/runner/work/salesforcedx-vscode/salesforcedx-vscode/packages/playwright-vscode-ext/.vscode-test/vscode-darwin-arm64-1.108.0
]]>
</system-err>
</testcase>
<testcase name="Command Palette › should execute command via command palette" classname="commandPalette.headless.spec.ts" time="43.765">
<failure message="commandPalette.headless.spec.ts:32:7 should execute command via command palette" type="FAILURE">
<![CDATA[  [desktop-electron] › commandPalette.headless.spec.ts:32:7 › Command Palette › should execute command via command palette › Execute "View: Close All Editors" command 

    Error: expect(locator).toBeVisible() failed

    Locator:  locator('.quick-input-widget').locator('.quick-input-list .monaco-list-row').filter({ hasText: 'View: Close All Editors' }).first()
    Expected: visible
    Received: hidden
    Timeout:  5000ms

    Call log:
      - Expect "toBeVisible" with timeout 5000ms
      - waiting for locator('.quick-input-widget').locator('.quick-input-list .monaco-list-row').filter({ hasText: 'View: Close All Editors' }).first()
        9 × locator resolved to <div role="option" data-index="0" aria-level="1" aria-setsize="5" id="list_id_5_0" aria-posinset="1" draggable="false" data-parity="even" data-last-element="false" class="monaco-list-row focused" aria-label="View: Close All Editors, Command+K Command+W">…</div>
          - unexpected value "hidden"


       at ../../../src/pages/commands.ts:74

      72 |   // Wait for the element to be visible - Playwright's click() will automatically scroll into view if needed
      73 |   // Don't use scrollIntoViewIfNeeded() for virtualized DOM as the element won't exist until scrolled into view
    > 74 |   await expect(commandRow).toBeVisible({ timeout: 5000 });
         |                            ^
      75 |   
      76 |   // Click the command row - Playwright will handle scrolling if needed
      77 |   await commandRow.click();
        at executeCommand (/Users/runner/work/salesforcedx-vscode/salesforcedx-vscode/packages/playwright-vscode-ext/src/pages/commands.ts:74:28)
        at executeCommandWithCommandPalette (/Users/runner/work/salesforcedx-vscode/salesforcedx-vscode/packages/playwright-vscode-ext/src/pages/commands.ts:91:3)
        at /Users/runner/work/salesforcedx-vscode/salesforcedx-vscode/packages/playwright-vscode-ext/test/playwright/specs/commandPalette.headless.spec.ts:34:7
        at /Users/runner/work/salesforcedx-vscode/salesforcedx-vscode/packages/playwright-vscode-ext/test/playwright/specs/commandPalette.headless.spec.ts:33:5

    attachment #1: screenshot (image/png) ──────────────────────────────────────────────────────────
    ../../../test-results/commandPalette.headless-Co-16549-command-via-command-palette-desktop-electron/test-failed-1.png
    ────────────────────────────────────────────────────────────────────────────────────────────────

    Error Context: ../../../test-results/commandPalette.headless-Co-16549-command-via-command-palette-desktop-electron/error-context.md

    attachment #3: trace (application/zip) ─────────────────────────────────────────────────────────
    ../../../test-results/commandPalette.headless-Co-16549-command-via-command-palette-desktop-electron/trace.zip
    Usage:

        npx playwright show-trace ../../../test-results/commandPalette.headless-Co-16549-command-via-command-palette-desktop-electron/trace.zip

    ────────────────────────────────────────────────────────────────────────────────────────────────

    Retry #1 ───────────────────────────────────────────────────────────────────────────────────────

    Error: expect(locator).toBeVisible() failed

    Locator:  locator('.quick-input-widget').locator('.quick-input-list .monaco-list-row').filter({ hasText: 'View: Close All Editors' }).first()
    Expected: visible
    Received: hidden
    Timeout:  5000ms

    Call log:
      - Expect "toBeVisible" with timeout 5000ms
      - waiting for locator('.quick-input-widget').locator('.quick-input-list .monaco-list-row').filter({ hasText: 'View: Close All Editors' }).first()
        9 × locator resolved to <div role="option" data-index="3" aria-level="1" id="list_id_6_3" data-parity="odd" aria-setsize="33" aria-posinset="4" draggable="false" class="monaco-list-row" data-last-element="false" aria-label="View: Close All Editors, Command+K Command+W">…</div>
          - unexpected value "hidden"


       at ../../../src/pages/commands.ts:74

      72 |   // Wait for the element to be visible - Playwright's click() will automatically scroll into view if needed
      73 |   // Don't use scrollIntoViewIfNeeded() for virtualized DOM as the element won't exist until scrolled into view
    > 74 |   await expect(commandRow).toBeVisible({ timeout: 5000 });
         |                            ^
      75 |   
      76 |   // Click the command row - Playwright will handle scrolling if needed
      77 |   await commandRow.click();
        at executeCommand (/Users/runner/work/salesforcedx-vscode/salesforcedx-vscode/packages/playwright-vscode-ext/src/pages/commands.ts:74:28)
        at executeCommandWithCommandPalette (/Users/runner/work/salesforcedx-vscode/salesforcedx-vscode/packages/playwright-vscode-ext/src/pages/commands.ts:91:3)
        at /Users/runner/work/salesforcedx-vscode/salesforcedx-vscode/packages/playwright-vscode-ext/test/playwright/specs/commandPalette.headless.spec.ts:34:7
        at /Users/runner/work/salesforcedx-vscode/salesforcedx-vscode/packages/playwright-vscode-ext/test/playwright/specs/commandPalette.headless.spec.ts:33:5

    attachment #1: screenshot (image/png) ──────────────────────────────────────────────────────────
    ../../../test-results/commandPalette.headless-Co-16549-command-via-command-palette-desktop-electron-retry1/test-failed-1.png
    ────────────────────────────────────────────────────────────────────────────────────────────────

    Error Context: ../../../test-results/commandPalette.headless-Co-16549-command-via-command-palette-desktop-electron-retry1/error-context.md

    attachment #3: trace (application/zip) ─────────────────────────────────────────────────────────
    ../../../test-results/commandPalette.headless-Co-16549-command-via-command-palette-desktop-electron-retry1/trace.zip
    Usage:

        npx playwright show-trace ../../../test-results/commandPalette.headless-Co-16549-command-via-command-palette-desktop-electron-retry1/trace.zip

    ────────────────────────────────────────────────────────────────────────────────────────────────

    Retry #2 ───────────────────────────────────────────────────────────────────────────────────────

    Error: expect(locator).toBeVisible() failed

    Locator:  locator('.quick-input-widget').locator('.quick-input-list .monaco-list-row').filter({ hasText: 'View: Close All Editors' }).first()
    Expected: visible
    Received: hidden
    Timeout:  5000ms

    Call log:
      - Expect "toBeVisible" with timeout 5000ms
      - waiting for locator('.quick-input-widget').locator('.quick-input-list .monaco-list-row').filter({ hasText: 'View: Close All Editors' }).first()
        9 × locator resolved to <div role="option" data-index="2" aria-level="1" id="list_id_5_2" aria-setsize="19" aria-posinset="3" draggable="false" data-parity="even" class="monaco-list-row" data-last-element="false" aria-label="View: Close All Editors, Command+K Command+W">…</div>
          - unexpected value "hidden"


       at ../../../src/pages/commands.ts:74

      72 |   // Wait for the element to be visible - Playwright's click() will automatically scroll into view if needed
      73 |   // Don't use scrollIntoViewIfNeeded() for virtualized DOM as the element won't exist until scrolled into view
    > 74 |   await expect(commandRow).toBeVisible({ timeout: 5000 });
         |                            ^
      75 |   
      76 |   // Click the command row - Playwright will handle scrolling if needed
      77 |   await commandRow.click();
        at executeCommand (/Users/runner/work/salesforcedx-vscode/salesforcedx-vscode/packages/playwright-vscode-ext/src/pages/commands.ts:74:28)
        at executeCommandWithCommandPalette (/Users/runner/work/salesforcedx-vscode/salesforcedx-vscode/packages/playwright-vscode-ext/src/pages/commands.ts:91:3)
        at /Users/runner/work/salesforcedx-vscode/salesforcedx-vscode/packages/playwright-vscode-ext/test/playwright/specs/commandPalette.headless.spec.ts:34:7
        at /Users/runner/work/salesforcedx-vscode/salesforcedx-vscode/packages/playwright-vscode-ext/test/playwright/specs/commandPalette.headless.spec.ts:33:5

    attachment #1: screenshot (image/png) ──────────────────────────────────────────────────────────
    ../../../test-results/commandPalette.headless-Co-16549-command-via-command-palette-desktop-electron-retry2/test-failed-1.png
    ────────────────────────────────────────────────────────────────────────────────────────────────

    Error Context: ../../../test-results/commandPalette.headless-Co-16549-command-via-command-palette-desktop-electron-retry2/error-context.md

    attachment #3: trace (application/zip) ─────────────────────────────────────────────────────────
    ../../../test-results/commandPalette.headless-Co-16549-command-via-command-palette-desktop-electron-retry2/trace.zip
    Usage:

        npx playwright show-trace ../../../test-results/commandPalette.headless-Co-16549-command-via-command-palette-desktop-electron-retry2/trace.zip

    ────────────────────────────────────────────────────────────────────────────────────────────────
]]>
</failure>
<system-out>
<![CDATA[[Electron Console Error] %c  ERR color: #f33 [/Users/runner/work/salesforcedx-vscode/salesforcedx-vscode/packages/playwright-vscode-ext]: property `engines` is mandatory and must be of type `object`
  at vscode-file://vscode-app/Users/runner/work/salesforcedx-vscode/salesforcedx-vscode/packages/playwright-vscode-ext/.vscode-test/vscode-darwin-arm64-1.108.0/Visual%20Studio%20Code.app/Contents/Resources/app/out/vs/workbench/workbench.desktop.main.js:37

[[ATTACHMENT|commandPalette.headless-Co-16549-command-via-command-palette-desktop-electron/test-failed-1.png]]

[[ATTACHMENT|commandPalette.headless-Co-16549-command-via-command-palette-desktop-electron/error-context.md]]

[[ATTACHMENT|commandPalette.headless-Co-16549-command-via-command-palette-desktop-electron/trace.zip]]
[Electron Console Error] %c  ERR color: #f33 [/Users/runner/work/salesforcedx-vscode/salesforcedx-vscode/packages/playwright-vscode-ext]: property `engines` is mandatory and must be of type `object`
  at vscode-file://vscode-app/Users/runner/work/salesforcedx-vscode/salesforcedx-vscode/packages/playwright-vscode-ext/.vscode-test/vscode-darwin-arm64-1.108.0/Visual%20Studio%20Code.app/Contents/Resources/app/out/vs/workbench/workbench.desktop.main.js:37

[[ATTACHMENT|commandPalette.headless-Co-16549-command-via-command-palette-desktop-electron-retry1/test-failed-1.png]]

[[ATTACHMENT|commandPalette.headless-Co-16549-command-via-command-palette-desktop-electron-retry1/error-context.md]]

[[ATTACHMENT|commandPalette.headless-Co-16549-command-via-command-palette-desktop-electron-retry1/trace.zip]]
[Electron Console Error] %c  ERR color: #f33 [/Users/runner/work/salesforcedx-vscode/salesforcedx-vscode/packages/playwright-vscode-ext]: property `engines` is mandatory and must be of type `object`
  at vscode-file://vscode-app/Users/runner/work/salesforcedx-vscode/salesforcedx-vscode/packages/playwright-vscode-ext/.vscode-test/vscode-darwin-arm64-1.108.0/Visual%20Studio%20Code.app/Contents/Resources/app/out/vs/workbench/workbench.desktop.main.js:37

[[ATTACHMENT|commandPalette.headless-Co-16549-command-via-command-palette-desktop-electron-retry2/test-failed-1.png]]

[[ATTACHMENT|commandPalette.headless-Co-16549-command-via-command-palette-desktop-electron-retry2/error-context.md]]

[[ATTACHMENT|commandPalette.headless-Co-16549-command-via-command-palette-desktop-electron-retry2/trace.zip]]
]]>
</system-out>
<system-err>
<![CDATA[- Resolving version...
[32m✔[39m Validated version: 1.108.0
[32m✔[39m Found existing install in /Users/runner/work/salesforcedx-vscode/salesforcedx-vscode/packages/playwright-vscode-ext/.vscode-test/vscode-darwin-arm64-1.108.0
- Resolving version...
[32m✔[39m Validated version: 1.108.0
[32m✔[39m Found existing install in /Users/runner/work/salesforcedx-vscode/salesforcedx-vscode/packages/playwright-vscode-ext/.vscode-test/vscode-darwin-arm64-1.108.0
]]>
</system-err>
</testcase>
<testcase name="Command Palette › should support command palette with Ctrl+Shift+P" classname="commandPalette.headless.spec.ts" time="5.343">
<properties>
<property name="skip" value="Ctrl+Shift+P keyboard shortcut unreliable on Mac desktop Electron">
</property>
</properties>
<skipped>
</skipped>
</testcase>
</testsuite>
<testsuite name="contextMenu.headless.spec.ts" timestamp="2026-01-12T19:07:05.189Z" hostname="desktop-electron" tests="2" failures="0" skipped="2" time="13.203" errors="0">
<testcase name="Context Menu › should execute editor context menu command" classname="contextMenu.headless.spec.ts" time="6.63">
<properties>
<property name="skip" value="Context menus not supported on Mac desktop">
</property>
</properties>
<skipped>
</skipped>
</testcase>
<testcase name="Context Menu › should execute explorer context menu command" classname="contextMenu.headless.spec.ts" time="6.573">
<properties>
<property name="skip" value="Context menus not supported on Mac desktop">
</property>
</properties>
<skipped>
</skipped>
</testcase>
</testsuite>
<testsuite name="fileOperations.headless.spec.ts" timestamp="2026-01-12T19:07:05.189Z" hostname="desktop-electron" tests="4" failures="2" skipped="0" time="157.759" errors="0">
<testcase name="File Operations › should create file with contents" classname="fileOperations.headless.spec.ts" time="8.861">
<system-out>
<![CDATA[[Electron Console Error] %c  ERR color: #f33 [/Users/runner/work/salesforcedx-vscode/salesforcedx-vscode/packages/playwright-vscode-ext]: property `engines` is mandatory and must be of type `object`
  at vscode-file://vscode-app/Users/runner/work/salesforcedx-vscode/salesforcedx-vscode/packages/playwright-vscode-ext/.vscode-test/vscode-darwin-arm64-1.108.0/Visual%20Studio%20Code.app/Contents/Resources/app/out/vs/workbench/workbench.desktop.main.js:37

[[ATTACHMENT|fileOperations.headless-Fi-c1f34-d-create-file-with-contents-desktop-electron/test-finished-1.png]]

[[ATTACHMENT|fileOperations.headless-Fi-c1f34-d-create-file-with-contents-desktop-electron/trace.zip]]
]]>
</system-out>
</testcase>
<testcase name="File Operations › should switch between multiple files" classname="fileOperations.headless.spec.ts" time="47.31">
<failure message="fileOperations.headless.spec.ts:39:7 should switch between multiple files" type="FAILURE">
<![CDATA[  [desktop-electron] › fileOperations.headless.spec.ts:39:7 › File Operations › should switch between multiple files › Create first file first-file.txt 

    Error: expect(locator).toBeVisible() failed

    Locator:  locator('.quick-input-widget').locator('.quick-input-list .monaco-list-row').filter({ hasText: 'File: New Untitled Text File' }).first()
    Expected: visible
    Received: hidden
    Timeout:  5000ms

    Call log:
      - Expect "toBeVisible" with timeout 5000ms
      - waiting for locator('.quick-input-widget').locator('.quick-input-list .monaco-list-row').filter({ hasText: 'File: New Untitled Text File' }).first()
        9 × locator resolved to <div role="option" data-index="1" aria-level="1" aria-setsize="2" id="list_id_5_1" data-parity="odd" aria-posinset="2" draggable="false" class="monaco-list-row" data-last-element="true" aria-label="File: New Untitled Text File, Command+N">…</div>
          - unexpected value "hidden"


       at ../../../src/pages/commands.ts:74

      72 |   // Wait for the element to be visible - Playwright's click() will automatically scroll into view if needed
      73 |   // Don't use scrollIntoViewIfNeeded() for virtualized DOM as the element won't exist until scrolled into view
    > 74 |   await expect(commandRow).toBeVisible({ timeout: 5000 });
         |                            ^
      75 |   
      76 |   // Click the command row - Playwright will handle scrolling if needed
      77 |   await commandRow.click();
        at executeCommand (/Users/runner/work/salesforcedx-vscode/salesforcedx-vscode/packages/playwright-vscode-ext/src/pages/commands.ts:74:28)
        at executeCommandWithCommandPalette (/Users/runner/work/salesforcedx-vscode/salesforcedx-vscode/packages/playwright-vscode-ext/src/pages/commands.ts:91:3)
        at createFileWithContents (/Users/runner/work/salesforcedx-vscode/salesforcedx-vscode/packages/playwright-vscode-ext/src/utils/fileHelpers.ts:18:3)
        at /Users/runner/work/salesforcedx-vscode/salesforcedx-vscode/packages/playwright-vscode-ext/test/playwright/specs/fileOperations.headless.spec.ts:44:7
        at /Users/runner/work/salesforcedx-vscode/salesforcedx-vscode/packages/playwright-vscode-ext/test/playwright/specs/fileOperations.headless.spec.ts:43:5

    attachment #1: screenshot (image/png) ──────────────────────────────────────────────────────────
    ../../../test-results/fileOperations.headless-Fi-85b37-itch-between-multiple-files-desktop-electron/test-failed-1.png
    ────────────────────────────────────────────────────────────────────────────────────────────────

    Error Context: ../../../test-results/fileOperations.headless-Fi-85b37-itch-between-multiple-files-desktop-electron/error-context.md

    attachment #3: trace (application/zip) ─────────────────────────────────────────────────────────
    ../../../test-results/fileOperations.headless-Fi-85b37-itch-between-multiple-files-desktop-electron/trace.zip
    Usage:

        npx playwright show-trace ../../../test-results/fileOperations.headless-Fi-85b37-itch-between-multiple-files-desktop-electron/trace.zip

    ────────────────────────────────────────────────────────────────────────────────────────────────

    Retry #1 ───────────────────────────────────────────────────────────────────────────────────────

    Error: expect(locator).toBeVisible() failed

    Locator:  locator('.quick-input-widget').locator('.quick-input-list .monaco-list-row').filter({ hasText: 'File: New Untitled Text File' }).first()
    Expected: visible
    Received: hidden
    Timeout:  5000ms

    Call log:
      - Expect "toBeVisible" with timeout 5000ms
      - waiting for locator('.quick-input-widget').locator('.quick-input-list .monaco-list-row').filter({ hasText: 'File: New Untitled Text File' }).first()
        9 × locator resolved to <div role="option" data-index="1" aria-level="1" aria-setsize="3" id="list_id_6_1" data-parity="odd" aria-posinset="2" draggable="false" class="monaco-list-row" data-last-element="false" aria-label="File: New Untitled Text File, Command+N">…</div>
          - unexpected value "hidden"


       at ../../../src/pages/commands.ts:74

      72 |   // Wait for the element to be visible - Playwright's click() will automatically scroll into view if needed
      73 |   // Don't use scrollIntoViewIfNeeded() for virtualized DOM as the element won't exist until scrolled into view
    > 74 |   await expect(commandRow).toBeVisible({ timeout: 5000 });
         |                            ^
      75 |   
      76 |   // Click the command row - Playwright will handle scrolling if needed
      77 |   await commandRow.click();
        at executeCommand (/Users/runner/work/salesforcedx-vscode/salesforcedx-vscode/packages/playwright-vscode-ext/src/pages/commands.ts:74:28)
        at executeCommandWithCommandPalette (/Users/runner/work/salesforcedx-vscode/salesforcedx-vscode/packages/playwright-vscode-ext/src/pages/commands.ts:91:3)
        at createFileWithContents (/Users/runner/work/salesforcedx-vscode/salesforcedx-vscode/packages/playwright-vscode-ext/src/utils/fileHelpers.ts:18:3)
        at /Users/runner/work/salesforcedx-vscode/salesforcedx-vscode/packages/playwright-vscode-ext/test/playwright/specs/fileOperations.headless.spec.ts:44:7
        at /Users/runner/work/salesforcedx-vscode/salesforcedx-vscode/packages/playwright-vscode-ext/test/playwright/specs/fileOperations.headless.spec.ts:43:5

    attachment #1: screenshot (image/png) ──────────────────────────────────────────────────────────
    ../../../test-results/fileOperations.headless-Fi-85b37-itch-between-multiple-files-desktop-electron-retry1/test-failed-1.png
    ────────────────────────────────────────────────────────────────────────────────────────────────

    Error Context: ../../../test-results/fileOperations.headless-Fi-85b37-itch-between-multiple-files-desktop-electron-retry1/error-context.md

    attachment #3: trace (application/zip) ─────────────────────────────────────────────────────────
    ../../../test-results/fileOperations.headless-Fi-85b37-itch-between-multiple-files-desktop-electron-retry1/trace.zip
    Usage:

        npx playwright show-trace ../../../test-results/fileOperations.headless-Fi-85b37-itch-between-multiple-files-desktop-electron-retry1/trace.zip

    ────────────────────────────────────────────────────────────────────────────────────────────────

    Retry #2 ───────────────────────────────────────────────────────────────────────────────────────

    Error: expect(locator).toBeVisible() failed

    Locator:  locator('.quick-input-widget').locator('.quick-input-list .monaco-list-row').filter({ hasText: 'File: New Untitled Text File' }).first()
    Expected: visible
    Received: hidden
    Timeout:  5000ms

    Call log:
      - Expect "toBeVisible" with timeout 5000ms
      - waiting for locator('.quick-input-widget').locator('.quick-input-list .monaco-list-row').filter({ hasText: 'File: New Untitled Text File' }).first()
        9 × locator resolved to <div role="option" data-index="1" aria-level="1" aria-setsize="2" id="list_id_5_1" data-parity="odd" aria-posinset="2" draggable="false" class="monaco-list-row" data-last-element="true" aria-label="File: New Untitled Text File, Command+N">…</div>
          - unexpected value "hidden"


       at ../../../src/pages/commands.ts:74

      72 |   // Wait for the element to be visible - Playwright's click() will automatically scroll into view if needed
      73 |   // Don't use scrollIntoViewIfNeeded() for virtualized DOM as the element won't exist until scrolled into view
    > 74 |   await expect(commandRow).toBeVisible({ timeout: 5000 });
         |                            ^
      75 |   
      76 |   // Click the command row - Playwright will handle scrolling if needed
      77 |   await commandRow.click();
        at executeCommand (/Users/runner/work/salesforcedx-vscode/salesforcedx-vscode/packages/playwright-vscode-ext/src/pages/commands.ts:74:28)
        at executeCommandWithCommandPalette (/Users/runner/work/salesforcedx-vscode/salesforcedx-vscode/packages/playwright-vscode-ext/src/pages/commands.ts:91:3)
        at createFileWithContents (/Users/runner/work/salesforcedx-vscode/salesforcedx-vscode/packages/playwright-vscode-ext/src/utils/fileHelpers.ts:18:3)
        at /Users/runner/work/salesforcedx-vscode/salesforcedx-vscode/packages/playwright-vscode-ext/test/playwright/specs/fileOperations.headless.spec.ts:44:7
        at /Users/runner/work/salesforcedx-vscode/salesforcedx-vscode/packages/playwright-vscode-ext/test/playwright/specs/fileOperations.headless.spec.ts:43:5

    attachment #1: screenshot (image/png) ──────────────────────────────────────────────────────────
    ../../../test-results/fileOperations.headless-Fi-85b37-itch-between-multiple-files-desktop-electron-retry2/test-failed-1.png
    ────────────────────────────────────────────────────────────────────────────────────────────────

    Error Context: ../../../test-results/fileOperations.headless-Fi-85b37-itch-between-multiple-files-desktop-electron-retry2/error-context.md

    attachment #3: trace (application/zip) ─────────────────────────────────────────────────────────
    ../../../test-results/fileOperations.headless-Fi-85b37-itch-between-multiple-files-desktop-electron-retry2/trace.zip
    Usage:

        npx playwright show-trace ../../../test-results/fileOperations.headless-Fi-85b37-itch-between-multiple-files-desktop-electron-retry2/trace.zip

    ────────────────────────────────────────────────────────────────────────────────────────────────
]]>
</failure>
<system-out>
<![CDATA[[Electron Console Error] %c  ERR color: #f33 [/Users/runner/work/salesforcedx-vscode/salesforcedx-vscode/packages/playwright-vscode-ext]: property `engines` is mandatory and must be of type `object`
  at vscode-file://vscode-app/Users/runner/work/salesforcedx-vscode/salesforcedx-vscode/packages/playwright-vscode-ext/.vscode-test/vscode-darwin-arm64-1.108.0/Visual%20Studio%20Code.app/Contents/Resources/app/out/vs/workbench/workbench.desktop.main.js:37

[[ATTACHMENT|fileOperations.headless-Fi-85b37-itch-between-multiple-files-desktop-electron/test-failed-1.png]]

[[ATTACHMENT|fileOperations.headless-Fi-85b37-itch-between-multiple-files-desktop-electron/error-context.md]]

[[ATTACHMENT|fileOperations.headless-Fi-85b37-itch-between-multiple-files-desktop-electron/trace.zip]]
[Electron Console Error] %c  ERR color: #f33 [/Users/runner/work/salesforcedx-vscode/salesforcedx-vscode/packages/playwright-vscode-ext]: property `engines` is mandatory and must be of type `object`
  at vscode-file://vscode-app/Users/runner/work/salesforcedx-vscode/salesforcedx-vscode/packages/playwright-vscode-ext/.vscode-test/vscode-darwin-arm64-1.108.0/Visual%20Studio%20Code.app/Contents/Resources/app/out/vs/workbench/workbench.desktop.main.js:37

[[ATTACHMENT|fileOperations.headless-Fi-85b37-itch-between-multiple-files-desktop-electron-retry1/test-failed-1.png]]

[[ATTACHMENT|fileOperations.headless-Fi-85b37-itch-between-multiple-files-desktop-electron-retry1/error-context.md]]

[[ATTACHMENT|fileOperations.headless-Fi-85b37-itch-between-multiple-files-desktop-electron-retry1/trace.zip]]
[Electron Console Error] %c  ERR color: #f33 [/Users/runner/work/salesforcedx-vscode/salesforcedx-vscode/packages/playwright-vscode-ext]: property `engines` is mandatory and must be of type `object`
  at vscode-file://vscode-app/Users/runner/work/salesforcedx-vscode/salesforcedx-vscode/packages/playwright-vscode-ext/.vscode-test/vscode-darwin-arm64-1.108.0/Visual%20Studio%20Code.app/Contents/Resources/app/out/vs/workbench/workbench.desktop.main.js:37

[[ATTACHMENT|fileOperations.headless-Fi-85b37-itch-between-multiple-files-desktop-electron-retry2/test-failed-1.png]]

[[ATTACHMENT|fileOperations.headless-Fi-85b37-itch-between-multiple-files-desktop-electron-retry2/error-context.md]]

[[ATTACHMENT|fileOperations.headless-Fi-85b37-itch-between-multiple-files-desktop-electron-retry2/trace.zip]]
]]>
</system-out>
<system-err>
<![CDATA[- Resolving version...
[32m✔[39m Validated version: 1.108.0
[32m✔[39m Found existing install in /Users/runner/work/salesforcedx-vscode/salesforcedx-vscode/packages/playwright-vscode-ext/.vscode-test/vscode-darwin-arm64-1.108.0
- Resolving version...
[32m✔[39m Validated version: 1.108.0
[32m✔[39m Found existing install in /Users/runner/work/salesforcedx-vscode/salesforcedx-vscode/packages/playwright-vscode-ext/.vscode-test/vscode-darwin-arm64-1.108.0
]]>
</system-err>
</testcase>
<testcase name="File Operations › should edit open file" classname="fileOperations.headless.spec.ts" time="63.125">
<failure message="fileOperations.headless.spec.ts:71:7 should edit open file" type="FAILURE">
<![CDATA[  [desktop-electron] › fileOperations.headless.spec.ts:71:7 › File Operations › should edit open file › Create and open file editable-file.txt 

    Error: expect(locator).toBeVisible() failed

    Locator:  locator('.quick-input-widget').locator('.quick-input-list .monaco-list-row').filter({ hasText: 'File: New Untitled Text File' }).first()
    Expected: visible
    Received: hidden
    Timeout:  5000ms

    Call log:
      - Expect "toBeVisible" with timeout 5000ms
      - waiting for locator('.quick-input-widget').locator('.quick-input-list .monaco-list-row').filter({ hasText: 'File: New Untitled Text File' }).first()
        9 × locator resolved to <div role="option" data-index="1" aria-level="1" aria-setsize="2" id="list_id_7_1" data-parity="odd" aria-posinset="2" draggable="false" class="monaco-list-row" data-last-element="true" aria-label="File: New Untitled Text File, Command+N">…</div>
          - unexpected value "hidden"


       at ../../../src/pages/commands.ts:74

      72 |   // Wait for the element to be visible - Playwright's click() will automatically scroll into view if needed
      73 |   // Don't use scrollIntoViewIfNeeded() for virtualized DOM as the element won't exist until scrolled into view
    > 74 |   await expect(commandRow).toBeVisible({ timeout: 5000 });
         |                            ^
      75 |   
      76 |   // Click the command row - Playwright will handle scrolling if needed
      77 |   await commandRow.click();
        at executeCommand (/Users/runner/work/salesforcedx-vscode/salesforcedx-vscode/packages/playwright-vscode-ext/src/pages/commands.ts:74:28)
        at executeCommandWithCommandPalette (/Users/runner/work/salesforcedx-vscode/salesforcedx-vscode/packages/playwright-vscode-ext/src/pages/commands.ts:91:3)
        at createFileWithContents (/Users/runner/work/salesforcedx-vscode/salesforcedx-vscode/packages/playwright-vscode-ext/src/utils/fileHelpers.ts:18:3)
        at /Users/runner/work/salesforcedx-vscode/salesforcedx-vscode/packages/playwright-vscode-ext/test/playwright/specs/fileOperations.headless.spec.ts:76:7
        at /Users/runner/work/salesforcedx-vscode/salesforcedx-vscode/packages/playwright-vscode-ext/test/playwright/specs/fileOperations.headless.spec.ts:75:5

    attachment #1: screenshot (image/png) ──────────────────────────────────────────────────────────
    ../../../test-results/fileOperations.headless-Fi-d5982-tions-should-edit-open-file-desktop-electron/test-failed-1.png
    ────────────────────────────────────────────────────────────────────────────────────────────────

    Error Context: ../../../test-results/fileOperations.headless-Fi-d5982-tions-should-edit-open-file-desktop-electron/error-context.md

    attachment #3: trace (application/zip) ─────────────────────────────────────────────────────────
    ../../../test-results/fileOperations.headless-Fi-d5982-tions-should-edit-open-file-desktop-electron/trace.zip
    Usage:

        npx playwright show-trace ../../../test-results/fileOperations.headless-Fi-d5982-tions-should-edit-open-file-desktop-electron/trace.zip

    ────────────────────────────────────────────────────────────────────────────────────────────────

    Retry #1 ───────────────────────────────────────────────────────────────────────────────────────

    Error: expect(locator).toBeVisible() failed

    Locator:  locator('.quick-input-widget').locator('.quick-input-list .monaco-list-row').filter({ hasText: 'File: New Untitled Text File' }).first()
    Expected: visible
    Received: hidden
    Timeout:  5000ms

    Call log:
      - Expect "toBeVisible" with timeout 5000ms
      - waiting for locator('.quick-input-widget').locator('.quick-input-list .monaco-list-row').filter({ hasText: 'File: New Untitled Text File' }).first()
        9 × locator resolved to <div role="option" data-index="1" aria-level="1" aria-setsize="2" id="list_id_6_1" data-parity="odd" aria-posinset="2" draggable="false" class="monaco-list-row" data-last-element="true" aria-label="File: New Untitled Text File, Command+N">…</div>
          - unexpected value "hidden"


       at ../../../src/pages/commands.ts:74

      72 |   // Wait for the element to be visible - Playwright's click() will automatically scroll into view if needed
      73 |   // Don't use scrollIntoViewIfNeeded() for virtualized DOM as the element won't exist until scrolled into view
    > 74 |   await expect(commandRow).toBeVisible({ timeout: 5000 });
         |                            ^
      75 |   
      76 |   // Click the command row - Playwright will handle scrolling if needed
      77 |   await commandRow.click();
        at executeCommand (/Users/runner/work/salesforcedx-vscode/salesforcedx-vscode/packages/playwright-vscode-ext/src/pages/commands.ts:74:28)
        at executeCommandWithCommandPalette (/Users/runner/work/salesforcedx-vscode/salesforcedx-vscode/packages/playwright-vscode-ext/src/pages/commands.ts:91:3)
        at createFileWithContents (/Users/runner/work/salesforcedx-vscode/salesforcedx-vscode/packages/playwright-vscode-ext/src/utils/fileHelpers.ts:18:3)
        at /Users/runner/work/salesforcedx-vscode/salesforcedx-vscode/packages/playwright-vscode-ext/test/playwright/specs/fileOperations.headless.spec.ts:76:7
        at /Users/runner/work/salesforcedx-vscode/salesforcedx-vscode/packages/playwright-vscode-ext/test/playwright/specs/fileOperations.headless.spec.ts:75:5

    attachment #1: screenshot (image/png) ──────────────────────────────────────────────────────────
    ../../../test-results/fileOperations.headless-Fi-d5982-tions-should-edit-open-file-desktop-electron-retry1/test-failed-1.png
    ────────────────────────────────────────────────────────────────────────────────────────────────

    Error Context: ../../../test-results/fileOperations.headless-Fi-d5982-tions-should-edit-open-file-desktop-electron-retry1/error-context.md

    attachment #3: trace (application/zip) ─────────────────────────────────────────────────────────
    ../../../test-results/fileOperations.headless-Fi-d5982-tions-should-edit-open-file-desktop-electron-retry1/trace.zip
    Usage:

        npx playwright show-trace ../../../test-results/fileOperations.headless-Fi-d5982-tions-should-edit-open-file-desktop-electron-retry1/trace.zip

    ────────────────────────────────────────────────────────────────────────────────────────────────

    Retry #2 ───────────────────────────────────────────────────────────────────────────────────────

    Error: expect(locator).toBeVisible() failed

    Locator:  locator('.quick-input-widget').locator('.quick-input-list .monaco-list-row').filter({ hasText: 'File: New Untitled Text File' }).first()
    Expected: visible
    Received: hidden
    Timeout:  5000ms

    Call log:
      - Expect "toBeVisible" with timeout 5000ms
      - waiting for locator('.quick-input-widget').locator('.quick-input-list .monaco-list-row').filter({ hasText: 'File: New Untitled Text File' }).first()
        9 × locator resolved to <div role="option" data-index="1" aria-level="1" aria-setsize="6" id="list_id_5_1" data-parity="odd" aria-posinset="2" draggable="false" class="monaco-list-row" data-last-element="false" aria-label="File: New Untitled Text File, Command+N">…</div>
          - unexpected value "hidden"


       at ../../../src/pages/commands.ts:74

      72 |   // Wait for the element to be visible - Playwright's click() will automatically scroll into view if needed
      73 |   // Don't use scrollIntoViewIfNeeded() for virtualized DOM as the element won't exist until scrolled into view
    > 74 |   await expect(commandRow).toBeVisible({ timeout: 5000 });
         |                            ^
      75 |   
      76 |   // Click the command row - Playwright will handle scrolling if needed
      77 |   await commandRow.click();
        at executeCommand (/Users/runner/work/salesforcedx-vscode/salesforcedx-vscode/packages/playwright-vscode-ext/src/pages/commands.ts:74:28)
        at executeCommandWithCommandPalette (/Users/runner/work/salesforcedx-vscode/salesforcedx-vscode/packages/playwright-vscode-ext/src/pages/commands.ts:91:3)
        at createFileWithContents (/Users/runner/work/salesforcedx-vscode/salesforcedx-vscode/packages/playwright-vscode-ext/src/utils/fileHelpers.ts:18:3)
        at /Users/runner/work/salesforcedx-vscode/salesforcedx-vscode/packages/playwright-vscode-ext/test/playwright/specs/fileOperations.headless.spec.ts:76:7
        at /Users/runner/work/salesforcedx-vscode/salesforcedx-vscode/packages/playwright-vscode-ext/test/playwright/specs/fileOperations.headless.spec.ts:75:5

    attachment #1: screenshot (image/png) ──────────────────────────────────────────────────────────
    ../../../test-results/fileOperations.headless-Fi-d5982-tions-should-edit-open-file-desktop-electron-retry2/test-failed-1.png
    ────────────────────────────────────────────────────────────────────────────────────────────────

    Error Context: ../../../test-results/fileOperations.headless-Fi-d5982-tions-should-edit-open-file-desktop-electron-retry2/error-context.md

    attachment #3: trace (application/zip) ─────────────────────────────────────────────────────────
    ../../../test-results/fileOperations.headless-Fi-d5982-tions-should-edit-open-file-desktop-electron-retry2/trace.zip
    Usage:

        npx playwright show-trace ../../../test-results/fileOperations.headless-Fi-d5982-tions-should-edit-open-file-desktop-electron-retry2/trace.zip

    ────────────────────────────────────────────────────────────────────────────────────────────────
]]>
</failure>
<system-out>
<![CDATA[[Electron Console Error] %c  ERR color: #f33 [/Users/runner/work/salesforcedx-vscode/salesforcedx-vscode/packages/playwright-vscode-ext]: property `engines` is mandatory and must be of type `object`
  at vscode-file://vscode-app/Users/runner/work/salesforcedx-vscode/salesforcedx-vscode/packages/playwright-vscode-ext/.vscode-test/vscode-darwin-arm64-1.108.0/Visual%20Studio%20Code.app/Contents/Resources/app/out/vs/workbench/workbench.desktop.main.js:37

[[ATTACHMENT|fileOperations.headless-Fi-d5982-tions-should-edit-open-file-desktop-electron/test-failed-1.png]]

[[ATTACHMENT|fileOperations.headless-Fi-d5982-tions-should-edit-open-file-desktop-electron/error-context.md]]

[[ATTACHMENT|fileOperations.headless-Fi-d5982-tions-should-edit-open-file-desktop-electron/trace.zip]]
[Electron Console Error] %c  ERR color: #f33 [/Users/runner/work/salesforcedx-vscode/salesforcedx-vscode/packages/playwright-vscode-ext]: property `engines` is mandatory and must be of type `object`
  at vscode-file://vscode-app/Users/runner/work/salesforcedx-vscode/salesforcedx-vscode/packages/playwright-vscode-ext/.vscode-test/vscode-darwin-arm64-1.108.0/Visual%20Studio%20Code.app/Contents/Resources/app/out/vs/workbench/workbench.desktop.main.js:37

[[ATTACHMENT|fileOperations.headless-Fi-d5982-tions-should-edit-open-file-desktop-electron-retry1/test-failed-1.png]]

[[ATTACHMENT|fileOperations.headless-Fi-d5982-tions-should-edit-open-file-desktop-electron-retry1/error-context.md]]

[[ATTACHMENT|fileOperations.headless-Fi-d5982-tions-should-edit-open-file-desktop-electron-retry1/trace.zip]]
[Electron Console Error] %c  ERR color: #f33 [/Users/runner/work/salesforcedx-vscode/salesforcedx-vscode/packages/playwright-vscode-ext]: property `engines` is mandatory and must be of type `object`
  at vscode-file://vscode-app/Users/runner/work/salesforcedx-vscode/salesforcedx-vscode/packages/playwright-vscode-ext/.vscode-test/vscode-darwin-arm64-1.108.0/Visual%20Studio%20Code.app/Contents/Resources/app/out/vs/workbench/workbench.desktop.main.js:37

[[ATTACHMENT|fileOperations.headless-Fi-d5982-tions-should-edit-open-file-desktop-electron-retry2/test-failed-1.png]]

[[ATTACHMENT|fileOperations.headless-Fi-d5982-tions-should-edit-open-file-desktop-electron-retry2/error-context.md]]

[[ATTACHMENT|fileOperations.headless-Fi-d5982-tions-should-edit-open-file-desktop-electron-retry2/trace.zip]]
]]>
</system-out>
<system-err>
<![CDATA[- Resolving version...
[32m✔[39m Validated version: 1.108.0
[32m✔[39m Found existing install in /Users/runner/work/salesforcedx-vscode/salesforcedx-vscode/packages/playwright-vscode-ext/.vscode-test/vscode-darwin-arm64-1.108.0
- Resolving version...
[32m✔[39m Validated version: 1.108.0
[32m✔[39m Found existing install in /Users/runner/work/salesforcedx-vscode/salesforcedx-vscode/packages/playwright-vscode-ext/.vscode-test/vscode-darwin-arm64-1.108.0
- Resolving version...
[32m✔[39m Validated version: 1.108.0
[32m✔[39m Found existing install in /Users/runner/work/salesforcedx-vscode/salesforcedx-vscode/packages/playwright-vscode-ext/.vscode-test/vscode-darwin-arm64-1.108.0
]]>
</system-err>
</testcase>
<testcase name="File Operations › should show dirty indicator when file has unsaved changes" classname="fileOperations.headless.spec.ts" time="38.463">
<system-out>
<![CDATA[[Electron Console Error] %c  ERR color: #f33 [/Users/runner/work/salesforcedx-vscode/salesforcedx-vscode/packages/playwright-vscode-ext]: property `engines` is mandatory and must be of type `object`
  at vscode-file://vscode-app/Users/runner/work/salesforcedx-vscode/salesforcedx-vscode/packages/playwright-vscode-ext/.vscode-test/vscode-darwin-arm64-1.108.0/Visual%20Studio%20Code.app/Contents/Resources/app/out/vs/workbench/workbench.desktop.main.js:37

[[ATTACHMENT|fileOperations.headless-Fi-4eb77-en-file-has-unsaved-changes-desktop-electron/test-failed-1.png]]

[[ATTACHMENT|fileOperations.headless-Fi-4eb77-en-file-has-unsaved-changes-desktop-electron/error-context.md]]

[[ATTACHMENT|fileOperations.headless-Fi-4eb77-en-file-has-unsaved-changes-desktop-electron/trace.zip]]
[Electron Console Error] %c  ERR color: #f33 [/Users/runner/work/salesforcedx-vscode/salesforcedx-vscode/packages/playwright-vscode-ext]: property `engines` is mandatory and must be of type `object`
  at vscode-file://vscode-app/Users/runner/work/salesforcedx-vscode/salesforcedx-vscode/packages/playwright-vscode-ext/.vscode-test/vscode-darwin-arm64-1.108.0/Visual%20Studio%20Code.app/Contents/Resources/app/out/vs/workbench/workbench.desktop.main.js:37

[[ATTACHMENT|fileOperations.headless-Fi-4eb77-en-file-has-unsaved-changes-desktop-electron-retry1/test-failed-1.png]]

[[ATTACHMENT|fileOperations.headless-Fi-4eb77-en-file-has-unsaved-changes-desktop-electron-retry1/error-context.md]]

[[ATTACHMENT|fileOperations.headless-Fi-4eb77-en-file-has-unsaved-changes-desktop-electron-retry1/trace.zip]]
[Electron Console Error] %c  ERR color: #f33 [/Users/runner/work/salesforcedx-vscode/salesforcedx-vscode/packages/playwright-vscode-ext]: property `engines` is mandatory and must be of type `object`
  at vscode-file://vscode-app/Users/runner/work/salesforcedx-vscode/salesforcedx-vscode/packages/playwright-vscode-ext/.vscode-test/vscode-darwin-arm64-1.108.0/Visual%20Studio%20Code.app/Contents/Resources/app/out/vs/workbench/workbench.desktop.main.js:37

[[ATTACHMENT|fileOperations.headless-Fi-4eb77-en-file-has-unsaved-changes-desktop-electron-retry2/test-finished-1.png]]

[[ATTACHMENT|fileOperations.headless-Fi-4eb77-en-file-has-unsaved-changes-desktop-electron-retry2/trace.zip]]
]]>
</system-out>
<system-err>
<![CDATA[- Resolving version...
[32m✔[39m Validated version: 1.108.0
[32m✔[39m Found existing install in /Users/runner/work/salesforcedx-vscode/salesforcedx-vscode/packages/playwright-vscode-ext/.vscode-test/vscode-darwin-arm64-1.108.0
- Resolving version...
[32m✔[39m Validated version: 1.108.0
[32m✔[39m Found existing install in /Users/runner/work/salesforcedx-vscode/salesforcedx-vscode/packages/playwright-vscode-ext/.vscode-test/vscode-darwin-arm64-1.108.0
- Resolving version...
[32m✔[39m Validated version: 1.108.0
[32m✔[39m Found existing install in /Users/runner/work/salesforcedx-vscode/salesforcedx-vscode/packages/playwright-vscode-ext/.vscode-test/vscode-darwin-arm64-1.108.0
]]>
</system-err>
</testcase>
</testsuite>
<testsuite name="helpers.headless.spec.ts" timestamp="2026-01-12T19:07:05.189Z" hostname="desktop-electron" tests="3" failures="0" skipped="0" time="26.432" errors="0">
<testcase name="Helper Functions › waitForVSCodeWorkbench should wait for workbench to load" classname="helpers.headless.spec.ts" time="7.201">
<system-out>
<![CDATA[[Electron Console Error] %c  ERR color: #f33 [/Users/runner/work/salesforcedx-vscode/salesforcedx-vscode/packages/playwright-vscode-ext]: property `engines` is mandatory and must be of type `object`
  at vscode-file://vscode-app/Users/runner/work/salesforcedx-vscode/salesforcedx-vscode/packages/playwright-vscode-ext/.vscode-test/vscode-darwin-arm64-1.108.0/Visual%20Studio%20Code.app/Contents/Resources/app/out/vs/workbench/workbench.desktop.main.js:37
[Electron Console Error] %c  ERR color: #f33 Canceled: Canceled
    at I1 (vscode-file://vscode-app/Users/runner/work/salesforcedx-vscode/salesforcedx-vscode/packages/playwright-vscode-ext/.vscode-test/vscode-darwin-arm64-1.108.0/Visual%20Studio%20Code.app/Contents/Resources/app/out/vs/workbench/workbench.desktop.main.js:7:1281)
    at vscode-file://vscode-app/Users/runner/work/salesforcedx-vscode/salesforcedx-vscode/packages/playwright-vscode-ext/.vscode-test/vscode-darwin-arm64-1.108.0/Visual%20Studio%20Code.app/Contents/Resources/app/out/vs/workbench/workbench.desktop.main.js:3912:37831
    at Array.forEach (<anonymous>)
    at FPt.dispose (vscode-file://vscode-app/Users/runner/work/salesforcedx-vscode/salesforcedx-vscode/packages/playwright-vscode-ext/.vscode-test/vscode-darwin-arm64-1.108.0/Visual%20Studio%20Code.app/Contents/Resources/app/out/vs/workbench/workbench.desktop.main.js:3912:37771)
    at m$e.dispose (vscode-file://vscode-app/Users/runner/work/salesforcedx-vscode/salesforcedx-vscode/packages/playwright-vscode-ext/.vscode-test/vscode-darwin-arm64-1.108.0/Visual%20Studio%20Code.app/Contents/Resources/app/out/vs/workbench/workbench.desktop.main.js:3912:49448)
    at _kn.dispose (vscode-file://vscode-app/Users/runner/work/salesforcedx-vscode/salesforcedx-vscode/packages/playwright-vscode-ext/.vscode-test/vscode-darwin-arm64-1.108.0/Visual%20Studio%20Code.app/Contents/Resources/app/out/vs/workbench/workbench.desktop.main.js:3919:7743)
    at Ukn.stopAllInReverse (vscode-file://vscode-app/Users/runner/work/salesforcedx-vscode/salesforcedx-vscode/packages/playwright-vscode-ext/.vscode-test/vscode-darwin-arm64-1.108.0/Visual%20Studio%20Code.app/Contents/Resources/app/out/vs/workbench/workbench.desktop.main.js:3919:7045)
    at async nTt.vb (vscode-file://vscode-app/Users/runner/work/salesforcedx-vscode/salesforcedx-vscode/packages/playwright-vscode-ext/.vscode-test/vscode-darwin-arm64-1.108.0/Visual%20Studio%20Code.app/Contents/Resources/app/out/vs/workbench/workbench.desktop.main.js:3918:16049)
  at vscode-file://vscode-app/Users/runner/work/salesforcedx-vscode/salesforcedx-vscode/packages/playwright-vscode-ext/.vscode-test/vscode-darwin-arm64-1.108.0/Visual%20Studio%20Code.app/Contents/Resources/app/out/vs/workbench/workbench.desktop.main.js:37
[Electron Console Error] %c  ERR color: #f33 Canceled: Canceled
    at I1 (vscode-file://vscode-app/Users/runner/work/salesforcedx-vscode/salesforcedx-vscode/packages/playwright-vscode-ext/.vscode-test/vscode-darwin-arm64-1.108.0/Visual%20Studio%20Code.app/Contents/Resources/app/out/vs/workbench/workbench.desktop.main.js:7:1281)
    at vscode-file://vscode-app/Users/runner/work/salesforcedx-vscode/salesforcedx-vscode/packages/playwright-vscode-ext/.vscode-test/vscode-darwin-arm64-1.108.0/Visual%20Studio%20Code.app/Contents/Resources/app/out/vs/workbench/workbench.desktop.main.js:3912:37831
    at Array.forEach (<anonymous>)
    at FPt.dispose (vscode-file://vscode-app/Users/runner/work/salesforcedx-vscode/salesforcedx-vscode/packages/playwright-vscode-ext/.vscode-test/vscode-darwin-arm64-1.108.0/Visual%20Studio%20Code.app/Contents/Resources/app/out/vs/workbench/workbench.desktop.main.js:3912:37771)
    at m$e.dispose (vscode-file://vscode-app/Users/runner/work/salesforcedx-vscode/salesforcedx-vscode/packages/playwright-vscode-ext/.vscode-test/vscode-darwin-arm64-1.108.0/Visual%20Studio%20Code.app/Contents/Resources/app/out/vs/workbench/workbench.desktop.main.js:3912:49448)
    at _kn.dispose (vscode-file://vscode-app/Users/runner/work/salesforcedx-vscode/salesforcedx-vscode/packages/playwright-vscode-ext/.vscode-test/vscode-darwin-arm64-1.108.0/Visual%20Studio%20Code.app/Contents/Resources/app/out/vs/workbench/workbench.desktop.main.js:3919:7743)
    at Ukn.stopAllInReverse (vscode-file://vscode-app/Users/runner/work/salesforcedx-vscode/salesforcedx-vscode/packages/playwright-vscode-ext/.vscode-test/vscode-darwin-arm64-1.108.0/Visual%20Studio%20Code.app/Contents/Resources/app/out/vs/workbench/workbench.desktop.main.js:3919:7045)
    at async nTt.vb (vscode-file://vscode-app/Users/runner/work/salesforcedx-vscode/salesforcedx-vscode/packages/playwright-vscode-ext/.vscode-test/vscode-darwin-arm64-1.108.0/Visual%20Studio%20Code.app/Contents/Resources/app/out/vs/workbench/workbench.desktop.main.js:3918:16049)
  at vscode-file://vscode-app/Users/runner/work/salesforcedx-vscode/salesforcedx-vscode/packages/playwright-vscode-ext/.vscode-test/vscode-darwin-arm64-1.108.0/Visual%20Studio%20Code.app/Contents/Resources/app/out/vs/workbench/workbench.desktop.main.js:37
[Electron Console Error] %c  ERR color: #f33 Canceled: Canceled
    at I1 (vscode-file://vscode-app/Users/runner/work/salesforcedx-vscode/salesforcedx-vscode/packages/playwright-vscode-ext/.vscode-test/vscode-darwin-arm64-1.108.0/Visual%20Studio%20Code.app/Contents/Resources/app/out/vs/workbench/workbench.desktop.main.js:7:1281)
    at vscode-file://vscode-app/Users/runner/work/salesforcedx-vscode/salesforcedx-vscode/packages/playwright-vscode-ext/.vscode-test/vscode-darwin-arm64-1.108.0/Visual%20Studio%20Code.app/Contents/Resources/app/out/vs/workbench/workbench.desktop.main.js:3912:37831
    at Array.forEach (<anonymous>)
    at FPt.dispose (vscode-file://vscode-app/Users/runner/work/salesforcedx-vscode/salesforcedx-vscode/packages/playwright-vscode-ext/.vscode-test/vscode-darwin-arm64-1.108.0/Visual%20Studio%20Code.app/Contents/Resources/app/out/vs/workbench/workbench.desktop.main.js:3912:37771)
    at m$e.dispose (vscode-file://vscode-app/Users/runner/work/salesforcedx-vscode/salesforcedx-vscode/packages/playwright-vscode-ext/.vscode-test/vscode-darwin-arm64-1.108.0/Visual%20Studio%20Code.app/Contents/Resources/app/out/vs/workbench/workbench.desktop.main.js:3912:49448)
    at _kn.dispose (vscode-file://vscode-app/Users/runner/work/salesforcedx-vscode/salesforcedx-vscode/packages/playwright-vscode-ext/.vscode-test/vscode-darwin-arm64-1.108.0/Visual%20Studio%20Code.app/Contents/Resources/app/out/vs/workbench/workbench.desktop.main.js:3919:7743)
    at Ukn.stopAllInReverse (vscode-file://vscode-app/Users/runner/work/salesforcedx-vscode/salesforcedx-vscode/packages/playwright-vscode-ext/.vscode-test/vscode-darwin-arm64-1.108.0/Visual%20Studio%20Code.app/Contents/Resources/app/out/vs/workbench/workbench.desktop.main.js:3919:7045)
    at async nTt.vb (vscode-file://vscode-app/Users/runner/work/salesforcedx-vscode/salesforcedx-vscode/packages/playwright-vscode-ext/.vscode-test/vscode-darwin-arm64-1.108.0/Visual%20Studio%20Code.app/Contents/Resources/app/out/vs/workbench/workbench.desktop.main.js:3918:16049)
  at vscode-file://vscode-app/Users/runner/work/salesforcedx-vscode/salesforcedx-vscode/packages/playwright-vscode-ext/.vscode-test/vscode-darwin-arm64-1.108.0/Visual%20Studio%20Code.app/Contents/Resources/app/out/vs/workbench/workbench.desktop.main.js:37

[[ATTACHMENT|helpers.headless-Helper-Fu-eb15f--wait-for-workbench-to-load-desktop-electron/test-finished-1.png]]

[[ATTACHMENT|helpers.headless-Helper-Fu-eb15f--wait-for-workbench-to-load-desktop-electron/trace.zip]]
]]>
</system-out>
</testcase>
<testcase name="Helper Functions › closeWelcomeTabs should close welcome tabs" classname="helpers.headless.spec.ts" time="7.03">
<system-out>
<![CDATA[[Electron Console Error] %c  ERR color: #f33 [/Users/runner/work/salesforcedx-vscode/salesforcedx-vscode/packages/playwright-vscode-ext]: property `engines` is mandatory and must be of type `object`
  at vscode-file://vscode-app/Users/runner/work/salesforcedx-vscode/salesforcedx-vscode/packages/playwright-vscode-ext/.vscode-test/vscode-darwin-arm64-1.108.0/Visual%20Studio%20Code.app/Contents/Resources/app/out/vs/workbench/workbench.desktop.main.js:37

[[ATTACHMENT|helpers.headless-Helper-Fu-ff03a-s-should-close-welcome-tabs-desktop-electron/test-finished-1.png]]

[[ATTACHMENT|helpers.headless-Helper-Fu-ff03a-s-should-close-welcome-tabs-desktop-electron/trace.zip]]
]]>
</system-out>
</testcase>
<testcase name="Helper Functions › waitForWorkspaceReady should wait for workspace to be ready" classname="helpers.headless.spec.ts" time="12.201">
<system-out>
<![CDATA[[Electron Console Error] %c  ERR color: #f33 [/Users/runner/work/salesforcedx-vscode/salesforcedx-vscode/packages/playwright-vscode-ext]: property `engines` is mandatory and must be of type `object`
  at vscode-file://vscode-app/Users/runner/work/salesforcedx-vscode/salesforcedx-vscode/packages/playwright-vscode-ext/.vscode-test/vscode-darwin-arm64-1.108.0/Visual%20Studio%20Code.app/Contents/Resources/app/out/vs/workbench/workbench.desktop.main.js:37
[Electron Console Error] %c  ERR color: #f33 Canceled: Canceled
    at I1 (vscode-file://vscode-app/Users/runner/work/salesforcedx-vscode/salesforcedx-vscode/packages/playwright-vscode-ext/.vscode-test/vscode-darwin-arm64-1.108.0/Visual%20Studio%20Code.app/Contents/Resources/app/out/vs/workbench/workbench.desktop.main.js:7:1281)
    at vscode-file://vscode-app/Users/runner/work/salesforcedx-vscode/salesforcedx-vscode/packages/playwright-vscode-ext/.vscode-test/vscode-darwin-arm64-1.108.0/Visual%20Studio%20Code.app/Contents/Resources/app/out/vs/workbench/workbench.desktop.main.js:3912:37831
    at Array.forEach (<anonymous>)
    at FPt.dispose (vscode-file://vscode-app/Users/runner/work/salesforcedx-vscode/salesforcedx-vscode/packages/playwright-vscode-ext/.vscode-test/vscode-darwin-arm64-1.108.0/Visual%20Studio%20Code.app/Contents/Resources/app/out/vs/workbench/workbench.desktop.main.js:3912:37771)
    at m$e.dispose (vscode-file://vscode-app/Users/runner/work/salesforcedx-vscode/salesforcedx-vscode/packages/playwright-vscode-ext/.vscode-test/vscode-darwin-arm64-1.108.0/Visual%20Studio%20Code.app/Contents/Resources/app/out/vs/workbench/workbench.desktop.main.js:3912:49448)
    at _kn.dispose (vscode-file://vscode-app/Users/runner/work/salesforcedx-vscode/salesforcedx-vscode/packages/playwright-vscode-ext/.vscode-test/vscode-darwin-arm64-1.108.0/Visual%20Studio%20Code.app/Contents/Resources/app/out/vs/workbench/workbench.desktop.main.js:3919:7743)
    at Ukn.stopAllInReverse (vscode-file://vscode-app/Users/runner/work/salesforcedx-vscode/salesforcedx-vscode/packages/playwright-vscode-ext/.vscode-test/vscode-darwin-arm64-1.108.0/Visual%20Studio%20Code.app/Contents/Resources/app/out/vs/workbench/workbench.desktop.main.js:3919:7045)
    at async nTt.vb (vscode-file://vscode-app/Users/runner/work/salesforcedx-vscode/salesforcedx-vscode/packages/playwright-vscode-ext/.vscode-test/vscode-darwin-arm64-1.108.0/Visual%20Studio%20Code.app/Contents/Resources/app/out/vs/workbench/workbench.desktop.main.js:3918:16049)
  at vscode-file://vscode-app/Users/runner/work/salesforcedx-vscode/salesforcedx-vscode/packages/playwright-vscode-ext/.vscode-test/vscode-darwin-arm64-1.108.0/Visual%20Studio%20Code.app/Contents/Resources/app/out/vs/workbench/workbench.desktop.main.js:37
[Electron Console Error] %c  ERR color: #f33 Canceled: Canceled
    at I1 (vscode-file://vscode-app/Users/runner/work/salesforcedx-vscode/salesforcedx-vscode/packages/playwright-vscode-ext/.vscode-test/vscode-darwin-arm64-1.108.0/Visual%20Studio%20Code.app/Contents/Resources/app/out/vs/workbench/workbench.desktop.main.js:7:1281)
    at vscode-file://vscode-app/Users/runner/work/salesforcedx-vscode/salesforcedx-vscode/packages/playwright-vscode-ext/.vscode-test/vscode-darwin-arm64-1.108.0/Visual%20Studio%20Code.app/Contents/Resources/app/out/vs/workbench/workbench.desktop.main.js:3912:37831
    at Array.forEach (<anonymous>)
    at FPt.dispose (vscode-file://vscode-app/Users/runner/work/salesforcedx-vscode/salesforcedx-vscode/packages/playwright-vscode-ext/.vscode-test/vscode-darwin-arm64-1.108.0/Visual%20Studio%20Code.app/Contents/Resources/app/out/vs/workbench/workbench.desktop.main.js:3912:37771)
    at m$e.dispose (vscode-file://vscode-app/Users/runner/work/salesforcedx-vscode/salesforcedx-vscode/packages/playwright-vscode-ext/.vscode-test/vscode-darwin-arm64-1.108.0/Visual%20Studio%20Code.app/Contents/Resources/app/out/vs/workbench/workbench.desktop.main.js:3912:49448)
    at _kn.dispose (vscode-file://vscode-app/Users/runner/work/salesforcedx-vscode/salesforcedx-vscode/packages/playwright-vscode-ext/.vscode-test/vscode-darwin-arm64-1.108.0/Visual%20Studio%20Code.app/Contents/Resources/app/out/vs/workbench/workbench.desktop.main.js:3919:7743)
    at Ukn.stopAllInReverse (vscode-file://vscode-app/Users/runner/work/salesforcedx-vscode/salesforcedx-vscode/packages/playwright-vscode-ext/.vscode-test/vscode-darwin-arm64-1.108.0/Visual%20Studio%20Code.app/Contents/Resources/app/out/vs/workbench/workbench.desktop.main.js:3919:7045)
    at async nTt.vb (vscode-file://vscode-app/Users/runner/work/salesforcedx-vscode/salesforcedx-vscode/packages/playwright-vscode-ext/.vscode-test/vscode-darwin-arm64-1.108.0/Visual%20Studio%20Code.app/Contents/Resources/app/out/vs/workbench/workbench.desktop.main.js:3918:16049)
  at vscode-file://vscode-app/Users/runner/work/salesforcedx-vscode/salesforcedx-vscode/packages/playwright-vscode-ext/.vscode-test/vscode-darwin-arm64-1.108.0/Visual%20Studio%20Code.app/Contents/Resources/app/out/vs/workbench/workbench.desktop.main.js:37
[Electron Console Error] %c  ERR color: #f33 Canceled: Canceled
    at I1 (vscode-file://vscode-app/Users/runner/work/salesforcedx-vscode/salesforcedx-vscode/packages/playwright-vscode-ext/.vscode-test/vscode-darwin-arm64-1.108.0/Visual%20Studio%20Code.app/Contents/Resources/app/out/vs/workbench/workbench.desktop.main.js:7:1281)
    at vscode-file://vscode-app/Users/runner/work/salesforcedx-vscode/salesforcedx-vscode/packages/playwright-vscode-ext/.vscode-test/vscode-darwin-arm64-1.108.0/Visual%20Studio%20Code.app/Contents/Resources/app/out/vs/workbench/workbench.desktop.main.js:3912:37831
    at Array.forEach (<anonymous>)
    at FPt.dispose (vscode-file://vscode-app/Users/runner/work/salesforcedx-vscode/salesforcedx-vscode/packages/playwright-vscode-ext/.vscode-test/vscode-darwin-arm64-1.108.0/Visual%20Studio%20Code.app/Contents/Resources/app/out/vs/workbench/workbench.desktop.main.js:3912:37771)
    at m$e.dispose (vscode-file://vscode-app/Users/runner/work/salesforcedx-vscode/salesforcedx-vscode/packages/playwright-vscode-ext/.vscode-test/vscode-darwin-arm64-1.108.0/Visual%20Studio%20Code.app/Contents/Resources/app/out/vs/workbench/workbench.desktop.main.js:3912:49448)
    at _kn.dispose (vscode-file://vscode-app/Users/runner/work/salesforcedx-vscode/salesforcedx-vscode/packages/playwright-vscode-ext/.vscode-test/vscode-darwin-arm64-1.108.0/Visual%20Studio%20Code.app/Contents/Resources/app/out/vs/workbench/workbench.desktop.main.js:3919:7743)
    at Ukn.stopAllInReverse (vscode-file://vscode-app/Users/runner/work/salesforcedx-vscode/salesforcedx-vscode/packages/playwright-vscode-ext/.vscode-test/vscode-darwin-arm64-1.108.0/Visual%20Studio%20Code.app/Contents/Resources/app/out/vs/workbench/workbench.desktop.main.js:3919:7045)
    at async nTt.vb (vscode-file://vscode-app/Users/runner/work/salesforcedx-vscode/salesforcedx-vscode/packages/playwright-vscode-ext/.vscode-test/vscode-darwin-arm64-1.108.0/Visual%20Studio%20Code.app/Contents/Resources/app/out/vs/workbench/workbench.desktop.main.js:3918:16049)
  at vscode-file://vscode-app/Users/runner/work/salesforcedx-vscode/salesforcedx-vscode/packages/playwright-vscode-ext/.vscode-test/vscode-darwin-arm64-1.108.0/Visual%20Studio%20Code.app/Contents/Resources/app/out/vs/workbench/workbench.desktop.main.js:37
[Electron Console Error] %c  ERR color: #f33 Canceled: Canceled
    at new Dkn (vscode-file://vscode-app/Users/runner/work/salesforcedx-vscode/salesforcedx-vscode/packages/playwright-vscode-ext/.vscode-test/vscode-darwin-arm64-1.108.0/Visual%20Studio%20Code.app/Contents/Resources/app/out/vs/workbench/workbench.desktop.main.js:3912:36350)
    at FPt.U (vscode-file://vscode-app/Users/runner/work/salesforcedx-vscode/salesforcedx-vscode/packages/playwright-vscode-ext/.vscode-test/vscode-darwin-arm64-1.108.0/Visual%20Studio%20Code.app/Contents/Resources/app/out/vs/workbench/workbench.desktop.main.js:3912:41002)
    at n.<computed>.o.charCodeAt.n.<computed> (vscode-file://vscode-app/Users/runner/work/salesforcedx-vscode/salesforcedx-vscode/packages/playwright-vscode-ext/.vscode-test/vscode-darwin-arm64-1.108.0/Visual%20Studio%20Code.app/Contents/Resources/app/out/vs/workbench/workbench.desktop.main.js:3912:38487)
    at Sli.getSessions (vscode-file://vscode-app/Users/runner/work/salesforcedx-vscode/salesforcedx-vscode/packages/playwright-vscode-ext/.vscode-test/vscode-darwin-arm64-1.108.0/Visual%20Studio%20Code.app/Contents/Resources/app/out/vs/workbench/workbench.desktop.main.js:607:74266)
    at oJe.getSessions (vscode-file://vscode-app/Users/runner/work/salesforcedx-vscode/salesforcedx-vscode/packages/playwright-vscode-ext/.vscode-test/vscode-darwin-arm64-1.108.0/Visual%20Studio%20Code.app/Contents/Resources/app/out/vs/workbench/workbench.desktop.main.js:607:71264)
    at oJe.getAccounts (vscode-file://vscode-app/Users/runner/work/salesforcedx-vscode/salesforcedx-vscode/packages/playwright-vscode-ext/.vscode-test/vscode-darwin-arm64-1.108.0/Visual%20Studio%20Code.app/Contents/Resources/app/out/vs/workbench/workbench.desktop.main.js:607:70561)
    at sJe.j (vscode-file://vscode-app/Users/runner/work/salesforcedx-vscode/salesforcedx-vscode/packages/playwright-vscode-ext/.vscode-test/vscode-darwin-arm64-1.108.0/Visual%20Studio%20Code.app/Contents/Resources/app/out/vs/workbench/workbench.desktop.main.js:607:64998)
    at vscode-file://vscode-app/Users/runner/work/salesforcedx-vscode/salesforcedx-vscode/packages/playwright-vscode-ext/.vscode-test/vscode-darwin-arm64-1.108.0/Visual%20Studio%20Code.app/Contents/Resources/app/out/vs/workbench/workbench.desktop.main.js:607:64359
    at Array.map (<anonymous>)
    at Object.factory (vscode-file://vscode-app/Users/runner/work/salesforcedx-vscode/salesforcedx-vscode/packages/playwright-vscode-ext/.vscode-test/vscode-darwin-arm64-1.108.0/Visual%20Studio%20Code.app/Contents/Resources/app/out/vs/workbench/workbench.desktop.main.js:607:64347)
  at vscode-file://vscode-app/Users/runner/work/salesforcedx-vscode/salesforcedx-vscode/packages/playwright-vscode-ext/.vscode-test/vscode-darwin-arm64-1.108.0/Visual%20Studio%20Code.app/Contents/Resources/app/out/vs/workbench/workbench.desktop.main.js:37
[Electron Console Error] %c  ERR color: #f33 Canceled: Canceled
    at new Dkn (vscode-file://vscode-app/Users/runner/work/salesforcedx-vscode/salesforcedx-vscode/packages/playwright-vscode-ext/.vscode-test/vscode-darwin-arm64-1.108.0/Visual%20Studio%20Code.app/Contents/Resources/app/out/vs/workbench/workbench.desktop.main.js:3912:36350)
    at FPt.U (vscode-file://vscode-app/Users/runner/work/salesforcedx-vscode/salesforcedx-vscode/packages/playwright-vscode-ext/.vscode-test/vscode-darwin-arm64-1.108.0/Visual%20Studio%20Code.app/Contents/Resources/app/out/vs/workbench/workbench.desktop.main.js:3912:41002)
    at n.<computed>.o.charCodeAt.n.<computed> (vscode-file://vscode-app/Users/runner/work/salesforcedx-vscode/salesforcedx-vscode/packages/playwright-vscode-ext/.vscode-test/vscode-darwin-arm64-1.108.0/Visual%20Studio%20Code.app/Contents/Resources/app/out/vs/workbench/workbench.desktop.main.js:3912:38487)
    at Sli.getSessions (vscode-file://vscode-app/Users/runner/work/salesforcedx-vscode/salesforcedx-vscode/packages/playwright-vscode-ext/.vscode-test/vscode-darwin-arm64-1.108.0/Visual%20Studio%20Code.app/Contents/Resources/app/out/vs/workbench/workbench.desktop.main.js:607:74266)
    at oJe.getSessions (vscode-file://vscode-app/Users/runner/work/salesforcedx-vscode/salesforcedx-vscode/packages/playwright-vscode-ext/.vscode-test/vscode-darwin-arm64-1.108.0/Visual%20Studio%20Code.app/Contents/Resources/app/out/vs/workbench/workbench.desktop.main.js:607:71264)
    at oJe.getAccounts (vscode-file://vscode-app/Users/runner/work/salesforcedx-vscode/salesforcedx-vscode/packages/playwright-vscode-ext/.vscode-test/vscode-darwin-arm64-1.108.0/Visual%20Studio%20Code.app/Contents/Resources/app/out/vs/workbench/workbench.desktop.main.js:607:70561)
    at sJe.j (vscode-file://vscode-app/Users/runner/work/salesforcedx-vscode/salesforcedx-vscode/packages/playwright-vscode-ext/.vscode-test/vscode-darwin-arm64-1.108.0/Visual%20Studio%20Code.app/Contents/Resources/app/out/vs/workbench/workbench.desktop.main.js:607:64998)
    at vscode-file://vscode-app/Users/runner/work/salesforcedx-vscode/salesforcedx-vscode/packages/playwright-vscode-ext/.vscode-test/vscode-darwin-arm64-1.108.0/Visual%20Studio%20Code.app/Contents/Resources/app/out/vs/workbench/workbench.desktop.main.js:607:64359
    at Array.map (<anonymous>)
    at Object.factory (vscode-file://vscode-app/Users/runner/work/salesforcedx-vscode/salesforcedx-vscode/packages/playwright-vscode-ext/.vscode-test/vscode-darwin-arm64-1.108.0/Visual%20Studio%20Code.app/Contents/Resources/app/out/vs/workbench/workbench.desktop.main.js:607:64347)
  at vscode-file://vscode-app/Users/runner/work/salesforcedx-vscode/salesforcedx-vscode/packages/playwright-vscode-ext/.vscode-test/vscode-darwin-arm64-1.108.0/Visual%20Studio%20Code.app/Contents/Resources/app/out/vs/workbench/workbench.desktop.main.js:37
[Electron Console Error] %c  ERR color: #f33 Throttler is disposed: Error: Throttler is disposed
    at wm.queue (vscode-file://vscode-app/Users/runner/work/salesforcedx-vscode/salesforcedx-vscode/packages/playwright-vscode-ext/.vscode-test/vscode-darwin-arm64-1.108.0/Visual%20Studio%20Code.app/Contents/Resources/app/out/vs/workbench/workbench.desktop.main.js:30:72772)
    at vscode-file://vscode-app/Users/runner/work/salesforcedx-vscode/salesforcedx-vscode/packages/playwright-vscode-ext/.vscode-test/vscode-darwin-arm64-1.108.0/Visual%20Studio%20Code.app/Contents/Resources/app/out/vs/workbench/workbench.desktop.main.js:30:74420
    at vscode-file://vscode-app/Users/runner/work/salesforcedx-vscode/salesforcedx-vscode/packages/playwright-vscode-ext/.vscode-test/vscode-darwin-arm64-1.108.0/Visual%20Studio%20Code.app/Contents/Resources/app/out/vs/workbench/workbench.desktop.main.js:30:74065
  at vscode-file://vscode-app/Users/runner/work/salesforcedx-vscode/salesforcedx-vscode/packages/playwright-vscode-ext/.vscode-test/vscode-darwin-arm64-1.108.0/Visual%20Studio%20Code.app/Contents/Resources/app/out/vs/workbench/workbench.desktop.main.js:37
[Electron Console Error] %c  ERR color: #f33 [DefaultAccount] Failed to create default account for provider: github Canceled
  at vscode-file://vscode-app/Users/runner/work/salesforcedx-vscode/salesforcedx-vscode/packages/playwright-vscode-ext/.vscode-test/vscode-darwin-arm64-1.108.0/Visual%20Studio%20Code.app/Contents/Resources/app/out/vs/workbench/workbench.desktop.main.js:37

[[ATTACHMENT|helpers.headless-Helper-Fu-dbcfa-t-for-workspace-to-be-ready-desktop-electron/test-finished-1.png]]

[[ATTACHMENT|helpers.headless-Helper-Fu-dbcfa-t-for-workspace-to-be-ready-desktop-electron/trace.zip]]
]]>
</system-out>
</testcase>
</testsuite>
<testsuite name="outputChannel.headless.spec.ts" timestamp="2026-01-12T19:07:05.189Z" hostname="desktop-electron" tests="5" failures="1" skipped="0" time="258.753" errors="0">
<testcase name="Output Channel › should open output panel" classname="outputChannel.headless.spec.ts" time="9.991">
<system-out>
<![CDATA[[Electron Console Error] %c  ERR color: #f33 [/Users/runner/work/salesforcedx-vscode/salesforcedx-vscode/packages/playwright-vscode-ext]: property `engines` is mandatory and must be of type `object`
  at vscode-file://vscode-app/Users/runner/work/salesforcedx-vscode/salesforcedx-vscode/packages/playwright-vscode-ext/.vscode-test/vscode-darwin-arm64-1.108.0/Visual%20Studio%20Code.app/Contents/Resources/app/out/vs/workbench/workbench.desktop.main.js:37

[[ATTACHMENT|outputChannel.headless-Out-d50ab-el-should-open-output-panel-desktop-electron/test-finished-1.png]]

[[ATTACHMENT|outputChannel.headless-Out-d50ab-el-should-open-output-panel-desktop-electron/trace.zip]]
]]>
</system-out>
</testcase>
<testcase name="Output Channel › should select output channel" classname="outputChannel.headless.spec.ts" time="111.019">
<failure message="outputChannel.headless.spec.ts:40:7 should select output channel" type="FAILURE">
<![CDATA[  [desktop-electron] › outputChannel.headless.spec.ts:40:7 › Output Channel › should select output channel › Open output panel 

    TimeoutError: locator.click: Timeout 30000ms exceeded.
    Call log:
      - waiting for locator('.quick-input-widget').locator('.quick-input-list .monaco-list-row').filter({ hasText: 'Output: Focus on Output View' }).first()
        - locator resolved to <div role="option" data-index="0" aria-level="1" aria-setsize="2" id="list_id_5_0" aria-posinset="1" draggable="false" data-parity="even" data-last-element="false" class="monaco-list-row focused" aria-label="Output: Focus on Output View">…</div>
      - attempting click action
        2 × waiting for element to be visible, enabled and stable
          - element is not visible
        - retrying click action
        - waiting 20ms
        2 × waiting for element to be visible, enabled and stable
          - element is not visible
        - retrying click action
          - waiting 100ms
        46 × waiting for element to be visible, enabled and stable
           - element is not visible
         - retrying click action
           - waiting 500ms


       at ../../../src/pages/commands.ts:77

      75 |   
      76 |   // Click the command row - Playwright will handle scrolling if needed
    > 77 |   await commandRow.click();
         |                    ^
      78 |
      79 |   // Wait for the command palette to close after executing the command
      80 |   await widget.waitFor({ state: 'hidden', timeout: 5000 }).catch(() => {
        at executeCommand (/Users/runner/work/salesforcedx-vscode/salesforcedx-vscode/packages/playwright-vscode-ext/src/pages/commands.ts:77:20)
        at executeCommandWithCommandPalette (/Users/runner/work/salesforcedx-vscode/salesforcedx-vscode/packages/playwright-vscode-ext/src/pages/commands.ts:91:3)
        at ensureOutputPanelOpen (/Users/runner/work/salesforcedx-vscode/salesforcedx-vscode/packages/playwright-vscode-ext/src/pages/outputChannel.ts:45:5)
        at /Users/runner/work/salesforcedx-vscode/salesforcedx-vscode/packages/playwright-vscode-ext/test/playwright/specs/outputChannel.headless.spec.ts:42:7
        at /Users/runner/work/salesforcedx-vscode/salesforcedx-vscode/packages/playwright-vscode-ext/test/playwright/specs/outputChannel.headless.spec.ts:41:5

    attachment #1: screenshot (image/png) ──────────────────────────────────────────────────────────
    ../../../test-results/outputChannel.headless-Out-376a0-hould-select-output-channel-desktop-electron/test-failed-1.png
    ────────────────────────────────────────────────────────────────────────────────────────────────

    Error Context: ../../../test-results/outputChannel.headless-Out-376a0-hould-select-output-channel-desktop-electron/error-context.md

    attachment #3: trace (application/zip) ─────────────────────────────────────────────────────────
    ../../../test-results/outputChannel.headless-Out-376a0-hould-select-output-channel-desktop-electron/trace.zip
    Usage:

        npx playwright show-trace ../../../test-results/outputChannel.headless-Out-376a0-hould-select-output-channel-desktop-electron/trace.zip

    ────────────────────────────────────────────────────────────────────────────────────────────────

    Retry #1 ───────────────────────────────────────────────────────────────────────────────────────

    Error: expect(locator).toBeVisible() failed

    Locator:  locator('.quick-input-widget').locator('.quick-input-list .monaco-list-row').filter({ hasText: 'Output: Focus on Output View' }).first()
    Expected: visible
    Received: hidden
    Timeout:  5000ms

    Call log:
      - Expect "toBeVisible" with timeout 5000ms
      - waiting for locator('.quick-input-widget').locator('.quick-input-list .monaco-list-row').filter({ hasText: 'Output: Focus on Output View' }).first()
        8 × locator resolved to <div role="option" data-index="0" aria-level="1" aria-setsize="2" id="list_id_5_0" aria-posinset="1" draggable="false" data-parity="even" data-last-element="false" class="monaco-list-row focused" aria-label="Output: Focus on Output View">…</div>
          - unexpected value "hidden"


       at ../../../src/pages/commands.ts:74

      72 |   // Wait for the element to be visible - Playwright's click() will automatically scroll into view if needed
      73 |   // Don't use scrollIntoViewIfNeeded() for virtualized DOM as the element won't exist until scrolled into view
    > 74 |   await expect(commandRow).toBeVisible({ timeout: 5000 });
         |                            ^
      75 |   
      76 |   // Click the command row - Playwright will handle scrolling if needed
      77 |   await commandRow.click();
        at executeCommand (/Users/runner/work/salesforcedx-vscode/salesforcedx-vscode/packages/playwright-vscode-ext/src/pages/commands.ts:74:28)
        at executeCommandWithCommandPalette (/Users/runner/work/salesforcedx-vscode/salesforcedx-vscode/packages/playwright-vscode-ext/src/pages/commands.ts:91:3)
        at ensureOutputPanelOpen (/Users/runner/work/salesforcedx-vscode/salesforcedx-vscode/packages/playwright-vscode-ext/src/pages/outputChannel.ts:45:5)
        at /Users/runner/work/salesforcedx-vscode/salesforcedx-vscode/packages/playwright-vscode-ext/test/playwright/specs/outputChannel.headless.spec.ts:42:7
        at /Users/runner/work/salesforcedx-vscode/salesforcedx-vscode/packages/playwright-vscode-ext/test/playwright/specs/outputChannel.headless.spec.ts:41:5

    attachment #1: screenshot (image/png) ──────────────────────────────────────────────────────────
    ../../../test-results/outputChannel.headless-Out-376a0-hould-select-output-channel-desktop-electron-retry1/test-failed-1.png
    ────────────────────────────────────────────────────────────────────────────────────────────────

    Error Context: ../../../test-results/outputChannel.headless-Out-376a0-hould-select-output-channel-desktop-electron-retry1/error-context.md

    attachment #3: trace (application/zip) ─────────────────────────────────────────────────────────
    ../../../test-results/outputChannel.headless-Out-376a0-hould-select-output-channel-desktop-electron-retry1/trace.zip
    Usage:

        npx playwright show-trace ../../../test-results/outputChannel.headless-Out-376a0-hould-select-output-channel-desktop-electron-retry1/trace.zip

    ────────────────────────────────────────────────────────────────────────────────────────────────

    Retry #2 ───────────────────────────────────────────────────────────────────────────────────────

    TimeoutError: locator.click: Timeout 30000ms exceeded.
    Call log:
      - waiting for locator('.quick-input-widget').locator('.quick-input-list .monaco-list-row').filter({ hasText: 'Output: Focus on Output View' }).first()
        - locator resolved to <div role="option" data-index="0" aria-level="1" aria-setsize="2" id="list_id_5_0" aria-posinset="1" draggable="false" data-parity="even" data-last-element="false" class="monaco-list-row focused" aria-label="Output: Focus on Output View">…</div>
      - attempting click action
        2 × waiting for element to be visible, enabled and stable
          - element is not visible
        - retrying click action
        - waiting 20ms
        2 × waiting for element to be visible, enabled and stable
          - element is not visible
        - retrying click action
          - waiting 100ms
        47 × waiting for element to be visible, enabled and stable
           - element is not visible
         - retrying click action
           - waiting 500ms


       at ../../../src/pages/commands.ts:77

      75 |   
      76 |   // Click the command row - Playwright will handle scrolling if needed
    > 77 |   await commandRow.click();
         |                    ^
      78 |
      79 |   // Wait for the command palette to close after executing the command
      80 |   await widget.waitFor({ state: 'hidden', timeout: 5000 }).catch(() => {
        at executeCommand (/Users/runner/work/salesforcedx-vscode/salesforcedx-vscode/packages/playwright-vscode-ext/src/pages/commands.ts:77:20)
        at executeCommandWithCommandPalette (/Users/runner/work/salesforcedx-vscode/salesforcedx-vscode/packages/playwright-vscode-ext/src/pages/commands.ts:91:3)
        at ensureOutputPanelOpen (/Users/runner/work/salesforcedx-vscode/salesforcedx-vscode/packages/playwright-vscode-ext/src/pages/outputChannel.ts:45:5)
        at /Users/runner/work/salesforcedx-vscode/salesforcedx-vscode/packages/playwright-vscode-ext/test/playwright/specs/outputChannel.headless.spec.ts:42:7
        at /Users/runner/work/salesforcedx-vscode/salesforcedx-vscode/packages/playwright-vscode-ext/test/playwright/specs/outputChannel.headless.spec.ts:41:5

    attachment #1: screenshot (image/png) ──────────────────────────────────────────────────────────
    ../../../test-results/outputChannel.headless-Out-376a0-hould-select-output-channel-desktop-electron-retry2/test-failed-1.png
    ────────────────────────────────────────────────────────────────────────────────────────────────

    Error Context: ../../../test-results/outputChannel.headless-Out-376a0-hould-select-output-channel-desktop-electron-retry2/error-context.md

    attachment #3: trace (application/zip) ─────────────────────────────────────────────────────────
    ../../../test-results/outputChannel.headless-Out-376a0-hould-select-output-channel-desktop-electron-retry2/trace.zip
    Usage:

        npx playwright show-trace ../../../test-results/outputChannel.headless-Out-376a0-hould-select-output-channel-desktop-electron-retry2/trace.zip

    ────────────────────────────────────────────────────────────────────────────────────────────────
]]>
</failure>
<system-out>
<![CDATA[[Electron Console Error] %c  ERR color: #f33 [/Users/runner/work/salesforcedx-vscode/salesforcedx-vscode/packages/playwright-vscode-ext]: property `engines` is mandatory and must be of type `object`
  at vscode-file://vscode-app/Users/runner/work/salesforcedx-vscode/salesforcedx-vscode/packages/playwright-vscode-ext/.vscode-test/vscode-darwin-arm64-1.108.0/Visual%20Studio%20Code.app/Contents/Resources/app/out/vs/workbench/workbench.desktop.main.js:37

[[ATTACHMENT|outputChannel.headless-Out-376a0-hould-select-output-channel-desktop-electron/test-failed-1.png]]

[[ATTACHMENT|outputChannel.headless-Out-376a0-hould-select-output-channel-desktop-electron/error-context.md]]

[[ATTACHMENT|outputChannel.headless-Out-376a0-hould-select-output-channel-desktop-electron/trace.zip]]
[Electron Console Error] %c  ERR color: #f33 [/Users/runner/work/salesforcedx-vscode/salesforcedx-vscode/packages/playwright-vscode-ext]: property `engines` is mandatory and must be of type `object`
  at vscode-file://vscode-app/Users/runner/work/salesforcedx-vscode/salesforcedx-vscode/packages/playwright-vscode-ext/.vscode-test/vscode-darwin-arm64-1.108.0/Visual%20Studio%20Code.app/Contents/Resources/app/out/vs/workbench/workbench.desktop.main.js:37

[[ATTACHMENT|outputChannel.headless-Out-376a0-hould-select-output-channel-desktop-electron-retry1/test-failed-1.png]]

[[ATTACHMENT|outputChannel.headless-Out-376a0-hould-select-output-channel-desktop-electron-retry1/error-context.md]]

[[ATTACHMENT|outputChannel.headless-Out-376a0-hould-select-output-channel-desktop-electron-retry1/trace.zip]]
[Electron Console Error] %c  ERR color: #f33 [/Users/runner/work/salesforcedx-vscode/salesforcedx-vscode/packages/playwright-vscode-ext]: property `engines` is mandatory and must be of type `object`
  at vscode-file://vscode-app/Users/runner/work/salesforcedx-vscode/salesforcedx-vscode/packages/playwright-vscode-ext/.vscode-test/vscode-darwin-arm64-1.108.0/Visual%20Studio%20Code.app/Contents/Resources/app/out/vs/workbench/workbench.desktop.main.js:37

[[ATTACHMENT|outputChannel.headless-Out-376a0-hould-select-output-channel-desktop-electron-retry2/test-failed-1.png]]

[[ATTACHMENT|outputChannel.headless-Out-376a0-hould-select-output-channel-desktop-electron-retry2/error-context.md]]

[[ATTACHMENT|outputChannel.headless-Out-376a0-hould-select-output-channel-desktop-electron-retry2/trace.zip]]
]]>
</system-out>
<system-err>
<![CDATA[- Resolving version...
[32m✔[39m Validated version: 1.108.0
[32m✔[39m Found existing install in /Users/runner/work/salesforcedx-vscode/salesforcedx-vscode/packages/playwright-vscode-ext/.vscode-test/vscode-darwin-arm64-1.108.0
- Resolving version...
[32m✔[39m Validated version: 1.108.0
[32m✔[39m Found existing install in /Users/runner/work/salesforcedx-vscode/salesforcedx-vscode/packages/playwright-vscode-ext/.vscode-test/vscode-darwin-arm64-1.108.0
]]>
</system-err>
</testcase>
<testcase name="Output Channel › should wait for output text" classname="outputChannel.headless.spec.ts" time="24.123">
<system-out>
<![CDATA[[Electron Console Error] %c  ERR color: #f33 [/Users/runner/work/salesforcedx-vscode/salesforcedx-vscode/packages/playwright-vscode-ext]: property `engines` is mandatory and must be of type `object`
  at vscode-file://vscode-app/Users/runner/work/salesforcedx-vscode/salesforcedx-vscode/packages/playwright-vscode-ext/.vscode-test/vscode-darwin-arm64-1.108.0/Visual%20Studio%20Code.app/Contents/Resources/app/out/vs/workbench/workbench.desktop.main.js:37

[[ATTACHMENT|outputChannel.headless-Out-9a2cf-should-wait-for-output-text-desktop-electron/test-failed-1.png]]

[[ATTACHMENT|outputChannel.headless-Out-9a2cf-should-wait-for-output-text-desktop-electron/error-context.md]]

[[ATTACHMENT|outputChannel.headless-Out-9a2cf-should-wait-for-output-text-desktop-electron/trace.zip]]
[Electron Console Error] %c  ERR color: #f33 [/Users/runner/work/salesforcedx-vscode/salesforcedx-vscode/packages/playwright-vscode-ext]: property `engines` is mandatory and must be of type `object`
  at vscode-file://vscode-app/Users/runner/work/salesforcedx-vscode/salesforcedx-vscode/packages/playwright-vscode-ext/.vscode-test/vscode-darwin-arm64-1.108.0/Visual%20Studio%20Code.app/Contents/Resources/app/out/vs/workbench/workbench.desktop.main.js:37

[[ATTACHMENT|outputChannel.headless-Out-9a2cf-should-wait-for-output-text-desktop-electron-retry1/test-finished-1.png]]

[[ATTACHMENT|outputChannel.headless-Out-9a2cf-should-wait-for-output-text-desktop-electron-retry1/trace.zip]]
]]>
</system-out>
<system-err>
<![CDATA[- Resolving version...
[32m✔[39m Validated version: 1.108.0
[32m✔[39m Found existing install in /Users/runner/work/salesforcedx-vscode/salesforcedx-vscode/packages/playwright-vscode-ext/.vscode-test/vscode-darwin-arm64-1.108.0
- Resolving version...
[32m✔[39m Validated version: 1.108.0
[32m✔[39m Found existing install in /Users/runner/work/salesforcedx-vscode/salesforcedx-vscode/packages/playwright-vscode-ext/.vscode-test/vscode-darwin-arm64-1.108.0
]]>
</system-err>
</testcase>
<testcase name="Output Channel › should check if output contains text" classname="outputChannel.headless.spec.ts" time="68.982">
<system-out>
<![CDATA[[Electron Console Error] %c  ERR color: #f33 [/Users/runner/work/salesforcedx-vscode/salesforcedx-vscode/packages/playwright-vscode-ext]: property `engines` is mandatory and must be of type `object`
  at vscode-file://vscode-app/Users/runner/work/salesforcedx-vscode/salesforcedx-vscode/packages/playwright-vscode-ext/.vscode-test/vscode-darwin-arm64-1.108.0/Visual%20Studio%20Code.app/Contents/Resources/app/out/vs/workbench/workbench.desktop.main.js:37

[[ATTACHMENT|outputChannel.headless-Out-4b6d9-eck-if-output-contains-text-desktop-electron/test-failed-1.png]]

[[ATTACHMENT|outputChannel.headless-Out-4b6d9-eck-if-output-contains-text-desktop-electron/error-context.md]]

[[ATTACHMENT|outputChannel.headless-Out-4b6d9-eck-if-output-contains-text-desktop-electron/trace.zip]]
[Electron Console Error] %c  ERR color: #f33 [/Users/runner/work/salesforcedx-vscode/salesforcedx-vscode/packages/playwright-vscode-ext]: property `engines` is mandatory and must be of type `object`
  at vscode-file://vscode-app/Users/runner/work/salesforcedx-vscode/salesforcedx-vscode/packages/playwright-vscode-ext/.vscode-test/vscode-darwin-arm64-1.108.0/Visual%20Studio%20Code.app/Contents/Resources/app/out/vs/workbench/workbench.desktop.main.js:37

[[ATTACHMENT|outputChannel.headless-Out-4b6d9-eck-if-output-contains-text-desktop-electron-retry1/test-failed-1.png]]

[[ATTACHMENT|outputChannel.headless-Out-4b6d9-eck-if-output-contains-text-desktop-electron-retry1/error-context.md]]

[[ATTACHMENT|outputChannel.headless-Out-4b6d9-eck-if-output-contains-text-desktop-electron-retry1/trace.zip]]
[Electron Console Error] %c  ERR color: #f33 [/Users/runner/work/salesforcedx-vscode/salesforcedx-vscode/packages/playwright-vscode-ext]: property `engines` is mandatory and must be of type `object`
  at vscode-file://vscode-app/Users/runner/work/salesforcedx-vscode/salesforcedx-vscode/packages/playwright-vscode-ext/.vscode-test/vscode-darwin-arm64-1.108.0/Visual%20Studio%20Code.app/Contents/Resources/app/out/vs/workbench/workbench.desktop.main.js:37

[[ATTACHMENT|outputChannel.headless-Out-4b6d9-eck-if-output-contains-text-desktop-electron-retry2/test-finished-1.png]]

[[ATTACHMENT|outputChannel.headless-Out-4b6d9-eck-if-output-contains-text-desktop-electron-retry2/trace.zip]]
]]>
</system-out>
<system-err>
<![CDATA[- Resolving version...
[32m✔[39m Validated version: 1.108.0
[32m✔[39m Found existing install in /Users/runner/work/salesforcedx-vscode/salesforcedx-vscode/packages/playwright-vscode-ext/.vscode-test/vscode-darwin-arm64-1.108.0
- Resolving version...
[32m✔[39m Validated version: 1.108.0
[32m✔[39m Found existing install in /Users/runner/work/salesforcedx-vscode/salesforcedx-vscode/packages/playwright-vscode-ext/.vscode-test/vscode-darwin-arm64-1.108.0
]]>
</system-err>
</testcase>
<testcase name="Output Channel › should clear output channel" classname="outputChannel.headless.spec.ts" time="44.638">
<system-out>
<![CDATA[[Electron Console Error] %c  ERR color: #f33 [/Users/runner/work/salesforcedx-vscode/salesforcedx-vscode/packages/playwright-vscode-ext]: property `engines` is mandatory and must be of type `object`
  at vscode-file://vscode-app/Users/runner/work/salesforcedx-vscode/salesforcedx-vscode/packages/playwright-vscode-ext/.vscode-test/vscode-darwin-arm64-1.108.0/Visual%20Studio%20Code.app/Contents/Resources/app/out/vs/workbench/workbench.desktop.main.js:37

[[ATTACHMENT|outputChannel.headless-Out-c563a-should-clear-output-channel-desktop-electron/test-failed-1.png]]

[[ATTACHMENT|outputChannel.headless-Out-c563a-should-clear-output-channel-desktop-electron/error-context.md]]

[[ATTACHMENT|outputChannel.headless-Out-c563a-should-clear-output-channel-desktop-electron/trace.zip]]
[Electron Console Error] %c  ERR color: #f33 [/Users/runner/work/salesforcedx-vscode/salesforcedx-vscode/packages/playwright-vscode-ext]: property `engines` is mandatory and must be of type `object`
  at vscode-file://vscode-app/Users/runner/work/salesforcedx-vscode/salesforcedx-vscode/packages/playwright-vscode-ext/.vscode-test/vscode-darwin-arm64-1.108.0/Visual%20Studio%20Code.app/Contents/Resources/app/out/vs/workbench/workbench.desktop.main.js:37

[[ATTACHMENT|outputChannel.headless-Out-c563a-should-clear-output-channel-desktop-electron-retry1/test-failed-1.png]]

[[ATTACHMENT|outputChannel.headless-Out-c563a-should-clear-output-channel-desktop-electron-retry1/error-context.md]]

[[ATTACHMENT|outputChannel.headless-Out-c563a-should-clear-output-channel-desktop-electron-retry1/trace.zip]]
[Electron Console Error] %c  ERR color: #f33 [/Users/runner/work/salesforcedx-vscode/salesforcedx-vscode/packages/playwright-vscode-ext]: property `engines` is mandatory and must be of type `object`
  at vscode-file://vscode-app/Users/runner/work/salesforcedx-vscode/salesforcedx-vscode/packages/playwright-vscode-ext/.vscode-test/vscode-darwin-arm64-1.108.0/Visual%20Studio%20Code.app/Contents/Resources/app/out/vs/workbench/workbench.desktop.main.js:37

[[ATTACHMENT|outputChannel.headless-Out-c563a-should-clear-output-channel-desktop-electron-retry2/test-finished-1.png]]

[[ATTACHMENT|outputChannel.headless-Out-c563a-should-clear-output-channel-desktop-electron-retry2/trace.zip]]
]]>
</system-out>
<system-err>
<![CDATA[- Resolving version...
[32m✔[39m Validated version: 1.108.0
[32m✔[39m Found existing install in /Users/runner/work/salesforcedx-vscode/salesforcedx-vscode/packages/playwright-vscode-ext/.vscode-test/vscode-darwin-arm64-1.108.0
- Resolving version...
[32m✔[39m Validated version: 1.108.0
[32m✔[39m Found existing install in /Users/runner/work/salesforcedx-vscode/salesforcedx-vscode/packages/playwright-vscode-ext/.vscode-test/vscode-darwin-arm64-1.108.0
]]>
</system-err>
</testcase>
</testsuite>
<testsuite name="settings.headless.spec.ts" timestamp="2026-01-12T19:07:05.189Z" hostname="desktop-electron" tests="4" failures="0" skipped="0" time="36.257" errors="0">
<testcase name="Settings › should open settings UI" classname="settings.headless.spec.ts" time="9.197">
<system-out>
<![CDATA[[Electron Console Error] %c  ERR color: #f33 [/Users/runner/work/salesforcedx-vscode/salesforcedx-vscode/packages/playwright-vscode-ext]: property `engines` is mandatory and must be of type `object`
  at vscode-file://vscode-app/Users/runner/work/salesforcedx-vscode/salesforcedx-vscode/packages/playwright-vscode-ext/.vscode-test/vscode-darwin-arm64-1.108.0/Visual%20Studio%20Code.app/Contents/Resources/app/out/vs/workbench/workbench.desktop.main.js:37

[[ATTACHMENT|settings.headless-Settings-should-open-settings-UI-desktop-electron/test-finished-1.png]]

[[ATTACHMENT|settings.headless-Settings-should-open-settings-UI-desktop-electron/trace.zip]]
]]>
</system-out>
</testcase>
<testcase name="Settings › should search for settings" classname="settings.headless.spec.ts" time="8.478">
<system-out>
<![CDATA[[Electron Console Error] %c  ERR color: #f33 [/Users/runner/work/salesforcedx-vscode/salesforcedx-vscode/packages/playwright-vscode-ext]: property `engines` is mandatory and must be of type `object`
  at vscode-file://vscode-app/Users/runner/work/salesforcedx-vscode/salesforcedx-vscode/packages/playwright-vscode-ext/.vscode-test/vscode-darwin-arm64-1.108.0/Visual%20Studio%20Code.app/Contents/Resources/app/out/vs/workbench/workbench.desktop.main.js:37

[[ATTACHMENT|settings.headless-Settings-should-search-for-settings-desktop-electron/test-finished-1.png]]

[[ATTACHMENT|settings.headless-Settings-should-search-for-settings-desktop-electron/trace.zip]]
]]>
</system-out>
</testcase>
<testcase name="Settings › should modify textbox setting" classname="settings.headless.spec.ts" time="7.235">
<system-out>
<![CDATA[[Electron Console Error] %c  ERR color: #f33 [/Users/runner/work/salesforcedx-vscode/salesforcedx-vscode/packages/playwright-vscode-ext]: property `engines` is mandatory and must be of type `object`
  at vscode-file://vscode-app/Users/runner/work/salesforcedx-vscode/salesforcedx-vscode/packages/playwright-vscode-ext/.vscode-test/vscode-darwin-arm64-1.108.0/Visual%20Studio%20Code.app/Contents/Resources/app/out/vs/workbench/workbench.desktop.main.js:37

[[ATTACHMENT|settings.headless-Settings-should-modify-textbox-setting-desktop-electron/test-finished-1.png]]

[[ATTACHMENT|settings.headless-Settings-should-modify-textbox-setting-desktop-electron/trace.zip]]
]]>
</system-out>
</testcase>
<testcase name="Settings › should modify checkbox setting" classname="settings.headless.spec.ts" time="11.347">
<system-out>
<![CDATA[[Electron Console Error] %c  ERR color: #f33 [/Users/runner/work/salesforcedx-vscode/salesforcedx-vscode/packages/playwright-vscode-ext]: property `engines` is mandatory and must be of type `object`
  at vscode-file://vscode-app/Users/runner/work/salesforcedx-vscode/salesforcedx-vscode/packages/playwright-vscode-ext/.vscode-test/vscode-darwin-arm64-1.108.0/Visual%20Studio%20Code.app/Contents/Resources/app/out/vs/workbench/workbench.desktop.main.js:37

[[ATTACHMENT|settings.headless-Settings-should-modify-checkbox-setting-desktop-electron/test-finished-1.png]]

[[ATTACHMENT|settings.headless-Settings-should-modify-checkbox-setting-desktop-electron/trace.zip]]
]]>
</system-out>
</testcase>
</testsuite>
</testsuites>