<testsuites id="" name="" tests="21" failures="0" skipped="0" errors="0" time="160.64167999999998">
<testsuite name="commandPalette.headless.spec.ts" timestamp="2026-01-12T22:24:21.998Z" hostname="chromium" tests="3" failures="0" skipped="0" time="22.553" errors="0">
<testcase name="Command Palette › should open command palette with F1" classname="commandPalette.headless.spec.ts" time="3.542">
<system-out>
<![CDATA[
[[ATTACHMENT|commandPalette.headless-Co-0aa59-pen-command-palette-with-F1-chromium/test-finished-1.png]]

[[ATTACHMENT|commandPalette.headless-Co-0aa59-pen-command-palette-with-F1-chromium/video.webm]]
]]>
</system-out>
</testcase>
<testcase name="Command Palette › should execute command via command palette" classname="commandPalette.headless.spec.ts" time="15.825">
<system-out>
<![CDATA[
[[ATTACHMENT|commandPalette.headless-Co-16549-command-via-command-palette-chromium/test-failed-1.png]]

[[ATTACHMENT|commandPalette.headless-Co-16549-command-via-command-palette-chromium/video.webm]]

[[ATTACHMENT|commandPalette.headless-Co-16549-command-via-command-palette-chromium/error-context.md]]

[[ATTACHMENT|commandPalette.headless-Co-16549-command-via-command-palette-chromium/trace.zip]]

[[ATTACHMENT|commandPalette.headless-Co-16549-command-via-command-palette-chromium-retry1/test-finished-1.png]]

[[ATTACHMENT|commandPalette.headless-Co-16549-command-via-command-palette-chromium-retry1/video.webm]]
]]>
</system-out>
</testcase>
<testcase name="Command Palette › should support command palette with Ctrl+Shift+P" classname="commandPalette.headless.spec.ts" time="3.186">
<system-out>
<![CDATA[
[[ATTACHMENT|commandPalette.headless-Co-1a00a-d-palette-with-Ctrl-Shift-P-chromium/test-finished-1.png]]

[[ATTACHMENT|commandPalette.headless-Co-1a00a-d-palette-with-Ctrl-Shift-P-chromium/video.webm]]
]]>
</system-out>
</testcase>
</testsuite>
<testsuite name="contextMenu.headless.spec.ts" timestamp="2026-01-12T22:24:21.998Z" hostname="chromium" tests="2" failures="0" skipped="0" time="7.564" errors="0">
<testcase name="Context Menu › should execute editor context menu command" classname="contextMenu.headless.spec.ts" time="4.919">
<system-out>
<![CDATA[
[[ATTACHMENT|contextMenu.headless-Conte-350a4-editor-context-menu-command-chromium/test-finished-1.png]]

[[ATTACHMENT|contextMenu.headless-Conte-350a4-editor-context-menu-command-chromium/video.webm]]
]]>
</system-out>
</testcase>
<testcase name="Context Menu › should execute explorer context menu command" classname="contextMenu.headless.spec.ts" time="2.645">
<system-out>
<![CDATA[
[[ATTACHMENT|contextMenu.headless-Conte-a6810-plorer-context-menu-command-chromium/test-finished-1.png]]

[[ATTACHMENT|contextMenu.headless-Conte-a6810-plorer-context-menu-command-chromium/video.webm]]
]]>
</system-out>
</testcase>
</testsuite>
<testsuite name="fileOperations.headless.spec.ts" timestamp="2026-01-12T22:24:21.998Z" hostname="chromium" tests="4" failures="0" skipped="0" time="19.652" errors="0">
<testcase name="File Operations › should create file with contents" classname="fileOperations.headless.spec.ts" time="4.617">
<system-out>
<![CDATA[
[[ATTACHMENT|fileOperations.headless-Fi-c1f34-d-create-file-with-contents-chromium/test-finished-1.png]]

[[ATTACHMENT|fileOperations.headless-Fi-c1f34-d-create-file-with-contents-chromium/video.webm]]
]]>
</system-out>
</testcase>
<testcase name="File Operations › should switch between multiple files" classname="fileOperations.headless.spec.ts" time="5.937">
<system-out>
<![CDATA[
[[ATTACHMENT|fileOperations.headless-Fi-85b37-itch-between-multiple-files-chromium/test-finished-1.png]]

[[ATTACHMENT|fileOperations.headless-Fi-85b37-itch-between-multiple-files-chromium/video.webm]]
]]>
</system-out>
</testcase>
<testcase name="File Operations › should edit open file" classname="fileOperations.headless.spec.ts" time="4.526">
<system-out>
<![CDATA[
[[ATTACHMENT|fileOperations.headless-Fi-d5982-tions-should-edit-open-file-chromium/test-finished-1.png]]

[[ATTACHMENT|fileOperations.headless-Fi-d5982-tions-should-edit-open-file-chromium/video.webm]]
]]>
</system-out>
</testcase>
<testcase name="File Operations › should show dirty indicator when file has unsaved changes" classname="fileOperations.headless.spec.ts" time="4.572">
<system-out>
<![CDATA[
[[ATTACHMENT|fileOperations.headless-Fi-4eb77-en-file-has-unsaved-changes-chromium/test-finished-1.png]]

[[ATTACHMENT|fileOperations.headless-Fi-4eb77-en-file-has-unsaved-changes-chromium/video.webm]]
]]>
</system-out>
</testcase>
</testsuite>
<testsuite name="helpers.headless.spec.ts" timestamp="2026-01-12T22:24:21.998Z" hostname="chromium" tests="3" failures="0" skipped="0" time="17.013" errors="0">
<testcase name="Helper Functions › waitForVSCodeWorkbench should wait for workbench to load" classname="helpers.headless.spec.ts" time="2.087">
<system-out>
<![CDATA[
[[ATTACHMENT|helpers.headless-Helper-Fu-eb15f--wait-for-workbench-to-load-chromium/test-finished-1.png]]

[[ATTACHMENT|helpers.headless-Helper-Fu-eb15f--wait-for-workbench-to-load-chromium/video.webm]]
]]>
</system-out>
</testcase>
<testcase name="Helper Functions › closeWelcomeTabs should close welcome tabs" classname="helpers.headless.spec.ts" time="2.325">
<system-out>
<![CDATA[
[[ATTACHMENT|helpers.headless-Helper-Fu-ff03a-s-should-close-welcome-tabs-chromium/test-finished-1.png]]

[[ATTACHMENT|helpers.headless-Helper-Fu-ff03a-s-should-close-welcome-tabs-chromium/video.webm]]
]]>
</system-out>
</testcase>
<testcase name="Helper Functions › waitForWorkspaceReady should wait for workspace to be ready" classname="helpers.headless.spec.ts" time="12.601">
<system-out>
<![CDATA[
[[ATTACHMENT|helpers.headless-Helper-Fu-dbcfa-t-for-workspace-to-be-ready-chromium/test-finished-1.png]]

[[ATTACHMENT|helpers.headless-Helper-Fu-dbcfa-t-for-workspace-to-be-ready-chromium/video.webm]]
]]>
</system-out>
</testcase>
</testsuite>
<testsuite name="outputChannel.headless.spec.ts" timestamp="2026-01-12T22:24:21.998Z" hostname="chromium" tests="5" failures="0" skipped="0" time="58.745" errors="0">
<testcase name="Output Channel › should open output panel" classname="outputChannel.headless.spec.ts" time="12.678">
<system-out>
<![CDATA[
[[ATTACHMENT|outputChannel.headless-Out-d50ab-el-should-open-output-panel-chromium/test-failed-1.png]]

[[ATTACHMENT|outputChannel.headless-Out-d50ab-el-should-open-output-panel-chromium/video.webm]]

[[ATTACHMENT|outputChannel.headless-Out-d50ab-el-should-open-output-panel-chromium/error-context.md]]

[[ATTACHMENT|outputChannel.headless-Out-d50ab-el-should-open-output-panel-chromium/trace.zip]]

[[ATTACHMENT|outputChannel.headless-Out-d50ab-el-should-open-output-panel-chromium-retry1/test-finished-1.png]]

[[ATTACHMENT|outputChannel.headless-Out-d50ab-el-should-open-output-panel-chromium-retry1/video.webm]]
]]>
</system-out>
</testcase>
<testcase name="Output Channel › should select output channel" classname="outputChannel.headless.spec.ts" time="4.271">
<system-out>
<![CDATA[
[[ATTACHMENT|outputChannel.headless-Out-376a0-hould-select-output-channel-chromium/test-finished-1.png]]

[[ATTACHMENT|outputChannel.headless-Out-376a0-hould-select-output-channel-chromium/video.webm]]
]]>
</system-out>
</testcase>
<testcase name="Output Channel › should wait for output text" classname="outputChannel.headless.spec.ts" time="10.871">
<system-out>
<![CDATA[
[[ATTACHMENT|outputChannel.headless-Out-9a2cf-should-wait-for-output-text-chromium/test-failed-1.png]]

[[ATTACHMENT|outputChannel.headless-Out-9a2cf-should-wait-for-output-text-chromium/video.webm]]

[[ATTACHMENT|outputChannel.headless-Out-9a2cf-should-wait-for-output-text-chromium/error-context.md]]

[[ATTACHMENT|outputChannel.headless-Out-9a2cf-should-wait-for-output-text-chromium/trace.zip]]

[[ATTACHMENT|outputChannel.headless-Out-9a2cf-should-wait-for-output-text-chromium-retry1/test-finished-1.png]]

[[ATTACHMENT|outputChannel.headless-Out-9a2cf-should-wait-for-output-text-chromium-retry1/video.webm]]
]]>
</system-out>
</testcase>
<testcase name="Output Channel › should check if output contains text" classname="outputChannel.headless.spec.ts" time="20.033">
<system-out>
<![CDATA[
[[ATTACHMENT|outputChannel.headless-Out-4b6d9-eck-if-output-contains-text-chromium/test-finished-1.png]]

[[ATTACHMENT|outputChannel.headless-Out-4b6d9-eck-if-output-contains-text-chromium/video.webm]]
]]>
</system-out>
</testcase>
<testcase name="Output Channel › should clear output channel" classname="outputChannel.headless.spec.ts" time="10.892">
<system-out>
<![CDATA[
[[ATTACHMENT|outputChannel.headless-Out-c563a-should-clear-output-channel-chromium/test-failed-1.png]]

[[ATTACHMENT|outputChannel.headless-Out-c563a-should-clear-output-channel-chromium/video.webm]]

[[ATTACHMENT|outputChannel.headless-Out-c563a-should-clear-output-channel-chromium/error-context.md]]

[[ATTACHMENT|outputChannel.headless-Out-c563a-should-clear-output-channel-chromium/trace.zip]]

[[ATTACHMENT|outputChannel.headless-Out-c563a-should-clear-output-channel-chromium-retry1/test-finished-1.png]]

[[ATTACHMENT|outputChannel.headless-Out-c563a-should-clear-output-channel-chromium-retry1/video.webm]]
]]>
</system-out>
</testcase>
</testsuite>
<testsuite name="settings.headless.spec.ts" timestamp="2026-01-12T22:24:21.998Z" hostname="chromium" tests="4" failures="0" skipped="0" time="26.501" errors="0">
<testcase name="Settings › should open settings UI" classname="settings.headless.spec.ts" time="5.389">
<system-out>
<![CDATA[
[[ATTACHMENT|settings.headless-Settings-should-open-settings-UI-chromium/test-finished-1.png]]

[[ATTACHMENT|settings.headless-Settings-should-open-settings-UI-chromium/video.webm]]
]]>
</system-out>
</testcase>
<testcase name="Settings › should search for settings" classname="settings.headless.spec.ts" time="5.506">
<system-out>
<![CDATA[
[[ATTACHMENT|settings.headless-Settings-should-search-for-settings-chromium/test-finished-1.png]]

[[ATTACHMENT|settings.headless-Settings-should-search-for-settings-chromium/video.webm]]
]]>
</system-out>
</testcase>
<testcase name="Settings › should modify textbox setting" classname="settings.headless.spec.ts" time="6.713">
<system-out>
<![CDATA[
[[ATTACHMENT|settings.headless-Settings-should-modify-textbox-setting-chromium/test-finished-1.png]]

[[ATTACHMENT|settings.headless-Settings-should-modify-textbox-setting-chromium/video.webm]]
]]>
</system-out>
</testcase>
<testcase name="Settings › should modify checkbox setting" classname="settings.headless.spec.ts" time="8.893">
<system-out>
<![CDATA[
[[ATTACHMENT|settings.headless-Settings-should-modify-checkbox-setting-chromium/test-finished-1.png]]

[[ATTACHMENT|settings.headless-Settings-should-modify-checkbox-setting-chromium/video.webm]]
]]>
</system-out>
</testcase>
</testsuite>
</testsuites>