<testsuites id="" name="" tests="21" failures="1" skipped="0" errors="0" time="256.130317">
<testsuite name="commandPalette.headless.spec.ts" timestamp="2026-01-12T18:57:03.001Z" hostname="desktop-electron" tests="3" failures="0" skipped="0" time="40.861" errors="0">
<testcase name="Command Palette › should open command palette with F1" classname="commandPalette.headless.spec.ts" time="24.605">
<system-out>
<![CDATA[[Electron Console Error] %c  ERR color: #f33 [/D:/a/salesforcedx-vscode/salesforcedx-vscode/packages/playwright-vscode-ext]: property `engines` is mandatory and must be of type `object`
  at vscode-file://vscode-app/d:/a/salesforcedx-vscode/salesforcedx-vscode/packages/playwright-vscode-ext/.vscode-test/vscode-win32-x64-archive-1.108.0/resources/app/out/vs/workbench/workbench.desktop.main.js:37

[[ATTACHMENT|commandPalette.headless-Co-0aa59-pen-command-palette-with-F1-desktop-electron\test-finished-1.png]]

[[ATTACHMENT|commandPalette.headless-Co-0aa59-pen-command-palette-with-F1-desktop-electron\trace.zip]]
]]>
</system-out>
<system-err>
<![CDATA[- Resolving version...
[32m✔[39m Validated version: 1.108.0
- Found at https://update.code.visualstudio.com/1.108.0/win32-x64-archive/stable?released=true
[32m✔[39m Found at https://update.code.visualstudio.com/1.108.0/win32-x64-archive/stable?released=true
- Downloading (167.06 MB)
[32m✔[39m Downloaded VS Code into D:\a\salesforcedx-vscode\salesforcedx-vscode\packages\playwright-vscode-ext\.vscode-test\vscode-win32-x64-archive-1.108.0
]]>
</system-err>
</testcase>
<testcase name="Command Palette › should execute command via command palette" classname="commandPalette.headless.spec.ts" time="8.904">
<system-out>
<![CDATA[[Electron Console Error] %c  ERR color: #f33 [/D:/a/salesforcedx-vscode/salesforcedx-vscode/packages/playwright-vscode-ext]: property `engines` is mandatory and must be of type `object`
  at vscode-file://vscode-app/d:/a/salesforcedx-vscode/salesforcedx-vscode/packages/playwright-vscode-ext/.vscode-test/vscode-win32-x64-archive-1.108.0/resources/app/out/vs/workbench/workbench.desktop.main.js:37

[[ATTACHMENT|commandPalette.headless-Co-16549-command-via-command-palette-desktop-electron\test-finished-1.png]]

[[ATTACHMENT|commandPalette.headless-Co-16549-command-via-command-palette-desktop-electron\trace.zip]]
]]>
</system-out>
</testcase>
<testcase name="Command Palette › should support command palette with Ctrl+Shift+P" classname="commandPalette.headless.spec.ts" time="7.352">
<system-out>
<![CDATA[[Electron Console Error] %c  ERR color: #f33 [/D:/a/salesforcedx-vscode/salesforcedx-vscode/packages/playwright-vscode-ext]: property `engines` is mandatory and must be of type `object`
  at vscode-file://vscode-app/d:/a/salesforcedx-vscode/salesforcedx-vscode/packages/playwright-vscode-ext/.vscode-test/vscode-win32-x64-archive-1.108.0/resources/app/out/vs/workbench/workbench.desktop.main.js:37

[[ATTACHMENT|commandPalette.headless-Co-1a00a-d-palette-with-Ctrl-Shift-P-desktop-electron\test-finished-1.png]]

[[ATTACHMENT|commandPalette.headless-Co-1a00a-d-palette-with-Ctrl-Shift-P-desktop-electron\trace.zip]]
]]>
</system-out>
</testcase>
</testsuite>
<testsuite name="contextMenu.headless.spec.ts" timestamp="2026-01-12T18:57:03.001Z" hostname="desktop-electron" tests="2" failures="1" skipped="0" time="33.427" errors="0">
<testcase name="Context Menu › should execute editor context menu command" classname="contextMenu.headless.spec.ts" time="9.533">
<system-out>
<![CDATA[[Electron Console Error] %c  ERR color: #f33 [/D:/a/salesforcedx-vscode/salesforcedx-vscode/packages/playwright-vscode-ext]: property `engines` is mandatory and must be of type `object`
  at vscode-file://vscode-app/d:/a/salesforcedx-vscode/salesforcedx-vscode/packages/playwright-vscode-ext/.vscode-test/vscode-win32-x64-archive-1.108.0/resources/app/out/vs/workbench/workbench.desktop.main.js:37

[[ATTACHMENT|contextMenu.headless-Conte-350a4-editor-context-menu-command-desktop-electron\test-finished-1.png]]

[[ATTACHMENT|contextMenu.headless-Conte-350a4-editor-context-menu-command-desktop-electron\trace.zip]]
]]>
</system-out>
</testcase>
<testcase name="Context Menu › should execute explorer context menu command" classname="contextMenu.headless.spec.ts" time="23.894">
<failure message="contextMenu.headless.spec.ts:49:7 should execute explorer context menu command" type="FAILURE">
<![CDATA[  [desktop-electron] › contextMenu.headless.spec.ts:49:7 › Context Menu › should execute explorer context menu command › Verify explorer view is accessible 

    Error: expect(locator).toBeVisible() failed

    Locator: getByRole('heading', { name: 'Explorer' })
    Expected: visible
    Error: strict mode violation: getByRole('heading', { name: 'Explorer' }) resolved to 2 elements:
        1) <h2 draggable="true" custom-hover="true">Explorer</h2> aka getByRole('heading', { name: 'Explorer', exact: true })
        2) <h3 class="title" custom-hover="true" aria-label="Explorer Section: vscode-orgbrowser-test-DMcJIj">vscode-orgbrowser-test-DMcJIj</h3> aka getByRole('button', { name: 'Explorer Section: vscode-' })

    Call log:
      - Expect "toBeVisible" with timeout 5000ms
      - waiting for getByRole('heading', { name: 'Explorer' })


      56 |       // Wait for explorer heading to confirm it's visible
      57 |       const explorerHeading = page.getByRole('heading', { name: 'Explorer' });
    > 58 |       await expect(explorerHeading).toBeVisible({ timeout: 5000 });
         |                                     ^
      59 |
      60 |       // Note: Without a workspace folder, there's no file/folder tree to right-click on.
      61 |       // The "NO FOLDER OPENED" state doesn't support context menus.
        at D:\a\salesforcedx-vscode\salesforcedx-vscode\packages\playwright-vscode-ext\test\playwright\specs\contextMenu.headless.spec.ts:58:37
        at D:\a\salesforcedx-vscode\salesforcedx-vscode\packages\playwright-vscode-ext\test\playwright\specs\contextMenu.headless.spec.ts:52:5

    attachment #1: screenshot (image/png) ──────────────────────────────────────────────────────────
    ..\..\..\test-results\contextMenu.headless-Conte-a6810-plorer-context-menu-command-desktop-electron\test-failed-1.png
    ────────────────────────────────────────────────────────────────────────────────────────────────

    Error Context: ..\..\..\test-results\contextMenu.headless-Conte-a6810-plorer-context-menu-command-desktop-electron\error-context.md

    attachment #3: trace (application/zip) ─────────────────────────────────────────────────────────
    ..\..\..\test-results\contextMenu.headless-Conte-a6810-plorer-context-menu-command-desktop-electron\trace.zip
    Usage:

        npx playwright show-trace ..\..\..\test-results\contextMenu.headless-Conte-a6810-plorer-context-menu-command-desktop-electron\trace.zip

    ────────────────────────────────────────────────────────────────────────────────────────────────

    Retry #1 ───────────────────────────────────────────────────────────────────────────────────────

    Error: expect(locator).toBeVisible() failed

    Locator: getByRole('heading', { name: 'Explorer' })
    Expected: visible
    Error: strict mode violation: getByRole('heading', { name: 'Explorer' }) resolved to 2 elements:
        1) <h2 draggable="true" custom-hover="true">Explorer</h2> aka getByRole('heading', { name: 'Explorer', exact: true })
        2) <h3 class="title" custom-hover="true" aria-label="Explorer Section: vscode-orgbrowser-test-jr6Rmc">vscode-orgbrowser-test-jr6Rmc</h3> aka getByRole('button', { name: 'Explorer Section: vscode-' })

    Call log:
      - Expect "toBeVisible" with timeout 5000ms
      - waiting for getByRole('heading', { name: 'Explorer' })


      56 |       // Wait for explorer heading to confirm it's visible
      57 |       const explorerHeading = page.getByRole('heading', { name: 'Explorer' });
    > 58 |       await expect(explorerHeading).toBeVisible({ timeout: 5000 });
         |                                     ^
      59 |
      60 |       // Note: Without a workspace folder, there's no file/folder tree to right-click on.
      61 |       // The "NO FOLDER OPENED" state doesn't support context menus.
        at D:\a\salesforcedx-vscode\salesforcedx-vscode\packages\playwright-vscode-ext\test\playwright\specs\contextMenu.headless.spec.ts:58:37
        at D:\a\salesforcedx-vscode\salesforcedx-vscode\packages\playwright-vscode-ext\test\playwright\specs\contextMenu.headless.spec.ts:52:5

    attachment #1: screenshot (image/png) ──────────────────────────────────────────────────────────
    ..\..\..\test-results\contextMenu.headless-Conte-a6810-plorer-context-menu-command-desktop-electron-retry1\test-failed-1.png
    ────────────────────────────────────────────────────────────────────────────────────────────────

    Error Context: ..\..\..\test-results\contextMenu.headless-Conte-a6810-plorer-context-menu-command-desktop-electron-retry1\error-context.md

    attachment #3: trace (application/zip) ─────────────────────────────────────────────────────────
    ..\..\..\test-results\contextMenu.headless-Conte-a6810-plorer-context-menu-command-desktop-electron-retry1\trace.zip
    Usage:

        npx playwright show-trace ..\..\..\test-results\contextMenu.headless-Conte-a6810-plorer-context-menu-command-desktop-electron-retry1\trace.zip

    ────────────────────────────────────────────────────────────────────────────────────────────────

    Retry #2 ───────────────────────────────────────────────────────────────────────────────────────

    Error: expect(locator).toBeVisible() failed

    Locator: getByRole('heading', { name: 'Explorer' })
    Expected: visible
    Error: strict mode violation: getByRole('heading', { name: 'Explorer' }) resolved to 2 elements:
        1) <h2 draggable="true" custom-hover="true">Explorer</h2> aka getByRole('heading', { name: 'Explorer', exact: true })
        2) <h3 class="title" custom-hover="true" aria-label="Explorer Section: vscode-orgbrowser-test-gGjGDw">vscode-orgbrowser-test-gGjGDw</h3> aka getByRole('button', { name: 'Explorer Section: vscode-' })

    Call log:
      - Expect "toBeVisible" with timeout 5000ms
      - waiting for getByRole('heading', { name: 'Explorer' })


      56 |       // Wait for explorer heading to confirm it's visible
      57 |       const explorerHeading = page.getByRole('heading', { name: 'Explorer' });
    > 58 |       await expect(explorerHeading).toBeVisible({ timeout: 5000 });
         |                                     ^
      59 |
      60 |       // Note: Without a workspace folder, there's no file/folder tree to right-click on.
      61 |       // The "NO FOLDER OPENED" state doesn't support context menus.
        at D:\a\salesforcedx-vscode\salesforcedx-vscode\packages\playwright-vscode-ext\test\playwright\specs\contextMenu.headless.spec.ts:58:37
        at D:\a\salesforcedx-vscode\salesforcedx-vscode\packages\playwright-vscode-ext\test\playwright\specs\contextMenu.headless.spec.ts:52:5

    attachment #1: screenshot (image/png) ──────────────────────────────────────────────────────────
    ..\..\..\test-results\contextMenu.headless-Conte-a6810-plorer-context-menu-command-desktop-electron-retry2\test-failed-1.png
    ────────────────────────────────────────────────────────────────────────────────────────────────

    Error Context: ..\..\..\test-results\contextMenu.headless-Conte-a6810-plorer-context-menu-command-desktop-electron-retry2\error-context.md

    attachment #3: trace (application/zip) ─────────────────────────────────────────────────────────
    ..\..\..\test-results\contextMenu.headless-Conte-a6810-plorer-context-menu-command-desktop-electron-retry2\trace.zip
    Usage:

        npx playwright show-trace ..\..\..\test-results\contextMenu.headless-Conte-a6810-plorer-context-menu-command-desktop-electron-retry2\trace.zip

    ────────────────────────────────────────────────────────────────────────────────────────────────
]]>
</failure>
<system-out>
<![CDATA[[Electron Console Error] %c  ERR color: #f33 [/D:/a/salesforcedx-vscode/salesforcedx-vscode/packages/playwright-vscode-ext]: property `engines` is mandatory and must be of type `object`
  at vscode-file://vscode-app/d:/a/salesforcedx-vscode/salesforcedx-vscode/packages/playwright-vscode-ext/.vscode-test/vscode-win32-x64-archive-1.108.0/resources/app/out/vs/workbench/workbench.desktop.main.js:37

[[ATTACHMENT|contextMenu.headless-Conte-a6810-plorer-context-menu-command-desktop-electron\test-failed-1.png]]

[[ATTACHMENT|contextMenu.headless-Conte-a6810-plorer-context-menu-command-desktop-electron\error-context.md]]

[[ATTACHMENT|contextMenu.headless-Conte-a6810-plorer-context-menu-command-desktop-electron\trace.zip]]
[Electron Console Error] %c  ERR color: #f33 [/D:/a/salesforcedx-vscode/salesforcedx-vscode/packages/playwright-vscode-ext]: property `engines` is mandatory and must be of type `object`
  at vscode-file://vscode-app/d:/a/salesforcedx-vscode/salesforcedx-vscode/packages/playwright-vscode-ext/.vscode-test/vscode-win32-x64-archive-1.108.0/resources/app/out/vs/workbench/workbench.desktop.main.js:37

[[ATTACHMENT|contextMenu.headless-Conte-a6810-plorer-context-menu-command-desktop-electron-retry1\test-failed-1.png]]

[[ATTACHMENT|contextMenu.headless-Conte-a6810-plorer-context-menu-command-desktop-electron-retry1\error-context.md]]

[[ATTACHMENT|contextMenu.headless-Conte-a6810-plorer-context-menu-command-desktop-electron-retry1\trace.zip]]
[Electron Console Error] %c  ERR color: #f33 [/D:/a/salesforcedx-vscode/salesforcedx-vscode/packages/playwright-vscode-ext]: property `engines` is mandatory and must be of type `object`
  at vscode-file://vscode-app/d:/a/salesforcedx-vscode/salesforcedx-vscode/packages/playwright-vscode-ext/.vscode-test/vscode-win32-x64-archive-1.108.0/resources/app/out/vs/workbench/workbench.desktop.main.js:37

[[ATTACHMENT|contextMenu.headless-Conte-a6810-plorer-context-menu-command-desktop-electron-retry2\test-failed-1.png]]

[[ATTACHMENT|contextMenu.headless-Conte-a6810-plorer-context-menu-command-desktop-electron-retry2\error-context.md]]

[[ATTACHMENT|contextMenu.headless-Conte-a6810-plorer-context-menu-command-desktop-electron-retry2\trace.zip]]
]]>
</system-out>
<system-err>
<![CDATA[- Resolving version...
[32m✔[39m Validated version: 1.108.0
[32m✔[39m Found existing install in D:\a\salesforcedx-vscode\salesforcedx-vscode\packages\playwright-vscode-ext\.vscode-test\vscode-win32-x64-archive-1.108.0
- Resolving version...
[32m✔[39m Validated version: 1.108.0
[32m✔[39m Found existing install in D:\a\salesforcedx-vscode\salesforcedx-vscode\packages\playwright-vscode-ext\.vscode-test\vscode-win32-x64-archive-1.108.0
]]>
</system-err>
</testcase>
</testsuite>
<testsuite name="fileOperations.headless.spec.ts" timestamp="2026-01-12T18:57:03.001Z" hostname="desktop-electron" tests="4" failures="0" skipped="0" time="64.323" errors="0">
<testcase name="File Operations › should create file with contents" classname="fileOperations.headless.spec.ts" time="9.979">
<system-out>
<![CDATA[[Electron Console Error] %c  ERR color: #f33 [/D:/a/salesforcedx-vscode/salesforcedx-vscode/packages/playwright-vscode-ext]: property `engines` is mandatory and must be of type `object`
  at vscode-file://vscode-app/d:/a/salesforcedx-vscode/salesforcedx-vscode/packages/playwright-vscode-ext/.vscode-test/vscode-win32-x64-archive-1.108.0/resources/app/out/vs/workbench/workbench.desktop.main.js:37

[[ATTACHMENT|fileOperations.headless-Fi-c1f34-d-create-file-with-contents-desktop-electron\test-finished-1.png]]

[[ATTACHMENT|fileOperations.headless-Fi-c1f34-d-create-file-with-contents-desktop-electron\trace.zip]]
]]>
</system-out>
<system-err>
<![CDATA[- Resolving version...
[32m✔[39m Validated version: 1.108.0
[32m✔[39m Found existing install in D:\a\salesforcedx-vscode\salesforcedx-vscode\packages\playwright-vscode-ext\.vscode-test\vscode-win32-x64-archive-1.108.0
]]>
</system-err>
</testcase>
<testcase name="File Operations › should switch between multiple files" classname="fileOperations.headless.spec.ts" time="24.31">
<system-out>
<![CDATA[[Electron Console Error] %c  ERR color: #f33 [/D:/a/salesforcedx-vscode/salesforcedx-vscode/packages/playwright-vscode-ext]: property `engines` is mandatory and must be of type `object`
  at vscode-file://vscode-app/d:/a/salesforcedx-vscode/salesforcedx-vscode/packages/playwright-vscode-ext/.vscode-test/vscode-win32-x64-archive-1.108.0/resources/app/out/vs/workbench/workbench.desktop.main.js:37

[[ATTACHMENT|fileOperations.headless-Fi-85b37-itch-between-multiple-files-desktop-electron\test-failed-1.png]]

[[ATTACHMENT|fileOperations.headless-Fi-85b37-itch-between-multiple-files-desktop-electron\error-context.md]]

[[ATTACHMENT|fileOperations.headless-Fi-85b37-itch-between-multiple-files-desktop-electron\trace.zip]]
[Electron Console Error] %c  ERR color: #f33 [/D:/a/salesforcedx-vscode/salesforcedx-vscode/packages/playwright-vscode-ext]: property `engines` is mandatory and must be of type `object`
  at vscode-file://vscode-app/d:/a/salesforcedx-vscode/salesforcedx-vscode/packages/playwright-vscode-ext/.vscode-test/vscode-win32-x64-archive-1.108.0/resources/app/out/vs/workbench/workbench.desktop.main.js:37

[[ATTACHMENT|fileOperations.headless-Fi-85b37-itch-between-multiple-files-desktop-electron-retry1\test-finished-1.png]]

[[ATTACHMENT|fileOperations.headless-Fi-85b37-itch-between-multiple-files-desktop-electron-retry1\trace.zip]]
]]>
</system-out>
<system-err>
<![CDATA[- Resolving version...
[32m✔[39m Validated version: 1.108.0
[32m✔[39m Found existing install in D:\a\salesforcedx-vscode\salesforcedx-vscode\packages\playwright-vscode-ext\.vscode-test\vscode-win32-x64-archive-1.108.0
]]>
</system-err>
</testcase>
<testcase name="File Operations › should edit open file" classname="fileOperations.headless.spec.ts" time="9.837">
<system-out>
<![CDATA[[Electron Console Error] %c  ERR color: #f33 [/D:/a/salesforcedx-vscode/salesforcedx-vscode/packages/playwright-vscode-ext]: property `engines` is mandatory and must be of type `object`
  at vscode-file://vscode-app/d:/a/salesforcedx-vscode/salesforcedx-vscode/packages/playwright-vscode-ext/.vscode-test/vscode-win32-x64-archive-1.108.0/resources/app/out/vs/workbench/workbench.desktop.main.js:37

[[ATTACHMENT|fileOperations.headless-Fi-d5982-tions-should-edit-open-file-desktop-electron\test-finished-1.png]]

[[ATTACHMENT|fileOperations.headless-Fi-d5982-tions-should-edit-open-file-desktop-electron\trace.zip]]
]]>
</system-out>
</testcase>
<testcase name="File Operations › should show dirty indicator when file has unsaved changes" classname="fileOperations.headless.spec.ts" time="20.197">
<system-out>
<![CDATA[[Electron Console Error] %c  ERR color: #f33 [/D:/a/salesforcedx-vscode/salesforcedx-vscode/packages/playwright-vscode-ext]: property `engines` is mandatory and must be of type `object`
  at vscode-file://vscode-app/d:/a/salesforcedx-vscode/salesforcedx-vscode/packages/playwright-vscode-ext/.vscode-test/vscode-win32-x64-archive-1.108.0/resources/app/out/vs/workbench/workbench.desktop.main.js:37

[[ATTACHMENT|fileOperations.headless-Fi-4eb77-en-file-has-unsaved-changes-desktop-electron\test-failed-1.png]]

[[ATTACHMENT|fileOperations.headless-Fi-4eb77-en-file-has-unsaved-changes-desktop-electron\error-context.md]]

[[ATTACHMENT|fileOperations.headless-Fi-4eb77-en-file-has-unsaved-changes-desktop-electron\trace.zip]]
[Electron Console Error] %c  ERR color: #f33 [/D:/a/salesforcedx-vscode/salesforcedx-vscode/packages/playwright-vscode-ext]: property `engines` is mandatory and must be of type `object`
  at vscode-file://vscode-app/d:/a/salesforcedx-vscode/salesforcedx-vscode/packages/playwright-vscode-ext/.vscode-test/vscode-win32-x64-archive-1.108.0/resources/app/out/vs/workbench/workbench.desktop.main.js:37

[[ATTACHMENT|fileOperations.headless-Fi-4eb77-en-file-has-unsaved-changes-desktop-electron-retry1\test-finished-1.png]]

[[ATTACHMENT|fileOperations.headless-Fi-4eb77-en-file-has-unsaved-changes-desktop-electron-retry1\trace.zip]]
]]>
</system-out>
<system-err>
<![CDATA[- Resolving version...
[32m✔[39m Validated version: 1.108.0
[32m✔[39m Found existing install in D:\a\salesforcedx-vscode\salesforcedx-vscode\packages\playwright-vscode-ext\.vscode-test\vscode-win32-x64-archive-1.108.0
]]>
</system-err>
</testcase>
</testsuite>
<testsuite name="helpers.headless.spec.ts" timestamp="2026-01-12T18:57:03.001Z" hostname="desktop-electron" tests="3" failures="0" skipped="0" time="22.241" errors="0">
<testcase name="Helper Functions › waitForVSCodeWorkbench should wait for workbench to load" classname="helpers.headless.spec.ts" time="6.311">
<system-out>
<![CDATA[[Electron Console Error] %c  ERR color: #f33 [/D:/a/salesforcedx-vscode/salesforcedx-vscode/packages/playwright-vscode-ext]: property `engines` is mandatory and must be of type `object`
  at vscode-file://vscode-app/d:/a/salesforcedx-vscode/salesforcedx-vscode/packages/playwright-vscode-ext/.vscode-test/vscode-win32-x64-archive-1.108.0/resources/app/out/vs/workbench/workbench.desktop.main.js:37
[Electron Console Error] %c  ERR color: #f33 Canceled: Canceled
    at I1 (vscode-file://vscode-app/d:/a/salesforcedx-vscode/salesforcedx-vscode/packages/playwright-vscode-ext/.vscode-test/vscode-win32-x64-archive-1.108.0/resources/app/out/vs/workbench/workbench.desktop.main.js:7:1281)
    at vscode-file://vscode-app/d:/a/salesforcedx-vscode/salesforcedx-vscode/packages/playwright-vscode-ext/.vscode-test/vscode-win32-x64-archive-1.108.0/resources/app/out/vs/workbench/workbench.desktop.main.js:3912:37831
    at Array.forEach (<anonymous>)
    at FPt.dispose (vscode-file://vscode-app/d:/a/salesforcedx-vscode/salesforcedx-vscode/packages/playwright-vscode-ext/.vscode-test/vscode-win32-x64-archive-1.108.0/resources/app/out/vs/workbench/workbench.desktop.main.js:3912:37771)
    at m$e.dispose (vscode-file://vscode-app/d:/a/salesforcedx-vscode/salesforcedx-vscode/packages/playwright-vscode-ext/.vscode-test/vscode-win32-x64-archive-1.108.0/resources/app/out/vs/workbench/workbench.desktop.main.js:3912:49448)
    at _kn.dispose (vscode-file://vscode-app/d:/a/salesforcedx-vscode/salesforcedx-vscode/packages/playwright-vscode-ext/.vscode-test/vscode-win32-x64-archive-1.108.0/resources/app/out/vs/workbench/workbench.desktop.main.js:3919:7743)
    at Ukn.stopAllInReverse (vscode-file://vscode-app/d:/a/salesforcedx-vscode/salesforcedx-vscode/packages/playwright-vscode-ext/.vscode-test/vscode-win32-x64-archive-1.108.0/resources/app/out/vs/workbench/workbench.desktop.main.js:3919:7045)
    at async nTt.vb (vscode-file://vscode-app/d:/a/salesforcedx-vscode/salesforcedx-vscode/packages/playwright-vscode-ext/.vscode-test/vscode-win32-x64-archive-1.108.0/resources/app/out/vs/workbench/workbench.desktop.main.js:3918:16049)
  at vscode-file://vscode-app/d:/a/salesforcedx-vscode/salesforcedx-vscode/packages/playwright-vscode-ext/.vscode-test/vscode-win32-x64-archive-1.108.0/resources/app/out/vs/workbench/workbench.desktop.main.js:37
[Electron Console Error] %c  ERR color: #f33 Canceled: Canceled
    at I1 (vscode-file://vscode-app/d:/a/salesforcedx-vscode/salesforcedx-vscode/packages/playwright-vscode-ext/.vscode-test/vscode-win32-x64-archive-1.108.0/resources/app/out/vs/workbench/workbench.desktop.main.js:7:1281)
    at vscode-file://vscode-app/d:/a/salesforcedx-vscode/salesforcedx-vscode/packages/playwright-vscode-ext/.vscode-test/vscode-win32-x64-archive-1.108.0/resources/app/out/vs/workbench/workbench.desktop.main.js:3912:37831
    at Array.forEach (<anonymous>)
    at FPt.dispose (vscode-file://vscode-app/d:/a/salesforcedx-vscode/salesforcedx-vscode/packages/playwright-vscode-ext/.vscode-test/vscode-win32-x64-archive-1.108.0/resources/app/out/vs/workbench/workbench.desktop.main.js:3912:37771)
    at m$e.dispose (vscode-file://vscode-app/d:/a/salesforcedx-vscode/salesforcedx-vscode/packages/playwright-vscode-ext/.vscode-test/vscode-win32-x64-archive-1.108.0/resources/app/out/vs/workbench/workbench.desktop.main.js:3912:49448)
    at _kn.dispose (vscode-file://vscode-app/d:/a/salesforcedx-vscode/salesforcedx-vscode/packages/playwright-vscode-ext/.vscode-test/vscode-win32-x64-archive-1.108.0/resources/app/out/vs/workbench/workbench.desktop.main.js:3919:7743)
    at Ukn.stopAllInReverse (vscode-file://vscode-app/d:/a/salesforcedx-vscode/salesforcedx-vscode/packages/playwright-vscode-ext/.vscode-test/vscode-win32-x64-archive-1.108.0/resources/app/out/vs/workbench/workbench.desktop.main.js:3919:7045)
    at async nTt.vb (vscode-file://vscode-app/d:/a/salesforcedx-vscode/salesforcedx-vscode/packages/playwright-vscode-ext/.vscode-test/vscode-win32-x64-archive-1.108.0/resources/app/out/vs/workbench/workbench.desktop.main.js:3918:16049)
  at vscode-file://vscode-app/d:/a/salesforcedx-vscode/salesforcedx-vscode/packages/playwright-vscode-ext/.vscode-test/vscode-win32-x64-archive-1.108.0/resources/app/out/vs/workbench/workbench.desktop.main.js:37
[Electron Console Error] %c  ERR color: #f33 Canceled: Canceled
    at new Dkn (vscode-file://vscode-app/d:/a/salesforcedx-vscode/salesforcedx-vscode/packages/playwright-vscode-ext/.vscode-test/vscode-win32-x64-archive-1.108.0/resources/app/out/vs/workbench/workbench.desktop.main.js:3912:36350)
    at FPt.U (vscode-file://vscode-app/d:/a/salesforcedx-vscode/salesforcedx-vscode/packages/playwright-vscode-ext/.vscode-test/vscode-win32-x64-archive-1.108.0/resources/app/out/vs/workbench/workbench.desktop.main.js:3912:41002)
    at n.<computed>.o.charCodeAt.n.<computed> (vscode-file://vscode-app/d:/a/salesforcedx-vscode/salesforcedx-vscode/packages/playwright-vscode-ext/.vscode-test/vscode-win32-x64-archive-1.108.0/resources/app/out/vs/workbench/workbench.desktop.main.js:3912:38487)
    at Sli.getSessions (vscode-file://vscode-app/d:/a/salesforcedx-vscode/salesforcedx-vscode/packages/playwright-vscode-ext/.vscode-test/vscode-win32-x64-archive-1.108.0/resources/app/out/vs/workbench/workbench.desktop.main.js:607:74266)
    at oJe.getSessions (vscode-file://vscode-app/d:/a/salesforcedx-vscode/salesforcedx-vscode/packages/playwright-vscode-ext/.vscode-test/vscode-win32-x64-archive-1.108.0/resources/app/out/vs/workbench/workbench.desktop.main.js:607:71264)
    at oJe.getAccounts (vscode-file://vscode-app/d:/a/salesforcedx-vscode/salesforcedx-vscode/packages/playwright-vscode-ext/.vscode-test/vscode-win32-x64-archive-1.108.0/resources/app/out/vs/workbench/workbench.desktop.main.js:607:70561)
    at sJe.j (vscode-file://vscode-app/d:/a/salesforcedx-vscode/salesforcedx-vscode/packages/playwright-vscode-ext/.vscode-test/vscode-win32-x64-archive-1.108.0/resources/app/out/vs/workbench/workbench.desktop.main.js:607:64998)
    at vscode-file://vscode-app/d:/a/salesforcedx-vscode/salesforcedx-vscode/packages/playwright-vscode-ext/.vscode-test/vscode-win32-x64-archive-1.108.0/resources/app/out/vs/workbench/workbench.desktop.main.js:607:64359
    at Array.map (<anonymous>)
    at Object.factory (vscode-file://vscode-app/d:/a/salesforcedx-vscode/salesforcedx-vscode/packages/playwright-vscode-ext/.vscode-test/vscode-win32-x64-archive-1.108.0/resources/app/out/vs/workbench/workbench.desktop.main.js:607:64347)
  at vscode-file://vscode-app/d:/a/salesforcedx-vscode/salesforcedx-vscode/packages/playwright-vscode-ext/.vscode-test/vscode-win32-x64-archive-1.108.0/resources/app/out/vs/workbench/workbench.desktop.main.js:37
[Electron Console Error] %c  ERR color: #f33 Canceled: Canceled
    at new Dkn (vscode-file://vscode-app/d:/a/salesforcedx-vscode/salesforcedx-vscode/packages/playwright-vscode-ext/.vscode-test/vscode-win32-x64-archive-1.108.0/resources/app/out/vs/workbench/workbench.desktop.main.js:3912:36350)
    at FPt.U (vscode-file://vscode-app/d:/a/salesforcedx-vscode/salesforcedx-vscode/packages/playwright-vscode-ext/.vscode-test/vscode-win32-x64-archive-1.108.0/resources/app/out/vs/workbench/workbench.desktop.main.js:3912:41002)
    at n.<computed>.o.charCodeAt.n.<computed> (vscode-file://vscode-app/d:/a/salesforcedx-vscode/salesforcedx-vscode/packages/playwright-vscode-ext/.vscode-test/vscode-win32-x64-archive-1.108.0/resources/app/out/vs/workbench/workbench.desktop.main.js:3912:38487)
    at Sli.getSessions (vscode-file://vscode-app/d:/a/salesforcedx-vscode/salesforcedx-vscode/packages/playwright-vscode-ext/.vscode-test/vscode-win32-x64-archive-1.108.0/resources/app/out/vs/workbench/workbench.desktop.main.js:607:74266)
    at oJe.getSessions (vscode-file://vscode-app/d:/a/salesforcedx-vscode/salesforcedx-vscode/packages/playwright-vscode-ext/.vscode-test/vscode-win32-x64-archive-1.108.0/resources/app/out/vs/workbench/workbench.desktop.main.js:607:71264)
    at oJe.getAccounts (vscode-file://vscode-app/d:/a/salesforcedx-vscode/salesforcedx-vscode/packages/playwright-vscode-ext/.vscode-test/vscode-win32-x64-archive-1.108.0/resources/app/out/vs/workbench/workbench.desktop.main.js:607:70561)
    at sJe.j (vscode-file://vscode-app/d:/a/salesforcedx-vscode/salesforcedx-vscode/packages/playwright-vscode-ext/.vscode-test/vscode-win32-x64-archive-1.108.0/resources/app/out/vs/workbench/workbench.desktop.main.js:607:64998)
    at vscode-file://vscode-app/d:/a/salesforcedx-vscode/salesforcedx-vscode/packages/playwright-vscode-ext/.vscode-test/vscode-win32-x64-archive-1.108.0/resources/app/out/vs/workbench/workbench.desktop.main.js:607:64359
    at Array.map (<anonymous>)
    at Object.factory (vscode-file://vscode-app/d:/a/salesforcedx-vscode/salesforcedx-vscode/packages/playwright-vscode-ext/.vscode-test/vscode-win32-x64-archive-1.108.0/resources/app/out/vs/workbench/workbench.desktop.main.js:607:64347)
  at vscode-file://vscode-app/d:/a/salesforcedx-vscode/salesforcedx-vscode/packages/playwright-vscode-ext/.vscode-test/vscode-win32-x64-archive-1.108.0/resources/app/out/vs/workbench/workbench.desktop.main.js:37

[[ATTACHMENT|helpers.headless-Helper-Fu-eb15f--wait-for-workbench-to-load-desktop-electron\test-finished-1.png]]

[[ATTACHMENT|helpers.headless-Helper-Fu-eb15f--wait-for-workbench-to-load-desktop-electron\trace.zip]]
]]>
</system-out>
</testcase>
<testcase name="Helper Functions › closeWelcomeTabs should close welcome tabs" classname="helpers.headless.spec.ts" time="6.412">
<system-out>
<![CDATA[[Electron Console Error] %c  ERR color: #f33 [/D:/a/salesforcedx-vscode/salesforcedx-vscode/packages/playwright-vscode-ext]: property `engines` is mandatory and must be of type `object`
  at vscode-file://vscode-app/d:/a/salesforcedx-vscode/salesforcedx-vscode/packages/playwright-vscode-ext/.vscode-test/vscode-win32-x64-archive-1.108.0/resources/app/out/vs/workbench/workbench.desktop.main.js:37
[Electron Console Error] %c  ERR color: #f33 Canceled: Canceled
    at I1 (vscode-file://vscode-app/d:/a/salesforcedx-vscode/salesforcedx-vscode/packages/playwright-vscode-ext/.vscode-test/vscode-win32-x64-archive-1.108.0/resources/app/out/vs/workbench/workbench.desktop.main.js:7:1281)
    at vscode-file://vscode-app/d:/a/salesforcedx-vscode/salesforcedx-vscode/packages/playwright-vscode-ext/.vscode-test/vscode-win32-x64-archive-1.108.0/resources/app/out/vs/workbench/workbench.desktop.main.js:3912:37831
    at Array.forEach (<anonymous>)
    at FPt.dispose (vscode-file://vscode-app/d:/a/salesforcedx-vscode/salesforcedx-vscode/packages/playwright-vscode-ext/.vscode-test/vscode-win32-x64-archive-1.108.0/resources/app/out/vs/workbench/workbench.desktop.main.js:3912:37771)
    at m$e.dispose (vscode-file://vscode-app/d:/a/salesforcedx-vscode/salesforcedx-vscode/packages/playwright-vscode-ext/.vscode-test/vscode-win32-x64-archive-1.108.0/resources/app/out/vs/workbench/workbench.desktop.main.js:3912:49448)
    at _kn.dispose (vscode-file://vscode-app/d:/a/salesforcedx-vscode/salesforcedx-vscode/packages/playwright-vscode-ext/.vscode-test/vscode-win32-x64-archive-1.108.0/resources/app/out/vs/workbench/workbench.desktop.main.js:3919:7743)
    at Ukn.stopAllInReverse (vscode-file://vscode-app/d:/a/salesforcedx-vscode/salesforcedx-vscode/packages/playwright-vscode-ext/.vscode-test/vscode-win32-x64-archive-1.108.0/resources/app/out/vs/workbench/workbench.desktop.main.js:3919:7045)
    at async nTt.vb (vscode-file://vscode-app/d:/a/salesforcedx-vscode/salesforcedx-vscode/packages/playwright-vscode-ext/.vscode-test/vscode-win32-x64-archive-1.108.0/resources/app/out/vs/workbench/workbench.desktop.main.js:3918:16049)
  at vscode-file://vscode-app/d:/a/salesforcedx-vscode/salesforcedx-vscode/packages/playwright-vscode-ext/.vscode-test/vscode-win32-x64-archive-1.108.0/resources/app/out/vs/workbench/workbench.desktop.main.js:37
[Electron Console Error] %c  ERR color: #f33 Canceled: Canceled
    at I1 (vscode-file://vscode-app/d:/a/salesforcedx-vscode/salesforcedx-vscode/packages/playwright-vscode-ext/.vscode-test/vscode-win32-x64-archive-1.108.0/resources/app/out/vs/workbench/workbench.desktop.main.js:7:1281)
    at vscode-file://vscode-app/d:/a/salesforcedx-vscode/salesforcedx-vscode/packages/playwright-vscode-ext/.vscode-test/vscode-win32-x64-archive-1.108.0/resources/app/out/vs/workbench/workbench.desktop.main.js:3912:37831
    at Array.forEach (<anonymous>)
    at FPt.dispose (vscode-file://vscode-app/d:/a/salesforcedx-vscode/salesforcedx-vscode/packages/playwright-vscode-ext/.vscode-test/vscode-win32-x64-archive-1.108.0/resources/app/out/vs/workbench/workbench.desktop.main.js:3912:37771)
    at m$e.dispose (vscode-file://vscode-app/d:/a/salesforcedx-vscode/salesforcedx-vscode/packages/playwright-vscode-ext/.vscode-test/vscode-win32-x64-archive-1.108.0/resources/app/out/vs/workbench/workbench.desktop.main.js:3912:49448)
    at _kn.dispose (vscode-file://vscode-app/d:/a/salesforcedx-vscode/salesforcedx-vscode/packages/playwright-vscode-ext/.vscode-test/vscode-win32-x64-archive-1.108.0/resources/app/out/vs/workbench/workbench.desktop.main.js:3919:7743)
    at Ukn.stopAllInReverse (vscode-file://vscode-app/d:/a/salesforcedx-vscode/salesforcedx-vscode/packages/playwright-vscode-ext/.vscode-test/vscode-win32-x64-archive-1.108.0/resources/app/out/vs/workbench/workbench.desktop.main.js:3919:7045)
    at async nTt.vb (vscode-file://vscode-app/d:/a/salesforcedx-vscode/salesforcedx-vscode/packages/playwright-vscode-ext/.vscode-test/vscode-win32-x64-archive-1.108.0/resources/app/out/vs/workbench/workbench.desktop.main.js:3918:16049)
  at vscode-file://vscode-app/d:/a/salesforcedx-vscode/salesforcedx-vscode/packages/playwright-vscode-ext/.vscode-test/vscode-win32-x64-archive-1.108.0/resources/app/out/vs/workbench/workbench.desktop.main.js:37
[Electron Console Error] %c  ERR color: #f33 Canceled: Canceled
    at new Dkn (vscode-file://vscode-app/d:/a/salesforcedx-vscode/salesforcedx-vscode/packages/playwright-vscode-ext/.vscode-test/vscode-win32-x64-archive-1.108.0/resources/app/out/vs/workbench/workbench.desktop.main.js:3912:36350)
    at FPt.U (vscode-file://vscode-app/d:/a/salesforcedx-vscode/salesforcedx-vscode/packages/playwright-vscode-ext/.vscode-test/vscode-win32-x64-archive-1.108.0/resources/app/out/vs/workbench/workbench.desktop.main.js:3912:41002)
    at n.<computed>.o.charCodeAt.n.<computed> (vscode-file://vscode-app/d:/a/salesforcedx-vscode/salesforcedx-vscode/packages/playwright-vscode-ext/.vscode-test/vscode-win32-x64-archive-1.108.0/resources/app/out/vs/workbench/workbench.desktop.main.js:3912:38487)
    at Sli.getSessions (vscode-file://vscode-app/d:/a/salesforcedx-vscode/salesforcedx-vscode/packages/playwright-vscode-ext/.vscode-test/vscode-win32-x64-archive-1.108.0/resources/app/out/vs/workbench/workbench.desktop.main.js:607:74266)
    at oJe.getSessions (vscode-file://vscode-app/d:/a/salesforcedx-vscode/salesforcedx-vscode/packages/playwright-vscode-ext/.vscode-test/vscode-win32-x64-archive-1.108.0/resources/app/out/vs/workbench/workbench.desktop.main.js:607:71264)
    at oJe.getAccounts (vscode-file://vscode-app/d:/a/salesforcedx-vscode/salesforcedx-vscode/packages/playwright-vscode-ext/.vscode-test/vscode-win32-x64-archive-1.108.0/resources/app/out/vs/workbench/workbench.desktop.main.js:607:70561)
    at sJe.j (vscode-file://vscode-app/d:/a/salesforcedx-vscode/salesforcedx-vscode/packages/playwright-vscode-ext/.vscode-test/vscode-win32-x64-archive-1.108.0/resources/app/out/vs/workbench/workbench.desktop.main.js:607:64998)
    at vscode-file://vscode-app/d:/a/salesforcedx-vscode/salesforcedx-vscode/packages/playwright-vscode-ext/.vscode-test/vscode-win32-x64-archive-1.108.0/resources/app/out/vs/workbench/workbench.desktop.main.js:607:64359
    at Array.map (<anonymous>)
    at Object.factory (vscode-file://vscode-app/d:/a/salesforcedx-vscode/salesforcedx-vscode/packages/playwright-vscode-ext/.vscode-test/vscode-win32-x64-archive-1.108.0/resources/app/out/vs/workbench/workbench.desktop.main.js:607:64347)
  at vscode-file://vscode-app/d:/a/salesforcedx-vscode/salesforcedx-vscode/packages/playwright-vscode-ext/.vscode-test/vscode-win32-x64-archive-1.108.0/resources/app/out/vs/workbench/workbench.desktop.main.js:37
[Electron Console Error] %c  ERR color: #f33 Canceled: Canceled
    at new Dkn (vscode-file://vscode-app/d:/a/salesforcedx-vscode/salesforcedx-vscode/packages/playwright-vscode-ext/.vscode-test/vscode-win32-x64-archive-1.108.0/resources/app/out/vs/workbench/workbench.desktop.main.js:3912:36350)
    at FPt.U (vscode-file://vscode-app/d:/a/salesforcedx-vscode/salesforcedx-vscode/packages/playwright-vscode-ext/.vscode-test/vscode-win32-x64-archive-1.108.0/resources/app/out/vs/workbench/workbench.desktop.main.js:3912:41002)
    at n.<computed>.o.charCodeAt.n.<computed> (vscode-file://vscode-app/d:/a/salesforcedx-vscode/salesforcedx-vscode/packages/playwright-vscode-ext/.vscode-test/vscode-win32-x64-archive-1.108.0/resources/app/out/vs/workbench/workbench.desktop.main.js:3912:38487)
    at Sli.getSessions (vscode-file://vscode-app/d:/a/salesforcedx-vscode/salesforcedx-vscode/packages/playwright-vscode-ext/.vscode-test/vscode-win32-x64-archive-1.108.0/resources/app/out/vs/workbench/workbench.desktop.main.js:607:74266)
    at oJe.getSessions (vscode-file://vscode-app/d:/a/salesforcedx-vscode/salesforcedx-vscode/packages/playwright-vscode-ext/.vscode-test/vscode-win32-x64-archive-1.108.0/resources/app/out/vs/workbench/workbench.desktop.main.js:607:71264)
    at oJe.getAccounts (vscode-file://vscode-app/d:/a/salesforcedx-vscode/salesforcedx-vscode/packages/playwright-vscode-ext/.vscode-test/vscode-win32-x64-archive-1.108.0/resources/app/out/vs/workbench/workbench.desktop.main.js:607:70561)
    at sJe.j (vscode-file://vscode-app/d:/a/salesforcedx-vscode/salesforcedx-vscode/packages/playwright-vscode-ext/.vscode-test/vscode-win32-x64-archive-1.108.0/resources/app/out/vs/workbench/workbench.desktop.main.js:607:64998)
    at vscode-file://vscode-app/d:/a/salesforcedx-vscode/salesforcedx-vscode/packages/playwright-vscode-ext/.vscode-test/vscode-win32-x64-archive-1.108.0/resources/app/out/vs/workbench/workbench.desktop.main.js:607:64359
    at Array.map (<anonymous>)
    at Object.factory (vscode-file://vscode-app/d:/a/salesforcedx-vscode/salesforcedx-vscode/packages/playwright-vscode-ext/.vscode-test/vscode-win32-x64-archive-1.108.0/resources/app/out/vs/workbench/workbench.desktop.main.js:607:64347)
  at vscode-file://vscode-app/d:/a/salesforcedx-vscode/salesforcedx-vscode/packages/playwright-vscode-ext/.vscode-test/vscode-win32-x64-archive-1.108.0/resources/app/out/vs/workbench/workbench.desktop.main.js:37

[[ATTACHMENT|helpers.headless-Helper-Fu-ff03a-s-should-close-welcome-tabs-desktop-electron\test-finished-1.png]]

[[ATTACHMENT|helpers.headless-Helper-Fu-ff03a-s-should-close-welcome-tabs-desktop-electron\trace.zip]]
]]>
</system-out>
</testcase>
<testcase name="Helper Functions › waitForWorkspaceReady should wait for workspace to be ready" classname="helpers.headless.spec.ts" time="9.518">
<system-out>
<![CDATA[[Electron Console Error] %c  ERR color: #f33 [/D:/a/salesforcedx-vscode/salesforcedx-vscode/packages/playwright-vscode-ext]: property `engines` is mandatory and must be of type `object`
  at vscode-file://vscode-app/d:/a/salesforcedx-vscode/salesforcedx-vscode/packages/playwright-vscode-ext/.vscode-test/vscode-win32-x64-archive-1.108.0/resources/app/out/vs/workbench/workbench.desktop.main.js:37

[[ATTACHMENT|helpers.headless-Helper-Fu-dbcfa-t-for-workspace-to-be-ready-desktop-electron\test-finished-1.png]]

[[ATTACHMENT|helpers.headless-Helper-Fu-dbcfa-t-for-workspace-to-be-ready-desktop-electron\trace.zip]]
]]>
</system-out>
</testcase>
</testsuite>
<testsuite name="outputChannel.headless.spec.ts" timestamp="2026-01-12T18:57:03.001Z" hostname="desktop-electron" tests="5" failures="0" skipped="0" time="53.531" errors="0">
<testcase name="Output Channel › should open output panel" classname="outputChannel.headless.spec.ts" time="10.727">
<system-out>
<![CDATA[[Electron Console Error] %c  ERR color: #f33 [/D:/a/salesforcedx-vscode/salesforcedx-vscode/packages/playwright-vscode-ext]: property `engines` is mandatory and must be of type `object`
  at vscode-file://vscode-app/d:/a/salesforcedx-vscode/salesforcedx-vscode/packages/playwright-vscode-ext/.vscode-test/vscode-win32-x64-archive-1.108.0/resources/app/out/vs/workbench/workbench.desktop.main.js:37

[[ATTACHMENT|outputChannel.headless-Out-d50ab-el-should-open-output-panel-desktop-electron\test-finished-1.png]]

[[ATTACHMENT|outputChannel.headless-Out-d50ab-el-should-open-output-panel-desktop-electron\trace.zip]]
]]>
</system-out>
</testcase>
<testcase name="Output Channel › should select output channel" classname="outputChannel.headless.spec.ts" time="9.944">
<system-out>
<![CDATA[[Electron Console Error] %c  ERR color: #f33 [/D:/a/salesforcedx-vscode/salesforcedx-vscode/packages/playwright-vscode-ext]: property `engines` is mandatory and must be of type `object`
  at vscode-file://vscode-app/d:/a/salesforcedx-vscode/salesforcedx-vscode/packages/playwright-vscode-ext/.vscode-test/vscode-win32-x64-archive-1.108.0/resources/app/out/vs/workbench/workbench.desktop.main.js:37

[[ATTACHMENT|outputChannel.headless-Out-376a0-hould-select-output-channel-desktop-electron\test-finished-1.png]]

[[ATTACHMENT|outputChannel.headless-Out-376a0-hould-select-output-channel-desktop-electron\trace.zip]]
]]>
</system-out>
</testcase>
<testcase name="Output Channel › should wait for output text" classname="outputChannel.headless.spec.ts" time="10.812">
<system-out>
<![CDATA[[Electron Console Error] %c  ERR color: #f33 [/D:/a/salesforcedx-vscode/salesforcedx-vscode/packages/playwright-vscode-ext]: property `engines` is mandatory and must be of type `object`
  at vscode-file://vscode-app/d:/a/salesforcedx-vscode/salesforcedx-vscode/packages/playwright-vscode-ext/.vscode-test/vscode-win32-x64-archive-1.108.0/resources/app/out/vs/workbench/workbench.desktop.main.js:37

[[ATTACHMENT|outputChannel.headless-Out-9a2cf-should-wait-for-output-text-desktop-electron\test-finished-1.png]]

[[ATTACHMENT|outputChannel.headless-Out-9a2cf-should-wait-for-output-text-desktop-electron\trace.zip]]
]]>
</system-out>
</testcase>
<testcase name="Output Channel › should check if output contains text" classname="outputChannel.headless.spec.ts" time="11.417">
<system-out>
<![CDATA[[Electron Console Error] %c  ERR color: #f33 [/D:/a/salesforcedx-vscode/salesforcedx-vscode/packages/playwright-vscode-ext]: property `engines` is mandatory and must be of type `object`
  at vscode-file://vscode-app/d:/a/salesforcedx-vscode/salesforcedx-vscode/packages/playwright-vscode-ext/.vscode-test/vscode-win32-x64-archive-1.108.0/resources/app/out/vs/workbench/workbench.desktop.main.js:37

[[ATTACHMENT|outputChannel.headless-Out-4b6d9-eck-if-output-contains-text-desktop-electron\test-finished-1.png]]

[[ATTACHMENT|outputChannel.headless-Out-4b6d9-eck-if-output-contains-text-desktop-electron\trace.zip]]
]]>
</system-out>
</testcase>
<testcase name="Output Channel › should clear output channel" classname="outputChannel.headless.spec.ts" time="10.631">
<system-out>
<![CDATA[[Electron Console Error] %c  ERR color: #f33 [/D:/a/salesforcedx-vscode/salesforcedx-vscode/packages/playwright-vscode-ext]: property `engines` is mandatory and must be of type `object`
  at vscode-file://vscode-app/d:/a/salesforcedx-vscode/salesforcedx-vscode/packages/playwright-vscode-ext/.vscode-test/vscode-win32-x64-archive-1.108.0/resources/app/out/vs/workbench/workbench.desktop.main.js:37

[[ATTACHMENT|outputChannel.headless-Out-c563a-should-clear-output-channel-desktop-electron\test-finished-1.png]]

[[ATTACHMENT|outputChannel.headless-Out-c563a-should-clear-output-channel-desktop-electron\trace.zip]]
]]>
</system-out>
</testcase>
</testsuite>
<testsuite name="settings.headless.spec.ts" timestamp="2026-01-12T18:57:03.001Z" hostname="desktop-electron" tests="4" failures="0" skipped="0" time="33.61" errors="0">
<testcase name="Settings › should open settings UI" classname="settings.headless.spec.ts" time="7.08">
<system-out>
<![CDATA[[Electron Console Error] %c  ERR color: #f33 [/D:/a/salesforcedx-vscode/salesforcedx-vscode/packages/playwright-vscode-ext]: property `engines` is mandatory and must be of type `object`
  at vscode-file://vscode-app/d:/a/salesforcedx-vscode/salesforcedx-vscode/packages/playwright-vscode-ext/.vscode-test/vscode-win32-x64-archive-1.108.0/resources/app/out/vs/workbench/workbench.desktop.main.js:37

[[ATTACHMENT|settings.headless-Settings-should-open-settings-UI-desktop-electron\test-finished-1.png]]

[[ATTACHMENT|settings.headless-Settings-should-open-settings-UI-desktop-electron\trace.zip]]
]]>
</system-out>
</testcase>
<testcase name="Settings › should search for settings" classname="settings.headless.spec.ts" time="8.392">
<system-out>
<![CDATA[[Electron Console Error] %c  ERR color: #f33 [/D:/a/salesforcedx-vscode/salesforcedx-vscode/packages/playwright-vscode-ext]: property `engines` is mandatory and must be of type `object`
  at vscode-file://vscode-app/d:/a/salesforcedx-vscode/salesforcedx-vscode/packages/playwright-vscode-ext/.vscode-test/vscode-win32-x64-archive-1.108.0/resources/app/out/vs/workbench/workbench.desktop.main.js:37

[[ATTACHMENT|settings.headless-Settings-should-search-for-settings-desktop-electron\test-finished-1.png]]

[[ATTACHMENT|settings.headless-Settings-should-search-for-settings-desktop-electron\trace.zip]]
]]>
</system-out>
</testcase>
<testcase name="Settings › should modify textbox setting" classname="settings.headless.spec.ts" time="8.89">
<system-out>
<![CDATA[[Electron Console Error] %c  ERR color: #f33 [/D:/a/salesforcedx-vscode/salesforcedx-vscode/packages/playwright-vscode-ext]: property `engines` is mandatory and must be of type `object`
  at vscode-file://vscode-app/d:/a/salesforcedx-vscode/salesforcedx-vscode/packages/playwright-vscode-ext/.vscode-test/vscode-win32-x64-archive-1.108.0/resources/app/out/vs/workbench/workbench.desktop.main.js:37

[[ATTACHMENT|settings.headless-Settings-should-modify-textbox-setting-desktop-electron\test-finished-1.png]]

[[ATTACHMENT|settings.headless-Settings-should-modify-textbox-setting-desktop-electron\trace.zip]]
]]>
</system-out>
</testcase>
<testcase name="Settings › should modify checkbox setting" classname="settings.headless.spec.ts" time="9.248">
<system-out>
<![CDATA[[Electron Console Error] %c  ERR color: #f33 [/D:/a/salesforcedx-vscode/salesforcedx-vscode/packages/playwright-vscode-ext]: property `engines` is mandatory and must be of type `object`
  at vscode-file://vscode-app/d:/a/salesforcedx-vscode/salesforcedx-vscode/packages/playwright-vscode-ext/.vscode-test/vscode-win32-x64-archive-1.108.0/resources/app/out/vs/workbench/workbench.desktop.main.js:37

[[ATTACHMENT|settings.headless-Settings-should-modify-checkbox-setting-desktop-electron\test-finished-1.png]]

[[ATTACHMENT|settings.headless-Settings-should-modify-checkbox-setting-desktop-electron\trace.zip]]
]]>
</system-out>
</testcase>
</testsuite>
</testsuites>